Log file open, 07/28/20 10:31:33
LogWindows: Failed to load 'aqProf.dll' (GetLastError=126)
LogWindows: File 'aqProf.dll' does not exist
LogWindows: Failed to load 'VtuneApi.dll' (GetLastError=126)
LogWindows: File 'VtuneApi.dll' does not exist
LogWindows: Failed to load 'VtuneApi32e.dll' (GetLastError=126)
LogWindows: File 'VtuneApi32e.dll' does not exist
LogConsoleResponse: Display: Failed to find resolution value strings in scalability ini. Falling back to default.
LogInit: Display: Running engine for game: Guudo
LogPlatformFile: Not using cached read wrapper
LogTaskGraph: Started task graph with 5 named threads and 23 total threads with 3 sets of task threads.
LogStats: Stats thread started at 0.066989
LogD3D11RHI: Loaded GFSDK_Aftermath_Lib.x64.dll
LogICUInternationalization: ICU TimeZone Detection - Raw Offset: +10:00, Platform Override: ''
LogPluginManager: Mounting plugin Paper2D
LogPluginManager: Mounting plugin AISupport
LogPluginManager: Mounting plugin LightPropagationVolume
LogPluginManager: Mounting plugin ActorLayerUtilities
LogPluginManager: Mounting plugin AnimationSharing
LogPluginManager: Mounting plugin CLionSourceCodeAccess
LogPluginManager: Mounting plugin CodeLiteSourceCodeAccess
LogPluginManager: Mounting plugin GitSourceControl
LogPluginManager: Mounting plugin KDevelopSourceCodeAccess
LogPluginManager: Mounting plugin NullSourceCodeAccess
LogPluginManager: Mounting plugin PerforceSourceControl
LogPluginManager: Mounting plugin SubversionSourceControl
LogPluginManager: Mounting plugin UObjectPlugin
LogPluginManager: Mounting plugin VisualStudioCodeSourceCodeAccess
LogPluginManager: Mounting plugin VisualStudioSourceCodeAccess
LogPluginManager: Mounting plugin XCodeSourceCodeAccess
LogPluginManager: Mounting plugin AssetManagerEditor
LogPluginManager: Mounting plugin CryptoKeys
LogPluginManager: Mounting plugin CurveEditorTools
LogPluginManager: Mounting plugin DataValidation
LogPluginManager: Mounting plugin FacialAnimation
LogPluginManager: Mounting plugin GameplayTagsEditor
LogPluginManager: Mounting plugin MacGraphicsSwitching
LogPluginManager: Mounting plugin MaterialAnalyzer
LogPluginManager: Mounting plugin MobileLauncherProfileWizard
LogPluginManager: Mounting plugin PluginBrowser
LogPluginManager: Mounting plugin SpeedTreeImporter
LogPluginManager: Mounting plugin DatasmithContent
LogPluginManager: Mounting plugin VariantManagerContent
LogPluginManager: Mounting plugin AlembicImporter
LogPluginManager: Mounting plugin AutomationUtils
LogPluginManager: Mounting plugin BackChannel
LogPluginManager: Mounting plugin CharacterAI
LogPluginManager: Mounting plugin GeometryCache
LogPluginManager: Mounting plugin HTML5Networking
LogPluginManager: Mounting plugin PlatformCrypto
LogPluginManager: Mounting plugin ProxyLODPlugin
LogPluginManager: Mounting plugin SkeletalReduction
LogPluginManager: Mounting plugin MagicLeap
LogPluginManager: Mounting plugin MagicLeapMedia
LogPluginManager: Mounting plugin AndroidMedia
LogPluginManager: Mounting plugin AvfMedia
LogPluginManager: Mounting plugin ImgMedia
LogPluginManager: Mounting plugin MediaCompositing
LogPluginManager: Mounting plugin MediaPlayerEditor
LogPluginManager: Mounting plugin WebMMedia
LogPluginManager: Mounting plugin WmfMedia
LogPluginManager: Mounting plugin TcpMessaging
LogPluginManager: Mounting plugin UdpMessaging
LogPluginManager: Mounting plugin ActorSequence
LogPluginManager: Mounting plugin LevelSequenceEditor
LogPluginManager: Mounting plugin MatineeToLevelSequence
LogPluginManager: Mounting plugin NetcodeUnitTest
LogPluginManager: Mounting plugin NUTUnrealEngine4
LogPluginManager: Mounting plugin OnlineSubsystemGooglePlay
LogPluginManager: Mounting plugin OnlineSubsystemIOS
LogPluginManager: Mounting plugin OnlineSubsystem
LogPluginManager: Mounting plugin OnlineSubsystemNull
LogPluginManager: Mounting plugin OnlineSubsystemUtils
LogPluginManager: Mounting plugin LauncherChunkInstaller
LogPluginManager: Mounting plugin AndroidDeviceProfileSelector
LogPluginManager: Mounting plugin AndroidMoviePlayer
LogPluginManager: Mounting plugin AndroidPermission
LogPluginManager: Mounting plugin AppleImageUtils
LogPluginManager: Mounting plugin AppleMoviePlayer
LogPluginManager: Mounting plugin ArchVisCharacter
LogPluginManager: Mounting plugin AudioCapture
LogPluginManager: Mounting plugin CableComponent
LogPluginManager: Mounting plugin CustomMeshComponent
LogPluginManager: Mounting plugin EditableMesh
LogPluginManager: Mounting plugin ExampleDeviceProfileSelector
LogPluginManager: Mounting plugin GoogleCloudMessaging
LogPluginManager: Mounting plugin IOSDeviceProfileSelector
LogPluginManager: Mounting plugin LinuxDeviceProfileSelector
LogPluginManager: Mounting plugin LocationServicesBPLibrary
LogPluginManager: Mounting plugin MobilePatchingUtils
LogPluginManager: Mounting plugin OculusVR
LogPluginManager: Mounting plugin PhysXVehicles
LogPluginManager: Mounting plugin ProceduralMeshComponent
LogPluginManager: Mounting plugin RuntimePhysXCooking
LogPluginManager: Mounting plugin SignificanceManager
LogPluginManager: Mounting plugin SteamVR
LogPluginManager: Mounting plugin WebMMoviePlayer
LogPluginManager: Mounting plugin WindowsMoviePlayer
LogPluginManager: Mounting plugin ScreenshotTools
LogInit: Using libcurl 7.55.1-DEV
LogInit:  - built for x86_64-pc-win32
LogInit:  - supports SSL with OpenSSL/1.1.1
LogInit:  - supports HTTP deflate (compression) using libz 1.2.8
LogInit:  - other features:
LogInit:      CURL_VERSION_SSL
LogInit:      CURL_VERSION_LIBZ
LogInit:      CURL_VERSION_IPV6
LogInit:      CURL_VERSION_ASYNCHDNS
LogInit:      CURL_VERSION_LARGEFILE
LogInit:      CURL_VERSION_IDN
LogInit:  CurlRequestOptions (configurable via config and command line):
LogInit:  - bVerifyPeer = true  - Libcurl will verify peer certificate
LogInit:  - bUseHttpProxy = false  - Libcurl will NOT use HTTP proxy
LogInit:  - bDontReuseConnections = false  - Libcurl will reuse connections
LogInit:  - MaxHostConnections = 16  - Libcurl will limit the number of connections to a host
LogInit:  - LocalHostAddr = Default
LogInit:  - BufferSize = 65536
LogOnline: OSS: Creating online subsystem instance for: NULL
LogInit: WinSock: version 1.1 (2.2), MaxSocks=32767, MaxUdp=65467
LogInit: Build: ++UE4+Release-4.23-CL-9631420
LogInit: Engine Version: 4.23.1-9631420+++UE4+Release-4.23
LogInit: Compatible Engine Version: 4.23.0-8386587+++UE4+Release-4.23
LogInit: Net CL: 8386587
LogInit: OS: Windows 10 (Release 1909) (), CPU: Intel(R) Core(TM) i7-4770 CPU @ 3.40GHz, GPU: NVIDIA GeForce GTX 770
LogInit: Compiled (64-bit): Oct 18 2019 02:07:44
LogInit: Compiled with Visual C++: 19.16.27030.01
LogInit: Build Configuration: Development
LogInit: Branch Name: ++UE4+Release-4.23
LogInit: Command Line: 
LogInit: Base Directory: C:/Program Files/Epic Games/UE_4.23/Engine/Binaries/Win64/
LogInit: Installed Engine Build: 1
LogDevObjectVersion: Number of dev versions registered: 23
LogDevObjectVersion:   Dev-Blueprints (B0D832E4-1F89-4F0D-ACCF-7EB736FD4AA2): 10
LogDevObjectVersion:   Dev-Build (E1C64328-A22C-4D53-A36C-8E866417BD8C): 0
LogDevObjectVersion:   Dev-Core (375EC13C-06E4-48FB-B500-84F0262A717E): 3
LogDevObjectVersion:   Dev-Editor (E4B068ED-F494-42E9-A231-DA0B2E46BB41): 34
LogDevObjectVersion:   Dev-Framework (CFFC743F-43B0-4480-9391-14DF171D2073): 35
LogDevObjectVersion:   Dev-Mobile (B02B49B5-BB20-44E9-A304-32B752E40360): 2
LogDevObjectVersion:   Dev-Networking (A4E4105C-59A1-49B5-A7C5-40C4547EDFEE): 0
LogDevObjectVersion:   Dev-Online (39C831C9-5AE6-47DC-9A44-9C173E1C8E7C): 0
LogDevObjectVersion:   Dev-Physics (78F01B33-EBEA-4F98-B9B4-84EACCB95AA2): 0
LogDevObjectVersion:   Dev-Platform (6631380F-2D4D-43E0-8009-CF276956A95A): 0
LogDevObjectVersion:   Dev-Rendering (12F88B9F-8875-4AFC-A67C-D90C383ABD29): 31
LogDevObjectVersion:   Dev-Sequencer (7B5AE74C-D270-4C10-A958-57980B212A5A): 11
LogDevObjectVersion:   Dev-VR (D7296918-1DD6-4BDD-9DE2-64A83CC13884): 2
LogDevObjectVersion:   Dev-LoadTimes (C2A15278-BFE7-4AFE-6C17-90FF531DF755): 1
LogDevObjectVersion:   Private-Geometry (6EACA3D4-40EC-4CC1-B786-8BED09428FC5): 3
LogDevObjectVersion:   Dev-AnimPhys (29E575DD-E0A3-4627-9D10-D276232CDCEA): 17
LogDevObjectVersion:   Dev-Anim (AF43A65D-7FD3-4947-9873-3E8ED9C1BB05): 2
LogDevObjectVersion:   Dev-ReflectionCapture (6B266CEC-1EC7-4B8F-A30B-E4D90942FC07): 1
LogDevObjectVersion:   Dev-Automation (0DF73D61-A23F-47EA-B727-89E90C41499A): 1
LogDevObjectVersion:   FortniteMain (601D1886-AC64-4F84-AA16-D3DE0DEAC7D6): 27
LogDevObjectVersion:   Dev-Enterprise (9DFFBCD6-494F-0158-E221-12823C92A888): 6
LogDevObjectVersion:   Dev-Niagara (F2AED0AC-9AFE-416F-8664-AA7FFA26D6FC): 1
LogDevObjectVersion:   Dev-Destruction (174F1F0B-B4C6-45A5-B13F-2EE8D0FB917D): 9
LogInit: Presizing for max 16777216 objects, including 0 objects not considered by GC, pre-allocating 0 bytes for permanent pool.
LogInit: Object subsystem initialized
LogConfig: Setting CVar [[con.DebugEarlyDefault:1]]
LogConfig: Setting CVar [[r.setres:1280x720]]
[2020.07.28-00.31.33:241][  0]LogConfig: Setting CVar [[r.VSync:0]]
[2020.07.28-00.31.33:241][  0]LogConfig: Setting CVar [[r.RHICmdBypass:0]]
[2020.07.28-00.31.33:241][  0]LogConfig: Applying CVar settings from Section [/Script/Engine.RendererSettings] File [C:/Users/s191281/Documents/Omni/Guudo/Saved/Config/Windows/Engine.ini]
[2020.07.28-00.31.33:241][  0]LogConfig: Setting CVar [[r.GPUCrashDebugging:0]]
[2020.07.28-00.31.33:241][  0]LogConfig: Applying CVar settings from Section [/Script/Engine.RendererOverrideSettings] File [C:/Users/s191281/Documents/Omni/Guudo/Saved/Config/Windows/Engine.ini]
[2020.07.28-00.31.33:241][  0]LogConfig: Applying CVar settings from Section [/Script/Engine.StreamingSettings] File [C:/Users/s191281/Documents/Omni/Guudo/Saved/Config/Windows/Engine.ini]
[2020.07.28-00.31.33:241][  0]LogConfig: Setting CVar [[s.MinBulkDataSizeForAsyncLoading:131072]]
[2020.07.28-00.31.33:241][  0]LogConfig: Setting CVar [[s.AsyncLoadingThreadEnabled:0]]
[2020.07.28-00.31.33:241][  0]LogConfig: Setting CVar [[s.EventDrivenLoaderEnabled:1]]
[2020.07.28-00.31.33:241][  0]LogConfig: Setting CVar [[s.WarnIfTimeLimitExceeded:0]]
[2020.07.28-00.31.33:241][  0]LogConfig: Setting CVar [[s.TimeLimitExceededMultiplier:1.5]]
[2020.07.28-00.31.33:241][  0]LogConfig: Setting CVar [[s.TimeLimitExceededMinTime:0.005]]
[2020.07.28-00.31.33:241][  0]LogConfig: Setting CVar [[s.UseBackgroundLevelStreaming:1]]
[2020.07.28-00.31.33:241][  0]LogConfig: Setting CVar [[s.PriorityAsyncLoadingExtraTime:15.0]]
[2020.07.28-00.31.33:241][  0]LogConfig: Setting CVar [[s.LevelStreamingActorsUpdateTimeLimit:5.0]]
[2020.07.28-00.31.33:241][  0]LogConfig: Setting CVar [[s.PriorityLevelStreamingActorsUpdateExtraTime:5.0]]
[2020.07.28-00.31.33:241][  0]LogConfig: Setting CVar [[s.LevelStreamingComponentsRegistrationGranularity:10]]
[2020.07.28-00.31.33:241][  0]LogConfig: Setting CVar [[s.UnregisterComponentsTimeLimit:1.0]]
[2020.07.28-00.31.33:241][  0]LogConfig: Setting CVar [[s.LevelStreamingComponentsUnregistrationGranularity:5]]
[2020.07.28-00.31.33:241][  0]LogConfig: Applying CVar settings from Section [/Script/Engine.GarbageCollectionSettings] File [C:/Users/s191281/Documents/Omni/Guudo/Saved/Config/Windows/Engine.ini]
[2020.07.28-00.31.33:241][  0]LogConfig: Setting CVar [[gc.MaxObjectsNotConsideredByGC:1]]
[2020.07.28-00.31.33:241][  0]LogConfig: Setting CVar [[gc.SizeOfPermanentObjectPool:0]]
[2020.07.28-00.31.33:241][  0]LogConfig: Setting CVar [[gc.FlushStreamingOnGC:0]]
[2020.07.28-00.31.33:241][  0]LogConfig: Setting CVar [[gc.NumRetriesBeforeForcingGC:10]]
[2020.07.28-00.31.33:242][  0]LogConfig: Setting CVar [[gc.AllowParallelGC:1]]
[2020.07.28-00.31.33:242][  0]LogConfig: Setting CVar [[gc.TimeBetweenPurgingPendingKillObjects:61.1]]
[2020.07.28-00.31.33:242][  0]LogConfig: Setting CVar [[gc.MaxObjectsInEditor:16777216]]
[2020.07.28-00.31.33:242][  0]LogConfig: Setting CVar [[gc.IncrementalBeginDestroyEnabled:1]]
[2020.07.28-00.31.33:242][  0]LogConfig: Setting CVar [[gc.CreateGCClusters:1]]
[2020.07.28-00.31.33:242][  0]LogConfig: Setting CVar [[gc.MinGCClusterSize:5]]
[2020.07.28-00.31.33:242][  0]LogConfig: Setting CVar [[gc.ActorClusteringEnabled:0]]
[2020.07.28-00.31.33:242][  0]LogConfig: Setting CVar [[gc.BlueprintClusteringEnabled:0]]
[2020.07.28-00.31.33:242][  0]LogConfig: Setting CVar [[gc.UseDisregardForGCOnDedicatedServers:0]]
[2020.07.28-00.31.33:242][  0]LogConfig: Applying CVar settings from Section [/Script/Engine.NetworkSettings] File [C:/Users/s191281/Documents/Omni/Guudo/Saved/Config/Windows/Engine.ini]
[2020.07.28-00.31.33:242][  0]LogConfig: Applying CVar settings from Section [/Script/UnrealEd.CookerSettings] File [C:/Users/s191281/Documents/Omni/Guudo/Saved/Config/Windows/Engine.ini]
[2020.07.28-00.31.33:248][  0]LogConfig: Applying CVar settings from Section [ViewDistanceQuality@3] File [C:/Users/s191281/Documents/Omni/Guudo/Saved/Config/Windows/Scalability.ini]
[2020.07.28-00.31.33:248][  0]LogConfig: Setting CVar [[r.SkeletalMeshLODBias:0]]
[2020.07.28-00.31.33:248][  0]LogConfig: Setting CVar [[r.ViewDistanceScale:1.0]]
[2020.07.28-00.31.33:248][  0]LogConfig: Applying CVar settings from Section [AntiAliasingQuality@3] File [C:/Users/s191281/Documents/Omni/Guudo/Saved/Config/Windows/Scalability.ini]
[2020.07.28-00.31.33:248][  0]LogConfig: Setting CVar [[r.PostProcessAAQuality:4]]
[2020.07.28-00.31.33:248][  0]LogConfig: Applying CVar settings from Section [ShadowQuality@3] File [C:/Users/s191281/Documents/Omni/Guudo/Saved/Config/Windows/Scalability.ini]
[2020.07.28-00.31.33:248][  0]LogConfig: Setting CVar [[r.LightFunctionQuality:1]]
[2020.07.28-00.31.33:248][  0]LogConfig: Setting CVar [[r.ShadowQuality:5]]
[2020.07.28-00.31.33:248][  0]LogConfig: Setting CVar [[r.Shadow.CSM.MaxCascades:10]]
[2020.07.28-00.31.33:248][  0]LogConfig: Setting CVar [[r.Shadow.MaxResolution:2048]]
[2020.07.28-00.31.33:248][  0]LogConfig: Setting CVar [[r.Shadow.MaxCSMResolution:2048]]
[2020.07.28-00.31.33:248][  0]LogConfig: Setting CVar [[r.Shadow.RadiusThreshold:0.01]]
[2020.07.28-00.31.33:248][  0]LogConfig: Setting CVar [[r.Shadow.DistanceScale:1.0]]
[2020.07.28-00.31.33:248][  0]LogConfig: Setting CVar [[r.Shadow.CSM.TransitionScale:1.0]]
[2020.07.28-00.31.33:248][  0]LogConfig: Setting CVar [[r.Shadow.PreShadowResolutionFactor:1.0]]
[2020.07.28-00.31.33:248][  0]LogConfig: Setting CVar [[r.DistanceFieldShadowing:1]]
[2020.07.28-00.31.33:248][  0]LogConfig: Setting CVar [[r.DistanceFieldAO:1]]
[2020.07.28-00.31.33:248][  0]LogConfig: Setting CVar [[r.AOQuality:2]]
[2020.07.28-00.31.33:248][  0]LogConfig: Setting CVar [[r.VolumetricFog:1]]
[2020.07.28-00.31.33:248][  0]LogConfig: Setting CVar [[r.VolumetricFog.GridPixelSize:8]]
[2020.07.28-00.31.33:248][  0]LogConfig: Setting CVar [[r.VolumetricFog.GridSizeZ:128]]
[2020.07.28-00.31.33:248][  0]LogConfig: Setting CVar [[r.VolumetricFog.HistoryMissSupersampleCount:4]]
[2020.07.28-00.31.33:248][  0]LogConfig: Setting CVar [[r.LightMaxDrawDistanceScale:1]]
[2020.07.28-00.31.33:248][  0]LogConfig: Setting CVar [[r.CapsuleShadows:1]]
[2020.07.28-00.31.33:248][  0]LogConfig: Applying CVar settings from Section [PostProcessQuality@3] File [C:/Users/s191281/Documents/Omni/Guudo/Saved/Config/Windows/Scalability.ini]
[2020.07.28-00.31.33:248][  0]LogConfig: Setting CVar [[r.MotionBlurQuality:4]]
[2020.07.28-00.31.33:248][  0]LogConfig: Setting CVar [[r.AmbientOcclusionMipLevelFactor:0.4]]
[2020.07.28-00.31.33:248][  0]LogConfig: Setting CVar [[r.AmbientOcclusionMaxQuality:100]]
[2020.07.28-00.31.33:248][  0]LogConfig: Setting CVar [[r.AmbientOcclusionLevels:-1]]
[2020.07.28-00.31.33:248][  0]LogConfig: Setting CVar [[r.AmbientOcclusionRadiusScale:1.0]]
[2020.07.28-00.31.33:248][  0]LogConfig: Setting CVar [[r.DepthOfFieldQuality:2]]
[2020.07.28-00.31.33:248][  0]LogConfig: Setting CVar [[r.RenderTargetPoolMin:400]]
[2020.07.28-00.31.33:248][  0]LogConfig: Setting CVar [[r.LensFlareQuality:2]]
[2020.07.28-00.31.33:248][  0]LogConfig: Setting CVar [[r.SceneColorFringeQuality:1]]
[2020.07.28-00.31.33:248][  0]LogConfig: Setting CVar [[r.EyeAdaptationQuality:2]]
[2020.07.28-00.31.33:248][  0]LogConfig: Setting CVar [[r.BloomQuality:5]]
[2020.07.28-00.31.33:248][  0]LogConfig: Setting CVar [[r.FastBlurThreshold:100]]
[2020.07.28-00.31.33:248][  0]LogConfig: Setting CVar [[r.Upscale.Quality:3]]
[2020.07.28-00.31.33:248][  0]LogConfig: Setting CVar [[r.Tonemapper.GrainQuantization:1]]
[2020.07.28-00.31.33:248][  0]LogConfig: Setting CVar [[r.LightShaftQuality:1]]
[2020.07.28-00.31.33:248][  0]LogConfig: Setting CVar [[r.Filter.SizeScale:1]]
[2020.07.28-00.31.33:248][  0]LogConfig: Setting CVar [[r.Tonemapper.Quality:5]]
[2020.07.28-00.31.33:248][  0]LogConfig: Setting CVar [[r.DOF.Gather.AccumulatorQuality:1        ; higher gathering accumulator quality]]
[2020.07.28-00.31.33:248][  0]LogConfig: Setting CVar [[r.DOF.Gather.PostfilterMethod:1          ; Median3x3 postfilering method]]
[2020.07.28-00.31.33:249][  0]LogConfig: Setting CVar [[r.DOF.Gather.EnableBokehSettings:0       ; no bokeh simulation when gathering]]
[2020.07.28-00.31.33:249][  0]LogConfig: Setting CVar [[r.DOF.Gather.RingCount:4                 ; medium number of samples when gathering]]
[2020.07.28-00.31.33:249][  0]LogConfig: Setting CVar [[r.DOF.Scatter.ForegroundCompositing:1    ; additive foreground scattering]]
[2020.07.28-00.31.33:249][  0]LogConfig: Setting CVar [[r.DOF.Scatter.BackgroundCompositing:2    ; additive background scattering]]
[2020.07.28-00.31.33:249][  0]LogConfig: Setting CVar [[r.DOF.Scatter.EnableBokehSettings:1      ; bokeh simulation when scattering]]
[2020.07.28-00.31.33:249][  0]LogConfig: Setting CVar [[r.DOF.Scatter.MaxSpriteRatio:0.1         ; only a maximum of 10% of scattered bokeh]]
[2020.07.28-00.31.33:249][  0]LogConfig: Setting CVar [[r.DOF.Recombine.Quality:1                ; cheap slight out of focus]]
[2020.07.28-00.31.33:249][  0]LogConfig: Setting CVar [[r.DOF.Recombine.EnableBokehSettings:0    ; no bokeh simulation on slight out of focus]]
[2020.07.28-00.31.33:249][  0]LogConfig: Setting CVar [[r.DOF.TemporalAAQuality:1                ; more stable temporal accumulation]]
[2020.07.28-00.31.33:249][  0]LogConfig: Setting CVar [[r.DOF.Kernel.MaxForegroundRadius:0.025]]
[2020.07.28-00.31.33:249][  0]LogConfig: Setting CVar [[r.DOF.Kernel.MaxBackgroundRadius:0.025]]
[2020.07.28-00.31.33:249][  0]LogConfig: Applying CVar settings from Section [TextureQuality@3] File [C:/Users/s191281/Documents/Omni/Guudo/Saved/Config/Windows/Scalability.ini]
[2020.07.28-00.31.33:249][  0]LogConfig: Setting CVar [[r.Streaming.MipBias:0]]
[2020.07.28-00.31.33:249][  0]LogConfig: Setting CVar [[r.Streaming.AmortizeCPUToGPUCopy:0]]
[2020.07.28-00.31.33:249][  0]LogConfig: Setting CVar [[r.Streaming.MaxNumTexturesToStreamPerFrame:0]]
[2020.07.28-00.31.33:249][  0]LogConfig: Setting CVar [[r.Streaming.Boost:1]]
[2020.07.28-00.31.33:249][  0]LogConfig: Setting CVar [[r.MaxAnisotropy:8]]
[2020.07.28-00.31.33:249][  0]LogConfig: Setting CVar [[r.Streaming.LimitPoolSizeToVRAM:0]]
[2020.07.28-00.31.33:249][  0]LogConfig: Setting CVar [[r.Streaming.PoolSize:1000]]
[2020.07.28-00.31.33:249][  0]LogConfig: Setting CVar [[r.Streaming.MaxEffectiveScreenSize:0]]
[2020.07.28-00.31.33:249][  0]LogConfig: Applying CVar settings from Section [EffectsQuality@3] File [C:/Users/s191281/Documents/Omni/Guudo/Saved/Config/Windows/Scalability.ini]
[2020.07.28-00.31.33:249][  0]LogConfig: Setting CVar [[r.TranslucencyLightingVolumeDim:64]]
[2020.07.28-00.31.33:249][  0]LogConfig: Setting CVar [[r.RefractionQuality:2]]
[2020.07.28-00.31.33:249][  0]LogConfig: Setting CVar [[r.SSR.Quality:3]]
[2020.07.28-00.31.33:249][  0]LogConfig: Setting CVar [[r.SceneColorFormat:4]]
[2020.07.28-00.31.33:249][  0]LogConfig: Setting CVar [[r.DetailMode:2]]
[2020.07.28-00.31.33:249][  0]LogConfig: Setting CVar [[r.TranslucencyVolumeBlur:1]]
[2020.07.28-00.31.33:249][  0]LogConfig: Setting CVar [[r.MaterialQualityLevel:1 ; High quality]]
[2020.07.28-00.31.33:249][  0]LogConfig: Setting CVar [[r.SSS.Scale:1]]
[2020.07.28-00.31.33:249][  0]LogConfig: Setting CVar [[r.SSS.SampleSet:2]]
[2020.07.28-00.31.33:249][  0]LogConfig: Setting CVar [[r.SSS.Quality:1]]
[2020.07.28-00.31.33:249][  0]LogConfig: Setting CVar [[r.SSS.HalfRes:1]]
[2020.07.28-00.31.33:249][  0]LogConfig: Setting CVar [[r.EmitterSpawnRateScale:1.0]]
[2020.07.28-00.31.33:249][  0]LogConfig: Setting CVar [[r.ParticleLightQuality:2]]
[2020.07.28-00.31.33:249][  0]LogConfig: Applying CVar settings from Section [FoliageQuality@3] File [C:/Users/s191281/Documents/Omni/Guudo/Saved/Config/Windows/Scalability.ini]
[2020.07.28-00.31.33:249][  0]LogConfig: Setting CVar [[foliage.DensityScale:1.0]]
[2020.07.28-00.31.33:249][  0]LogConfig: Setting CVar [[grass.DensityScale:1.0]]
[2020.07.28-00.31.33:249][  0]LogInit: Selected Device Profile: [Windows]
[2020.07.28-00.31.33:249][  0]LogInit: Applying CVar settings loaded from the selected device profile: [Windows]
[2020.07.28-00.31.33:252][  0]LogHAL: Display: Platform has ~ 32 GB [34241368064 / 34359738368 / 32], which maps to Largest [LargestMinGB=32, LargerMinGB=12, DefaultMinGB=8, SmallerMinGB=6, SmallestMinGB=0)
[2020.07.28-00.31.33:252][  0]LogInit: Going up to parent DeviceProfile []
[2020.07.28-00.31.33:252][  0]LogConfig: Applying CVar settings from Section [ViewDistanceQuality@3] File [C:/Users/s191281/Documents/Omni/Guudo/Saved/Config/Windows/Scalability.ini]
[2020.07.28-00.31.33:252][  0]LogConfig: Setting CVar [[r.SkeletalMeshLODBias:0]]
[2020.07.28-00.31.33:252][  0]LogConfig: Setting CVar [[r.ViewDistanceScale:1.0]]
[2020.07.28-00.31.33:252][  0]LogConfig: Applying CVar settings from Section [AntiAliasingQuality@3] File [C:/Users/s191281/Documents/Omni/Guudo/Saved/Config/Windows/Scalability.ini]
[2020.07.28-00.31.33:252][  0]LogConfig: Setting CVar [[r.PostProcessAAQuality:4]]
[2020.07.28-00.31.33:252][  0]LogConfig: Applying CVar settings from Section [ShadowQuality@3] File [C:/Users/s191281/Documents/Omni/Guudo/Saved/Config/Windows/Scalability.ini]
[2020.07.28-00.31.33:252][  0]LogConfig: Setting CVar [[r.LightFunctionQuality:1]]
[2020.07.28-00.31.33:252][  0]LogConfig: Setting CVar [[r.ShadowQuality:5]]
[2020.07.28-00.31.33:252][  0]LogConfig: Setting CVar [[r.Shadow.CSM.MaxCascades:10]]
[2020.07.28-00.31.33:252][  0]LogConfig: Setting CVar [[r.Shadow.MaxResolution:2048]]
[2020.07.28-00.31.33:252][  0]LogConfig: Setting CVar [[r.Shadow.MaxCSMResolution:2048]]
[2020.07.28-00.31.33:252][  0]LogConfig: Setting CVar [[r.Shadow.RadiusThreshold:0.01]]
[2020.07.28-00.31.33:252][  0]LogConfig: Setting CVar [[r.Shadow.DistanceScale:1.0]]
[2020.07.28-00.31.33:252][  0]LogConfig: Setting CVar [[r.Shadow.CSM.TransitionScale:1.0]]
[2020.07.28-00.31.33:252][  0]LogConfig: Setting CVar [[r.Shadow.PreShadowResolutionFactor:1.0]]
[2020.07.28-00.31.33:252][  0]LogConfig: Setting CVar [[r.DistanceFieldShadowing:1]]
[2020.07.28-00.31.33:252][  0]LogConfig: Setting CVar [[r.DistanceFieldAO:1]]
[2020.07.28-00.31.33:252][  0]LogConfig: Setting CVar [[r.AOQuality:2]]
[2020.07.28-00.31.33:252][  0]LogConfig: Setting CVar [[r.VolumetricFog:1]]
[2020.07.28-00.31.33:252][  0]LogConfig: Setting CVar [[r.VolumetricFog.GridPixelSize:8]]
[2020.07.28-00.31.33:252][  0]LogConfig: Setting CVar [[r.VolumetricFog.GridSizeZ:128]]
[2020.07.28-00.31.33:252][  0]LogConfig: Setting CVar [[r.VolumetricFog.HistoryMissSupersampleCount:4]]
[2020.07.28-00.31.33:252][  0]LogConfig: Setting CVar [[r.LightMaxDrawDistanceScale:1]]
[2020.07.28-00.31.33:252][  0]LogConfig: Setting CVar [[r.CapsuleShadows:1]]
[2020.07.28-00.31.33:252][  0]LogConfig: Applying CVar settings from Section [PostProcessQuality@3] File [C:/Users/s191281/Documents/Omni/Guudo/Saved/Config/Windows/Scalability.ini]
[2020.07.28-00.31.33:252][  0]LogConfig: Setting CVar [[r.MotionBlurQuality:4]]
[2020.07.28-00.31.33:252][  0]LogConfig: Setting CVar [[r.AmbientOcclusionMipLevelFactor:0.4]]
[2020.07.28-00.31.33:252][  0]LogConfig: Setting CVar [[r.AmbientOcclusionMaxQuality:100]]
[2020.07.28-00.31.33:253][  0]LogConfig: Setting CVar [[r.AmbientOcclusionLevels:-1]]
[2020.07.28-00.31.33:253][  0]LogConfig: Setting CVar [[r.AmbientOcclusionRadiusScale:1.0]]
[2020.07.28-00.31.33:253][  0]LogConfig: Setting CVar [[r.DepthOfFieldQuality:2]]
[2020.07.28-00.31.33:253][  0]LogConfig: Setting CVar [[r.RenderTargetPoolMin:400]]
[2020.07.28-00.31.33:253][  0]LogConfig: Setting CVar [[r.LensFlareQuality:2]]
[2020.07.28-00.31.33:253][  0]LogConfig: Setting CVar [[r.SceneColorFringeQuality:1]]
[2020.07.28-00.31.33:253][  0]LogConfig: Setting CVar [[r.EyeAdaptationQuality:2]]
[2020.07.28-00.31.33:253][  0]LogConfig: Setting CVar [[r.BloomQuality:5]]
[2020.07.28-00.31.33:253][  0]LogConfig: Setting CVar [[r.FastBlurThreshold:100]]
[2020.07.28-00.31.33:253][  0]LogConfig: Setting CVar [[r.Upscale.Quality:3]]
[2020.07.28-00.31.33:253][  0]LogConfig: Setting CVar [[r.Tonemapper.GrainQuantization:1]]
[2020.07.28-00.31.33:253][  0]LogConfig: Setting CVar [[r.LightShaftQuality:1]]
[2020.07.28-00.31.33:253][  0]LogConfig: Setting CVar [[r.Filter.SizeScale:1]]
[2020.07.28-00.31.33:253][  0]LogConfig: Setting CVar [[r.Tonemapper.Quality:5]]
[2020.07.28-00.31.33:253][  0]LogConfig: Setting CVar [[r.DOF.Gather.AccumulatorQuality:1        ; higher gathering accumulator quality]]
[2020.07.28-00.31.33:253][  0]LogConfig: Setting CVar [[r.DOF.Gather.PostfilterMethod:1          ; Median3x3 postfilering method]]
[2020.07.28-00.31.33:253][  0]LogConfig: Setting CVar [[r.DOF.Gather.EnableBokehSettings:0       ; no bokeh simulation when gathering]]
[2020.07.28-00.31.33:253][  0]LogConfig: Setting CVar [[r.DOF.Gather.RingCount:4                 ; medium number of samples when gathering]]
[2020.07.28-00.31.33:253][  0]LogConfig: Setting CVar [[r.DOF.Scatter.ForegroundCompositing:1    ; additive foreground scattering]]
[2020.07.28-00.31.33:253][  0]LogConfig: Setting CVar [[r.DOF.Scatter.BackgroundCompositing:2    ; additive background scattering]]
[2020.07.28-00.31.33:253][  0]LogConfig: Setting CVar [[r.DOF.Scatter.EnableBokehSettings:1      ; bokeh simulation when scattering]]
[2020.07.28-00.31.33:253][  0]LogConfig: Setting CVar [[r.DOF.Scatter.MaxSpriteRatio:0.1         ; only a maximum of 10% of scattered bokeh]]
[2020.07.28-00.31.33:253][  0]LogConfig: Setting CVar [[r.DOF.Recombine.Quality:1                ; cheap slight out of focus]]
[2020.07.28-00.31.33:253][  0]LogConfig: Setting CVar [[r.DOF.Recombine.EnableBokehSettings:0    ; no bokeh simulation on slight out of focus]]
[2020.07.28-00.31.33:253][  0]LogConfig: Setting CVar [[r.DOF.TemporalAAQuality:1                ; more stable temporal accumulation]]
[2020.07.28-00.31.33:253][  0]LogConfig: Setting CVar [[r.DOF.Kernel.MaxForegroundRadius:0.025]]
[2020.07.28-00.31.33:253][  0]LogConfig: Setting CVar [[r.DOF.Kernel.MaxBackgroundRadius:0.025]]
[2020.07.28-00.31.33:253][  0]LogConfig: Applying CVar settings from Section [TextureQuality@3] File [C:/Users/s191281/Documents/Omni/Guudo/Saved/Config/Windows/Scalability.ini]
[2020.07.28-00.31.33:253][  0]LogConfig: Setting CVar [[r.Streaming.MipBias:0]]
[2020.07.28-00.31.33:253][  0]LogConfig: Setting CVar [[r.Streaming.AmortizeCPUToGPUCopy:0]]
[2020.07.28-00.31.33:253][  0]LogConfig: Setting CVar [[r.Streaming.MaxNumTexturesToStreamPerFrame:0]]
[2020.07.28-00.31.33:253][  0]LogConfig: Setting CVar [[r.Streaming.Boost:1]]
[2020.07.28-00.31.33:253][  0]LogConfig: Setting CVar [[r.MaxAnisotropy:8]]
[2020.07.28-00.31.33:253][  0]LogConfig: Setting CVar [[r.Streaming.LimitPoolSizeToVRAM:0]]
[2020.07.28-00.31.33:253][  0]LogConfig: Setting CVar [[r.Streaming.PoolSize:1000]]
[2020.07.28-00.31.33:253][  0]LogConfig: Setting CVar [[r.Streaming.MaxEffectiveScreenSize:0]]
[2020.07.28-00.31.33:253][  0]LogConfig: Applying CVar settings from Section [EffectsQuality@3] File [C:/Users/s191281/Documents/Omni/Guudo/Saved/Config/Windows/Scalability.ini]
[2020.07.28-00.31.33:253][  0]LogConfig: Setting CVar [[r.TranslucencyLightingVolumeDim:64]]
[2020.07.28-00.31.33:253][  0]LogConfig: Setting CVar [[r.RefractionQuality:2]]
[2020.07.28-00.31.33:253][  0]LogConfig: Setting CVar [[r.SSR.Quality:3]]
[2020.07.28-00.31.33:253][  0]LogConfig: Setting CVar [[r.SceneColorFormat:4]]
[2020.07.28-00.31.33:253][  0]LogConfig: Setting CVar [[r.DetailMode:2]]
[2020.07.28-00.31.33:253][  0]LogConfig: Setting CVar [[r.TranslucencyVolumeBlur:1]]
[2020.07.28-00.31.33:253][  0]LogConfig: Setting CVar [[r.MaterialQualityLevel:1 ; High quality]]
[2020.07.28-00.31.33:253][  0]LogConfig: Setting CVar [[r.SSS.Scale:1]]
[2020.07.28-00.31.33:253][  0]LogConfig: Setting CVar [[r.SSS.SampleSet:2]]
[2020.07.28-00.31.33:253][  0]LogConfig: Setting CVar [[r.SSS.Quality:1]]
[2020.07.28-00.31.33:253][  0]LogConfig: Setting CVar [[r.SSS.HalfRes:1]]
[2020.07.28-00.31.33:253][  0]LogConfig: Setting CVar [[r.EmitterSpawnRateScale:1.0]]
[2020.07.28-00.31.33:253][  0]LogConfig: Setting CVar [[r.ParticleLightQuality:2]]
[2020.07.28-00.31.33:253][  0]LogConfig: Applying CVar settings from Section [FoliageQuality@3] File [C:/Users/s191281/Documents/Omni/Guudo/Saved/Config/Windows/Scalability.ini]
[2020.07.28-00.31.33:253][  0]LogConfig: Setting CVar [[foliage.DensityScale:1.0]]
[2020.07.28-00.31.33:253][  0]LogConfig: Setting CVar [[grass.DensityScale:1.0]]
[2020.07.28-00.31.33:253][  0]LogConfig: Applying CVar settings from Section [Startup] File [../../../Engine/Config/ConsoleVariables.ini]
[2020.07.28-00.31.33:253][  0]LogConfig: Setting CVar [[net.UseAdaptiveNetUpdateFrequency:0]]
[2020.07.28-00.31.33:253][  0]LogConfig: Setting CVar [[p.chaos.AllowCreatePhysxBodies:1]]
[2020.07.28-00.31.33:253][  0]LogConfig: Applying CVar settings from Section [ConsoleVariables] File [C:/Users/s191281/Documents/Omni/Guudo/Saved/Config/Windows/Engine.ini]
[2020.07.28-00.31.33:253][  0]LogInit: Computer: SYD-19EF76
[2020.07.28-00.31.33:253][  0]LogInit: User: s191281
[2020.07.28-00.31.33:253][  0]LogInit: CPU Page size=4096, Cores=4
[2020.07.28-00.31.33:253][  0]LogInit: High frequency timer resolution =10.000000 MHz
[2020.07.28-00.31.33:254][  0]LogMemory: Memory total: Physical=31.9GB (32GB approx)
[2020.07.28-00.31.33:254][  0]LogMemory: Platform Memory Stats for Windows
[2020.07.28-00.31.33:254][  0]LogMemory: Process Physical Memory: 100.96 MB used, 100.96 MB peak
[2020.07.28-00.31.33:254][  0]LogMemory: Process Virtual Memory: 100.83 MB used, 100.83 MB peak
[2020.07.28-00.31.33:254][  0]LogMemory: Physical Memory: 8385.76 MB used,  24269.36 MB free, 32655.11 MB total
[2020.07.28-00.31.33:254][  0]LogMemory: Virtual Memory: 4668.43 MB used,  134213056.00 MB free, 134217728.00 MB total
[2020.07.28-00.31.33:256][  0]LogWindows: WindowsPlatformFeatures enabled
[2020.07.28-00.31.33:279][  0]LogInit: Using OS detected language (en-US).
[2020.07.28-00.31.33:279][  0]LogInit: Using OS detected locale (en-AU).
[2020.07.28-00.31.33:279][  0]LogTextLocalizationManager: No specific localization for 'en-US' exists, so the 'en' localization will be used.
[2020.07.28-00.31.33:465][  0]LogInit: Setting process to per monitor DPI aware
[2020.07.28-00.31.33:509][  0]LogSlate: New Slate User Created.  User Index 0, Is Virtual User: 0
[2020.07.28-00.31.33:509][  0]LogSlate: Slate User Registered.  User Index 0, Is Virtual User: 0
[2020.07.28-00.31.33:672][  0]LogHMD: Failed to initialize OpenVR with code 110
[2020.07.28-00.31.33:672][  0]LogD3D11RHI: D3D11 adapters:
[2020.07.28-00.31.33:739][  0]LogD3D11RHI:    0. 'NVIDIA GeForce GTX 770' (Feature Level 11_0)
[2020.07.28-00.31.33:739][  0]LogD3D11RHI:       2007/0/16327 MB DedicatedVideo/DedicatedSystem/SharedSystem, Outputs:2, VendorId:0x10de
[2020.07.28-00.31.33:747][  0]LogD3D11RHI:    1. 'Intel(R) HD Graphics 4600' (Feature Level 11_0)
[2020.07.28-00.31.33:747][  0]LogD3D11RHI:       112/0/2048 MB DedicatedVideo/DedicatedSystem/SharedSystem, Outputs:0, VendorId:0x8086
[2020.07.28-00.31.33:750][  0]LogD3D11RHI:    2. 'Microsoft Basic Render Driver' (Feature Level 11_0)
[2020.07.28-00.31.33:750][  0]LogD3D11RHI:       0/0/16327 MB DedicatedVideo/DedicatedSystem/SharedSystem, Outputs:0, VendorId:0x1414
[2020.07.28-00.31.33:750][  0]LogD3D11RHI: Chosen D3D11 Adapter: 0
[2020.07.28-00.31.33:756][  0]LogD3D11RHI: Creating new Direct3DDevice
[2020.07.28-00.31.33:756][  0]LogD3D11RHI:     GPU DeviceId: 0x1184 (for the marketing name, search the web for "GPU Device Id")
[2020.07.28-00.31.33:756][  0]LogWindows: EnumDisplayDevices:
[2020.07.28-00.31.33:756][  0]LogWindows:    0. 'NVIDIA GeForce GTX 770' (P:0 D:1)
[2020.07.28-00.31.33:756][  0]LogWindows:    1. 'NVIDIA GeForce GTX 770' (P:1 D:1)
[2020.07.28-00.31.33:756][  0]LogWindows:    2. 'NVIDIA GeForce GTX 770' (P:0 D:0)
[2020.07.28-00.31.33:757][  0]LogWindows:    3. 'NVIDIA GeForce GTX 770' (P:0 D:0)
[2020.07.28-00.31.33:757][  0]LogWindows:    4. 'Intel(R) HD Graphics 4600' (P:0 D:0)
[2020.07.28-00.31.33:757][  0]LogWindows:    5. 'Intel(R) HD Graphics 4600' (P:0 D:0)
[2020.07.28-00.31.33:757][  0]LogWindows:    6. 'Intel(R) HD Graphics 4600' (P:0 D:0)
[2020.07.28-00.31.33:757][  0]LogWindows: DebugString: PrimaryIsNotTheChoosenAdapter PrimaryIsNotTheChoosenAdapter PrimaryIsNotTheChoosenAdapter FoundDriverCount:4 
[2020.07.28-00.31.33:757][  0]LogD3D11RHI:     Adapter Name: NVIDIA GeForce GTX 770
[2020.07.28-00.31.33:757][  0]LogD3D11RHI:   Driver Version: 432.00 (internal:26.21.14.3200, unified:432.00)
[2020.07.28-00.31.33:757][  0]LogD3D11RHI:      Driver Date: 7-24-2019
[2020.07.28-00.31.33:757][  0]LogRHI: Texture pool is 1404 MB (70% of 2007 MB)
[2020.07.28-00.31.33:797][  0]LogD3D11RHI: Async texture creation enabled
[2020.07.28-00.31.33:810][  0]LogD3D11RHI: GPU Timing Frequency: 1000.000000 (Debug: 2 1)
[2020.07.28-00.31.34:078][  0]LogTemp: Display: Module 'AllDesktopTargetPlatform' loaded TargetPlatform 'AllDesktop'
[2020.07.28-00.31.34:087][  0]LogTemp: Display: Module 'MacClientTargetPlatform' loaded TargetPlatform 'MacClient'
[2020.07.28-00.31.34:095][  0]LogTemp: Display: Module 'MacNoEditorTargetPlatform' loaded TargetPlatform 'MacNoEditor'
[2020.07.28-00.31.34:104][  0]LogTemp: Display: Module 'MacServerTargetPlatform' loaded TargetPlatform 'MacServer'
[2020.07.28-00.31.34:112][  0]LogTemp: Display: Module 'MacTargetPlatform' loaded TargetPlatform 'Mac'
[2020.07.28-00.31.34:121][  0]LogTemp: Display: Module 'WindowsClientTargetPlatform' loaded TargetPlatform 'WindowsClient'
[2020.07.28-00.31.34:130][  0]LogTemp: Display: Module 'WindowsNoEditorTargetPlatform' loaded TargetPlatform 'WindowsNoEditor'
[2020.07.28-00.31.34:138][  0]LogTemp: Display: Module 'WindowsServerTargetPlatform' loaded TargetPlatform 'WindowsServer'
[2020.07.28-00.31.34:142][  0]LogTemp: Display: Module 'WindowsTargetPlatform' loaded TargetPlatform 'Windows'
[2020.07.28-00.31.34:174][  0]LogTemp: Display: Module 'AndroidTargetPlatform' loaded TargetPlatform 'Android'
[2020.07.28-00.31.34:174][  0]LogTemp: Display: Module 'AndroidTargetPlatform' loaded TargetPlatform 'Android_ASTC'
[2020.07.28-00.31.34:174][  0]LogTemp: Display: Module 'AndroidTargetPlatform' loaded TargetPlatform 'Android_ATC'
[2020.07.28-00.31.34:174][  0]LogTemp: Display: Module 'AndroidTargetPlatform' loaded TargetPlatform 'Android_DXT'
[2020.07.28-00.31.34:174][  0]LogTemp: Display: Module 'AndroidTargetPlatform' loaded TargetPlatform 'Android_ETC1'
[2020.07.28-00.31.34:174][  0]LogTemp: Display: Module 'AndroidTargetPlatform' loaded TargetPlatform 'Android_ETC1a'
[2020.07.28-00.31.34:174][  0]LogTemp: Display: Module 'AndroidTargetPlatform' loaded TargetPlatform 'Android_ETC2'
[2020.07.28-00.31.34:174][  0]LogTemp: Display: Module 'AndroidTargetPlatform' loaded TargetPlatform 'Android_PVRTC'
[2020.07.28-00.31.34:174][  0]LogTemp: Display: Module 'AndroidTargetPlatform' loaded TargetPlatform 'AndroidClient'
[2020.07.28-00.31.34:174][  0]LogTemp: Display: Module 'AndroidTargetPlatform' loaded TargetPlatform 'Android_ASTCClient'
[2020.07.28-00.31.34:174][  0]LogTemp: Display: Module 'AndroidTargetPlatform' loaded TargetPlatform 'Android_ATCClient'
[2020.07.28-00.31.34:174][  0]LogTemp: Display: Module 'AndroidTargetPlatform' loaded TargetPlatform 'Android_DXTClient'
[2020.07.28-00.31.34:174][  0]LogTemp: Display: Module 'AndroidTargetPlatform' loaded TargetPlatform 'Android_ETC1Client'
[2020.07.28-00.31.34:174][  0]LogTemp: Display: Module 'AndroidTargetPlatform' loaded TargetPlatform 'Android_ETC1aClient'
[2020.07.28-00.31.34:174][  0]LogTemp: Display: Module 'AndroidTargetPlatform' loaded TargetPlatform 'Android_ETC2Client'
[2020.07.28-00.31.34:174][  0]LogTemp: Display: Module 'AndroidTargetPlatform' loaded TargetPlatform 'Android_PVRTCClient'
[2020.07.28-00.31.34:174][  0]LogTemp: Display: Module 'AndroidTargetPlatform' loaded TargetPlatform 'Android_Multi'
[2020.07.28-00.31.34:174][  0]LogTemp: Display: Module 'AndroidTargetPlatform' loaded TargetPlatform 'Android_MultiClient'
[2020.07.28-00.31.34:176][  0]LogTemp: Display: Module 'HTML5TargetPlatform' loaded TargetPlatform 'HTML5'
[2020.07.28-00.31.34:195][  0]LogTemp: Display: Module 'IOSTargetPlatform' loaded TargetPlatform 'IOSClient'
[2020.07.28-00.31.34:195][  0]LogTemp: Display: Module 'IOSTargetPlatform' loaded TargetPlatform 'IOS'
[2020.07.28-00.31.34:211][  0]LogTemp: Display: Module 'TVOSTargetPlatform' loaded TargetPlatform 'TVOSClient'
[2020.07.28-00.31.34:211][  0]LogTemp: Display: Module 'TVOSTargetPlatform' loaded TargetPlatform 'TVOS'
[2020.07.28-00.31.34:218][  0]LogTemp: Display: Module 'LinuxClientTargetPlatform' loaded TargetPlatform 'LinuxClient'
[2020.07.28-00.31.34:225][  0]LogTemp: Display: Module 'LinuxNoEditorTargetPlatform' loaded TargetPlatform 'LinuxNoEditor'
[2020.07.28-00.31.34:231][  0]LogTemp: Display: Module 'LinuxServerTargetPlatform' loaded TargetPlatform 'LinuxServer'
[2020.07.28-00.31.34:239][  0]LogTemp: Display: Module 'LinuxTargetPlatform' loaded TargetPlatform 'Linux'
[2020.07.28-00.31.34:263][  0]LogTemp: Display: Module 'LuminTargetPlatform' loaded TargetPlatform 'Lumin'
[2020.07.28-00.31.34:263][  0]LogTemp: Display: Module 'LuminTargetPlatform' loaded TargetPlatform 'LuminClient'
[2020.07.28-00.31.34:263][  0]LogTargetPlatformManager: Display: Building Assets For Windows
[2020.07.28-00.31.34:271][  0]LogAudioDebug: Display: Lib vorbis DLL was dynamically loaded.
[2020.07.28-00.31.34:321][  0]LogShaderCompilers: Guid format shader working directory is -5 characters bigger than the processId version (../../../../../../Users/s191281/Documents/Omni/Guudo/Intermediate/Shaders/WorkingDirectory/10604/).
[2020.07.28-00.31.34:321][  0]LogShaderCompilers: Cleaned the shader compiler working directory 'C:/Users/s191281/AppData/Local/Temp/UnrealShaderWorkingDir/DB0CDCE7477183CE34E98994888A398F/'.
[2020.07.28-00.31.34:323][  0]LogXGEController: Cannot use XGE Controller as Incredibuild is not installed on this machine.
[2020.07.28-00.31.34:323][  0]LogShaderCompilers: Cannot use XGE Shader Compiler as Incredibuild is not installed on this machine.
[2020.07.28-00.31.34:323][  0]LogShaderCompilers: Display: Using Local Shader Compiler.
[2020.07.28-00.31.34:945][  0]LogDerivedDataCache: Display: Max Cache Size: 512 MB
[2020.07.28-00.31.35:001][  0]LogDerivedDataCache: Loaded boot cache 0.06s 73MB C:/Users/s191281/AppData/Local/UnrealEngine/4.23/DerivedDataCache/Boot.ddc.
[2020.07.28-00.31.35:001][  0]LogDerivedDataCache: Display: Loaded Boot cache: C:/Users/s191281/AppData/Local/UnrealEngine/4.23/DerivedDataCache/Boot.ddc
[2020.07.28-00.31.35:001][  0]LogDerivedDataCache: FDerivedDataBackendGraph:  Pak pak cache file ../../../../../../Users/s191281/Documents/Omni/Guudo/DerivedDataCache/DDC.ddp not found, will not use a pak cache.
[2020.07.28-00.31.35:001][  0]LogDerivedDataCache: Unable to find inner node Pak for hierarchical cache Hierarchy.
[2020.07.28-00.31.35:001][  0]LogDerivedDataCache: FDerivedDataBackendGraph:  CompressedPak pak cache file ../../../../../../Users/s191281/Documents/Omni/Guudo/DerivedDataCache/Compressed.ddp not found, will not use a pak cache.
[2020.07.28-00.31.35:001][  0]LogDerivedDataCache: Unable to find inner node CompressedPak for hierarchical cache Hierarchy.
[2020.07.28-00.31.35:012][  0]LogDerivedDataCache: Display: Pak cache opened for reading ../../../Engine/DerivedDataCache/Compressed.ddp.
[2020.07.28-00.31.35:012][  0]LogDerivedDataCache: FDerivedDataBackendGraph:  EnterprisePak pak cache file ../../../Enterprise/DerivedDataCache/Compressed.ddp not found, will not use a pak cache.
[2020.07.28-00.31.35:012][  0]LogDerivedDataCache: Unable to find inner node EnterprisePak for hierarchical cache Hierarchy.
[2020.07.28-00.31.35:013][  0]LogDerivedDataCache: Using Local data cache path C:/Users/s191281/AppData/Local/UnrealEngine/Common/DerivedDataCache: Writable
[2020.07.28-00.31.35:013][  0]LogDerivedDataCache: Shared data cache path not found in *engine.ini, will not use an Shared cache.
[2020.07.28-00.31.35:013][  0]LogDerivedDataCache: Unable to find inner node Shared for hierarchical cache Hierarchy.
[2020.07.28-00.31.35:034][  0]LogMaterial: Verifying Global Shaders for PCD3D_SM5
[2020.07.28-00.31.35:037][  0]LogSlate: Using FreeType 2.6.0
[2020.07.28-00.31.35:037][  0]LogSlate: SlateFontServices - WITH_FREETYPE: 1, WITH_HARFBUZZ: 1
[2020.07.28-00.31.35:092][  0]LogAssetRegistry: FAssetRegistry took 0.0023 seconds to start up
[2020.07.28-00.31.35:368][  0]LogInit: Selected Device Profile: [Windows]
[2020.07.28-00.31.35:507][  0]LogMeshReduction: Using QuadricMeshReduction for automatic static mesh reduction
[2020.07.28-00.31.35:507][  0]LogMeshReduction: Using SimplygonMeshReduction for automatic skeletal mesh reduction
[2020.07.28-00.31.35:507][  0]LogMeshReduction: Using ProxyLODMeshReduction for automatic mesh merging
[2020.07.28-00.31.35:507][  0]LogMeshReduction: No distributed automatic mesh merging module available
[2020.07.28-00.31.35:507][  0]LogMeshMerging: No distributed automatic mesh merging module available
[2020.07.28-00.31.35:517][  0]LogNetVersion: Guudo 1.0.0, NetCL: 8386587, EngineNetVer: 11, GameNetVer: 0 (Checksum: 3768500497)
[2020.07.28-00.31.35:907][  0]LogPackageLocalizationCache: Processed 12 localized package path(s) for 1 prioritized culture(s) in 0.049881 seconds
[2020.07.28-00.31.35:914][  0]LogUObjectArray: 43444 objects as part of root set at end of initial load.
[2020.07.28-00.31.35:914][  0]LogUObjectAllocator: 7548648 out of 0 bytes used by permanent object pool.
[2020.07.28-00.31.35:914][  0]LogUObjectArray: CloseDisregardForGC: 0/0 objects in disregard for GC pool
[2020.07.28-00.31.36:700][  0]LogTcpMessaging: Initializing TcpMessaging bridge
[2020.07.28-00.31.36:703][  0]LogUdpMessaging: Initializing bridge on interface 0.0.0.0:0 to multicast group 230.0.0.1:6666.
[2020.07.28-00.31.36:756][  0]SourceControl: Source control is disabled
[2020.07.28-00.31.36:756][  0]SourceControl: Source control is disabled
[2020.07.28-00.31.36:758][  0]SourceControl: Source control is disabled
[2020.07.28-00.31.36:759][  0]SourceControl: Source control is disabled
[2020.07.28-00.31.36:840][  0]LogAndroidPermission: UAndroidPermissionCallbackProxy::GetInstance
[2020.07.28-00.31.36:962][  0]LogOcInput: OculusInput pre-init called
[2020.07.28-00.31.36:970][  0]LogWindows: Failed to load 'OVRPlugin.dll' (GetLastError=126)
[2020.07.28-00.31.36:970][  0]LogWindows: File 'OVRPlugin.dll' does not exist
[2020.07.28-00.31.37:040][  0]LogEngine: Initializing Engine...
[2020.07.28-00.31.37:041][  0]LogHMD: Failed to initialize OpenVR with code 110
[2020.07.28-00.31.37:042][  0]LogStats: UGameplayTagsManager::InitializeManager -  0.000 s
[2020.07.28-00.31.37:255][  0]LogInit: Initializing FReadOnlyCVARCache
[2020.07.28-00.31.37:271][  0]LogAIModule: Creating AISystem for world Untitled
[2020.07.28-00.31.37:292][  0]LogInit: XAudio2 using 'Speakers (Realtek High Definition Audio)' : 2 channels at 48 kHz using 32 bits per sample (channel mask 0x3)
[2020.07.28-00.31.37:340][  0]LogInit: FAudioDevice initialized.
[2020.07.28-00.31.37:340][  0]LogNetVersion: Set ProjectVersion to 1.0.0.0. Version Checksum will be recalculated on next use.
[2020.07.28-00.31.37:433][  0]LogDerivedDataCache: Saved boot cache 0.09s 73MB C:/Users/s191281/AppData/Local/UnrealEngine/4.23/DerivedDataCache/Boot.ddc.
[2020.07.28-00.31.37:442][  0]LogInit: Texture streaming: Enabled
[2020.07.28-00.31.37:459][  0]LogEngineSessionManager: EngineSessionManager initialized
[2020.07.28-00.31.37:459][  0]LogEditorSessionSummary: Verbose: Initializing EditorSessionSummaryWriter for editor session tracking
[2020.07.28-00.31.37:460][  0]LogEditorSessionSummary: EditorSessionSummaryWriter initialized
[2020.07.28-00.31.37:517][  0]LogInit: Transaction tracking system initialized
[2020.07.28-00.31.37:547][  0]BlueprintLog: New page: Editor Load
[2020.07.28-00.31.37:618][  0]LocalizationService: Localization service is disabled
[2020.07.28-00.31.37:847][  0]LogFileCache: Scanning file cache for directory 'C:/Users/s191281/Documents/Omni/Guudo/Content/' took 0.00s
[2020.07.28-00.31.37:847][  0]LogCook: Display: Max memory allowance for cook 16384mb min free memory 0mb
[2020.07.28-00.31.37:847][  0]LogCook: Display: Mobile HDR setting 1
[2020.07.28-00.31.38:017][  0]SourceControl: Source control is disabled
[2020.07.28-00.31.38:017][  0]Cmd: MAP LOAD FILE="../../../Engine/Content/Maps/Templates/Template_Default.umap" TEMPLATE=1 SHOWPROGRESS=1 FEATURELEVEL=3
[2020.07.28-00.31.38:017][  0]LightingResults: New page: Lighting Build
[2020.07.28-00.31.38:020][  0]LogWorld: UWorld::CleanupWorld for Untitled, bSessionEnded=true, bCleanupResources=true
[2020.07.28-00.31.38:020][  0]MapCheck: New page: Map Check
[2020.07.28-00.31.38:020][  0]LightingResults: New page: Lighting Build
[2020.07.28-00.31.38:047][  0]LogUObjectHash: Compacting FUObjectHashTables data took   1.63ms
[2020.07.28-00.31.38:118][  0]LogAIModule: Creating AISystem for world Untitled_1
[2020.07.28-00.31.38:125][  0]LogEditorServer: Finished looking for orphan Actors (0.000 secs)
[2020.07.28-00.31.38:149][  0]LogUObjectHash: Compacting FUObjectHashTables data took   2.18ms
[2020.07.28-00.31.38:149][  0]Cmd: MAP CHECKDEP NOCLEARLOG
[2020.07.28-00.31.38:150][  0]MapCheck: Map check complete: 0 Error(s), 0 Warning(s), took 0.205ms to complete.
[2020.07.28-00.31.38:150][  0]LogFileHelpers: Loading map 'Template_Default' took 0.133
[2020.07.28-00.31.38:939][  0]LogSlate: Updating window title bar state: overlay mode, drag disabled, window buttons hidden, title bar hidden
[2020.07.28-00.31.38:947][  0]LogSlate: Updating window title bar state: overlay mode, drag disabled, window buttons hidden, title bar hidden
[2020.07.28-00.31.38:954][  0]LogSlate: Updating window title bar state: overlay mode, drag disabled, window buttons hidden, title bar hidden
[2020.07.28-00.31.38:962][  0]LogSlate: Updating window title bar state: overlay mode, drag disabled, window buttons hidden, title bar hidden
[2020.07.28-00.31.38:968][  0]LogCollectionManager: Loaded 0 collections in 0.001939 seconds
[2020.07.28-00.31.38:974][  0]LogFileCache: Scanning file cache for directory 'C:/Users/s191281/Documents/Omni/Guudo/Saved/Collections/' took 0.00s
[2020.07.28-00.31.38:974][  0]LogFileCache: Scanning file cache for directory 'C:/Users/s191281/Documents/Omni/Guudo/Content/Developers/s191281/Collections/' took 0.00s
[2020.07.28-00.31.38:974][  0]LogFileCache: Scanning file cache for directory 'C:/Users/s191281/Documents/Omni/Guudo/Content/Collections/' took 0.00s
[2020.07.28-00.31.38:974][  0]LogCollectionManager: Rebuilt the GUID cache for 0 collections in 0.000002 seconds
[2020.07.28-00.31.38:983][  0]LogContentBrowser: Native class hierarchy populated in 0.0087 seconds. Added 2867 classes and 682 folders.
[2020.07.28-00.31.38:991][  0]LogContentBrowser: Native class hierarchy updated for 'WidgetCarousel' in 0.0004 seconds. Added 0 classes and 0 folders.
[2020.07.28-00.31.39:035][  0]LogContentBrowser: Native class hierarchy updated for 'AddContentDialog' in 0.0003 seconds. Added 0 classes and 0 folders.
[2020.07.28-00.31.39:041][  0]LogContentBrowser: Native class hierarchy updated for 'SceneOutliner' in 0.0003 seconds. Added 1 classes and 2 folders.
[2020.07.28-00.31.39:065][  0]LogSlate: Took 0.000212 seconds to synchronously load lazily loaded font '../../../Engine/Content/Slate/Fonts/Roboto-Regular.ttf' (155K)
[2020.07.28-00.31.39:067][  0]LogSlate: Took 0.000213 seconds to synchronously load lazily loaded font '../../../Engine/Content/Slate/Fonts/Roboto-Bold.ttf' (160K)
[2020.07.28-00.31.39:073][  0]LogSlate: Took 0.000284 seconds to synchronously load lazily loaded font '../../../Engine/Content/Editor/Slate/Fonts/FontAwesome.ttf' (139K)
[2020.07.28-00.31.39:144][  0]LogRenderer: Reallocating scene render targets to support 976x588 Format 10 NumSamples 1 (Frame:1).
[2020.07.28-00.31.39:297][  0]LogContentBrowser: Native class hierarchy updated for 'HierarchicalLODOutliner' in 0.0003 seconds. Added 0 classes and 0 folders.
[2020.07.28-00.31.39:297][  0]LogLoad: (Engine Initialization) Total time: 7.20 seconds
[2020.07.28-00.31.39:298][  0]LogLoad: (Engine Initialization) Total Blueprint compile time: 0.00 seconds
[2020.07.28-00.31.39:343][  0]LogAssetRegistry: Asset discovery search completed in 4.2517 seconds
[2020.07.28-00.31.39:347][  0]LogCollectionManager: Rebuilt the object cache for 0 collections in 0.000005 seconds (found 0 objects)
[2020.07.28-00.31.39:347][  0]LogCollectionManager: Fixed up redirectors for 0 collections in 0.000103 seconds (updated 0 objects)
[2020.07.28-00.31.39:348][  0]LogContentStreaming: Texture pool size now 1000 MB
[2020.07.28-00.31.39:382][  0]LogSlate: Took 0.000136 seconds to synchronously load lazily loaded font '../../../Engine/Content/Slate/Fonts/Roboto-Light.ttf' (167K)
[2020.07.28-00.31.40:989][168]LogSlate: FSceneViewport::OnFocusLost() reason 5
[2020.07.28-00.31.41:873][270]LogSlate: FSceneViewport::OnFocusLost() reason 5
[2020.07.28-00.32.33:693][270]LogSlate: Window 'About Unreal Editor' being destroyed
[2020.07.28-00.34.54:178][ 84]LogSlate: FSceneViewport::OnFocusLost() reason 0
[2020.07.28-00.34.54:351][ 84]LogSlate: Took 0.000186 seconds to synchronously load lazily loaded font '../../../Engine/Content/Slate/Fonts/Roboto-Light.ttf' (167K)
[2020.07.28-00.34.54:412][ 84]LogAIModule: Creating AISystem for world MitchellTemplate2
[2020.07.28-00.34.54:430][ 84]LogAssetEditorManager: Opening Asset editor for World /Game/Levels/MitchellTemplate2.MitchellTemplate2
[2020.07.28-00.34.54:453][ 84]LogUObjectHash: Compacting FUObjectHashTables data took   1.72ms
[2020.07.28-00.34.54:454][ 84]Cmd: MAP LOAD FILE="../../../../../../Users/s191281/Documents/Omni/Guudo/Content/Levels/MitchellTemplate2.umap" TEMPLATE=0 SHOWPROGRESS=1 FEATURELEVEL=3
[2020.07.28-00.34.54:454][ 84]LightingResults: New page: Lighting Build
[2020.07.28-00.34.54:455][ 84]LoadErrors: New page: Loading map: MitchellTemplate2.umap
[2020.07.28-00.34.54:455][ 84]LogWorld: UWorld::CleanupWorld for Untitled_1, bSessionEnded=true, bCleanupResources=true
[2020.07.28-00.34.54:455][ 84]MapCheck: New page: Map Check
[2020.07.28-00.34.54:455][ 84]LightingResults: New page: Lighting Build
[2020.07.28-00.34.54:477][ 84]LogUObjectHash: Compacting FUObjectHashTables data took   1.91ms
[2020.07.28-00.34.54:480][ 84]LogEditorServer: Finished looking for orphan Actors (0.000 secs)
[2020.07.28-00.34.54:503][ 84]LogUObjectHash: Compacting FUObjectHashTables data took   1.56ms
[2020.07.28-00.34.54:536][ 84]Cmd: MAP CHECKDEP NOCLEARLOG
[2020.07.28-00.34.54:537][ 84]MapCheck: Map check complete: 0 Error(s), 0 Warning(s), took 0.152ms to complete.
[2020.07.28-00.34.54:537][ 84]LogFileHelpers: Loading map 'MitchellTemplate2' took 0.083
[2020.07.28-00.34.55:186][122]LogSlate: FSceneViewport::OnFocusLost() reason 0
[2020.07.28-00.34.58:318][475]LogUObjectHash: Compacting FUObjectHashTables data took   1.04ms
[2020.07.28-00.35.03:893][475]LogSlate: Window 'Delete Assets' being destroyed
[2020.07.28-00.35.08:641][  1]LogSlate: FSceneViewport::OnFocusLost() reason 0
[2020.07.28-00.35.10:737][207]LogUObjectHash: Compacting FUObjectHashTables data took   0.62ms
[2020.07.28-00.35.12:029][207]LogSlate: Window 'Delete Assets' being destroyed
[2020.07.28-00.35.12:719][207]LogUObjectGlobals: Force Deleting 3 Package(s):
	Asset Name: /Game/Levels/MitchellMap_Floor_14.MitchellMap_Floor_14
	Asset Name: /Game/Levels/MitchellMap_BP_Sky_Sphere_C_2.MitchellMap_BP_Sky_Sphere_C_2
	Asset Name: /Game/Levels/MitchellMap_BSP.MitchellMap_BSP
[2020.07.28-00.35.12:726][207]LogSlate: FSceneViewport::OnFocusLost() reason 5
[2020.07.28-00.35.13:341][207]LogUObjectHash: Compacting FUObjectHashTables data took   1.72ms
[2020.07.28-00.35.13:360][207]LogUObjectHash: Compacting FUObjectHashTables data took   0.61ms
[2020.07.28-00.35.13:382][207]LogUObjectHash: Compacting FUObjectHashTables data took   0.60ms
[2020.07.28-00.35.13:405][207]LogUObjectHash: Compacting FUObjectHashTables data took   1.56ms
[2020.07.28-00.35.13:424][207]LogUObjectHash: Compacting FUObjectHashTables data took   0.65ms
[2020.07.28-00.35.22:325][448]LogFactory: FactoryCreateFile: StaticMesh with FbxFactory (0 0 C:\Users\s191281\Downloads\MitchellMap.OBJ)
[2020.07.28-00.35.22:340][448]LogFbx: Loading FBX Scene from C:\Users\s191281\Downloads\MitchellMap.OBJ
[2020.07.28-00.35.22:508][448]LogFbx: FBX Scene Loaded Succesfully
[2020.07.28-00.35.22:519][448]LogSlate: FSceneViewport::OnFocusLost() reason 5
[2020.07.28-00.35.59:264][448]LogSlate: Window 'FBX Import Options' being destroyed
[2020.07.28-00.39.59:758][294]LogEditorSessionSummary: EditorSessionSummary sent report. Type=Shutdown, SessionId={63389064-4103-4EFD-B5DC-74B23AE49BB9}
[2020.07.28-00.41.31:594][956]LogFactory: FactoryCreateFile: StaticMesh with FbxFactory (0 0 C:\Users\s191281\Desktop\Greybox.fbx)
[2020.07.28-00.41.31:605][956]LogFbx: Loading FBX Scene from C:\Users\s191281\Desktop\Greybox.fbx
[2020.07.28-00.41.31:619][956]LogFbx: FBX Scene Loaded Succesfully
[2020.07.28-00.41.33:800][956]LogSlate: Window 'FBX Import Options' being destroyed
[2020.07.28-00.41.33:879][956]LogStaticMesh: Building static mesh Greybox...
[2020.07.28-00.41.34:119][956]LogStaticMesh: Built static mesh [0.24s] /Game/Greybox/Greybox.Greybox
[2020.07.28-00.41.34:157][956]FBXImport: Warning: No smoothing group information was found in this FBX scene.  Please make sure to enable the 'Export Smoothing Groups' option in the FBX Exporter plug-in before exporting the file.  Even for tools that don't support smoothing groups, the FBX Exporter will generate appropriate smoothing data at export-time so that correct vertex normals can be inferred while importing. 
[2020.07.28-00.41.35:398][ 98]LogActorFactory: Actor Factory created Greybox
[2020.07.28-00.41.35:449][103]LogActorFactory: Actor Factory created Greybox
[2020.07.28-00.41.37:043][262]LogSlate: FSceneViewport::OnFocusLost() reason 0
[2020.07.28-00.41.40:110][620]LogEditorViewport: Clicking on Actor (LMB): StaticMeshActor (Greybox)
[2020.07.28-00.41.40:458][659]Cmd: CAMERA ALIGN ACTIVEVIEWPORTONLY
[2020.07.28-00.41.46:963][426]LogSlate: FSceneViewport::OnFocusLost() reason 0
[2020.07.28-00.41.47:037][435]LogTemp: Repeating last play command: Selected Viewport
[2020.07.28-00.41.47:053][435]LogBlueprintUserMessages: Early PlayInEditor Detection: Level '/Game/Levels/MitchellTemplate2.MitchellTemplate2:PersistentLevel' has LevelScriptBlueprint '/Game/Levels/MitchellTemplate2.MitchellTemplate2:PersistentLevel.MitchellTemplate2' with GeneratedClass '/Game/Levels/MitchellTemplate2.MitchellTemplate2_C' with ClassGeneratedBy '/Game/Levels/MitchellTemplate2.MitchellTemplate2:PersistentLevel.MitchellTemplate2'
[2020.07.28-00.41.47:053][435]LogPlayLevel: PlayLevel: No blueprints needed recompiling
[2020.07.28-00.41.47:053][435]PIE: New page: PIE session: MitchellTemplate2 (28 Jul 2020 8:41:47 pm)
[2020.07.28-00.41.47:054][435]LogOnline: OSS: Creating online subsystem instance for: NULL
[2020.07.28-00.41.47:055][435]LogPlayLevel: Creating play world package: /Game/Levels/UEDPIE_0_MitchellTemplate2
[2020.07.28-00.41.47:059][435]LogPlayLevel: PIE: StaticDuplicateObject took: (0.003276s)
[2020.07.28-00.41.47:060][435]LogAIModule: Creating AISystem for world MitchellTemplate2
[2020.07.28-00.41.47:061][435]LogPlayLevel: PIE: World Init took: (0.001715s)
[2020.07.28-00.41.47:061][435]LogPlayLevel: PIE: Created PIE world by copying editor world from /Game/Levels/MitchellTemplate2.MitchellTemplate2 to /Game/Levels/UEDPIE_0_MitchellTemplate2.MitchellTemplate2 (0.005282s)
[2020.07.28-00.41.47:081][435]LogUObjectHash: Compacting FUObjectHashTables data took   1.68ms
[2020.07.28-00.41.47:095][435]LogInit: XAudio2 using 'Speakers (Realtek High Definition Audio)' : 2 channels at 48 kHz using 32 bits per sample (channel mask 0x3)
[2020.07.28-00.41.47:123][435]LogInit: FAudioDevice initialized.
[2020.07.28-00.41.47:165][435]LogLoad: Game class is 'GameMode_BP_C'
[2020.07.28-00.41.47:167][435]LogWorld: Bringing World /Game/Levels/UEDPIE_0_MitchellTemplate2.MitchellTemplate2 up for play (max tick rate 0) at 2020.07.28-10.41.47
[2020.07.28-00.41.47:167][435]LogWorld: Bringing up level for play took: 0.001186
[2020.07.28-00.41.47:168][435]LogOnline: OSS: Creating online subsystem instance for: :Context_3
[2020.07.28-00.41.47:177][435]LogContentBrowser: Native class hierarchy updated for 'MovieSceneCapture' in 0.0004 seconds. Added 20 classes and 0 folders.
[2020.07.28-00.41.47:177][435]LogGameMode: Display: Match State Changed from EnteringMap to WaitingToStart
[2020.07.28-00.41.47:177][435]LogGameState: Match State Changed from EnteringMap to WaitingToStart
[2020.07.28-00.41.47:177][435]LogGameMode: Display: Match State Changed from WaitingToStart to InProgress
[2020.07.28-00.41.47:180][435]LogGameState: Match State Changed from WaitingToStart to InProgress
[2020.07.28-00.41.47:180][435]PIE: Play in editor start time for /Game/Levels/UEDPIE_0_MitchellTemplate2 0.752
[2020.07.28-00.41.47:180][435]LogBlueprintUserMessages: Late PlayInEditor Detection: Level '/Game/Levels/MitchellTemplate2.MitchellTemplate2:PersistentLevel' has LevelScriptBlueprint '/Game/Levels/MitchellTemplate2.MitchellTemplate2:PersistentLevel.MitchellTemplate2' with GeneratedClass '/Game/Levels/MitchellTemplate2.MitchellTemplate2_C' with ClassGeneratedBy '/Game/Levels/MitchellTemplate2.MitchellTemplate2:PersistentLevel.MitchellTemplate2'
[2020.07.28-00.41.49:391][694]LogBlueprintUserMessages: Early EndPlayMap Detection: Level '/Game/Levels/MitchellTemplate2.MitchellTemplate2:PersistentLevel' has LevelScriptBlueprint '/Game/Levels/MitchellTemplate2.MitchellTemplate2:PersistentLevel.MitchellTemplate2' with GeneratedClass '/Game/Levels/MitchellTemplate2.MitchellTemplate2_C' with ClassGeneratedBy '/Game/Levels/MitchellTemplate2.MitchellTemplate2:PersistentLevel.MitchellTemplate2'
[2020.07.28-00.41.49:392][694]LogSlate: Updating window title bar state: overlay mode, drag disabled, window buttons hidden, title bar hidden
[2020.07.28-00.41.49:392][694]LogWorld: BeginTearingDown for /Game/Levels/UEDPIE_0_MitchellTemplate2
[2020.07.28-00.41.49:392][694]LogWorld: UWorld::CleanupWorld for MitchellTemplate2, bSessionEnded=true, bCleanupResources=true
[2020.07.28-00.41.49:399][694]LogPlayLevel: Display: Shutting down PIE online subsystems
[2020.07.28-00.41.49:399][694]LogBlueprintUserMessages: Late EndPlayMap Detection: Level '/Game/Levels/MitchellTemplate2.MitchellTemplate2:PersistentLevel' has LevelScriptBlueprint '/Game/Levels/MitchellTemplate2.MitchellTemplate2:PersistentLevel.MitchellTemplate2' with GeneratedClass '/Game/Levels/MitchellTemplate2.MitchellTemplate2_C' with ClassGeneratedBy '/Game/Levels/MitchellTemplate2.MitchellTemplate2:PersistentLevel.MitchellTemplate2'
[2020.07.28-00.41.49:425][694]LogSlate: Updating window title bar state: overlay mode, drag disabled, window buttons hidden, title bar hidden
[2020.07.28-00.41.49:428][694]LogUObjectHash: Compacting FUObjectHashTables data took   2.08ms
[2020.07.28-00.41.49:494][699]LogPlayLevel: Display: Destroying online subsystem :Context_3
[2020.07.28-00.41.50:376][804]LogEditorViewport: Clicking on Actor (LMB): StaticMeshActor (Greybox)
[2020.07.28-00.41.50:835][855]Cmd: CAMERA ALIGN ACTIVEVIEWPORTONLY
[2020.07.28-00.41.59:831][881]LogEditorSessionSummary: EditorSessionSummary sent report. Type=Shutdown, SessionId={43F37C20-49E9-024D-5CA1-C2B9BE3F450F}
[2020.07.28-00.42.00:808][970]LogSlate: FSceneViewport::OnFocusLost() reason 0
[2020.07.28-00.42.00:954][982]LogAssetEditorManager: Opening Asset editor for Material /Engine/EngineMaterials/WorldGridMaterial.WorldGridMaterial
[2020.07.28-00.42.00:963][982]LogMaterial: Display: Missing cached shader map for material WorldGridMaterial, compiling. 
[2020.07.28-00.42.01:318][982]LogMaterial: Display: Missing cached shader map for material WorldGridMaterial, compiling. Is special engine material.
[2020.07.28-00.42.01:411][982]LogMaterial: Display: Missing cached shader map for material FMatExpressionPreview MaterialExpressionTextureSample_26, compiling. 
[2020.07.28-00.42.01:421][982]LogShaderCompilers: Display: Worker (1/5): shaders left to compile 97
[2020.07.28-00.42.01:421][982]LogShaderCompilers: Display: Worker (2/5): shaders left to compile 96
[2020.07.28-00.42.01:421][982]LogShaderCompilers: Display: Worker (3/5): shaders left to compile 95
[2020.07.28-00.42.01:421][982]LogShaderCompilers: Display: Worker (4/5): shaders left to compile 94
[2020.07.28-00.42.01:421][982]LogMaterial: Display: Missing cached shader map for material FMatExpressionPreview MaterialExpressionTextureSample_27, compiling. 
[2020.07.28-00.42.01:429][982]LogMaterial: Display: Missing cached shader map for material FMatExpressionPreview MaterialExpressionTextureSample_28, compiling. 
[2020.07.28-00.42.01:438][982]LogMaterial: Display: Missing cached shader map for material FMatExpressionPreview MaterialExpressionConstant3Vector_6, compiling. 
[2020.07.28-00.42.01:446][982]LogMaterial: Display: Missing cached shader map for material FMatExpressionPreview MaterialExpressionTextureSample_29, compiling. 
[2020.07.28-00.42.01:679][982]LogShaderCompilers: Display: Worker (1/5): shaders left to compile 113
[2020.07.28-00.42.01:696][982]LogShaderCompilers: Display: Worker (3/5): shaders left to compile 112
[2020.07.28-00.42.01:696][982]LogShaderCompilers: Display: Worker (2/5): shaders left to compile 111
[2020.07.28-00.42.01:781][982]LogShaderCompilers: Display: Worker (4/5): shaders left to compile 110
[2020.07.28-00.42.01:832][982]LogShaderCompilers: Display: Worker (1/5): shaders left to compile 109
[2020.07.28-00.42.01:832][982]LogShaderCompilers: Display: Worker (2/5): shaders left to compile 108
[2020.07.28-00.42.01:933][982]LogShaderCompilers: Display: Worker (1/5): shaders left to compile 107
[2020.07.28-00.42.01:950][982]LogShaderCompilers: Display: Worker (3/5): shaders left to compile 106
[2020.07.28-00.42.01:950][982]LogShaderCompilers: Display: Worker (4/5): shaders left to compile 105
[2020.07.28-00.42.02:002][982]LogShaderCompilers: Display: Worker (2/5): shaders left to compile 104
[2020.07.28-00.42.02:089][982]LogShaderCompilers: Display: Worker (4/5): shaders left to compile 103
[2020.07.28-00.42.02:106][982]LogShaderCompilers: Display: Worker (1/5): shaders left to compile 102
[2020.07.28-00.42.02:225][982]LogShaderCompilers: Display: Worker (4/5): shaders left to compile 101
[2020.07.28-00.42.02:243][982]LogShaderCompilers: Display: Worker (3/5): shaders left to compile 100
[2020.07.28-00.42.02:277][982]LogShaderCompilers: Display: Worker (2/5): shaders left to compile 99
[2020.07.28-00.42.02:361][982]LogShaderCompilers: Display: Worker (4/5): shaders left to compile 98
[2020.07.28-00.42.02:395][982]LogShaderCompilers: Display: Worker (1/5): shaders left to compile 97
[2020.07.28-00.42.02:446][982]LogShaderCompilers: Display: Worker (2/5): shaders left to compile 96
[2020.07.28-00.42.02:514][982]LogShaderCompilers: Display: Worker (3/5): shaders left to compile 95
[2020.07.28-00.42.02:531][982]LogShaderCompilers: Display: Worker (4/5): shaders left to compile 94
[2020.07.28-00.42.02:582][982]LogShaderCompilers: Display: Worker (1/5): shaders left to compile 93
[2020.07.28-00.42.02:633][982]LogShaderCompilers: Display: Worker (2/5): shaders left to compile 92
[2020.07.28-00.42.02:720][982]LogShaderCompilers: Display: Worker (3/5): shaders left to compile 91
[2020.07.28-00.42.02:738][982]LogShaderCompilers: Display: Worker (4/5): shaders left to compile 90
[2020.07.28-00.42.02:790][982]LogShaderCompilers: Display: Worker (1/5): shaders left to compile 89
[2020.07.28-00.42.02:841][982]LogShaderCompilers: Display: Worker (2/5): shaders left to compile 88
[2020.07.28-00.42.02:963][982]LogShaderCompilers: Display: Worker (3/5): shaders left to compile 87
[2020.07.28-00.42.02:963][982]LogShaderCompilers: Display: Worker (4/5): shaders left to compile 86
[2020.07.28-00.42.03:031][982]LogShaderCompilers: Display: Worker (1/5): shaders left to compile 85
[2020.07.28-00.42.03:048][982]LogShaderCompilers: Display: Worker (2/5): shaders left to compile 84
[2020.07.28-00.42.03:186][982]LogShaderCompilers: Display: Worker (2/5): shaders left to compile 83
[2020.07.28-00.42.03:220][982]LogShaderCompilers: Display: Worker (4/5): shaders left to compile 82
[2020.07.28-00.42.03:237][982]LogShaderCompilers: Display: Worker (3/5): shaders left to compile 81
[2020.07.28-00.42.03:254][982]LogSlate: Window 'Warning: Editing Default Material' being destroyed
[2020.07.28-00.42.03:313][982]LogSlate: Took 0.000298 seconds to synchronously load lazily loaded font '../../../Engine/Content/Slate/Fonts/Roboto-BoldCondensed.ttf' (158K)
[2020.07.28-00.42.03:436][982]LogShaderCompilers: Display: Worker (1/5): shaders left to compile 80
[2020.07.28-00.42.03:436][982]LogShaderCompilers: Display: Worker (4/5): shaders left to compile 79
[2020.07.28-00.42.03:436][982]LogShaderCompilers: Display: Worker (2/5): shaders left to compile 78
[2020.07.28-00.42.03:518][986]LogShaderCompilers: Display: Worker (3/5): shaders left to compile 77
[2020.07.28-00.42.03:564][988]LogShaderCompilers: Display: Worker (1/5): shaders left to compile 76
[2020.07.28-00.42.03:621][991]LogShaderCompilers: Display: Worker (2/5): shaders left to compile 75
[2020.07.28-00.42.03:727][997]LogShaderCompilers: Display: Worker (4/5): shaders left to compile 74
[2020.07.28-00.42.03:802][  1]LogShaderCompilers: Display: Worker (1/5): shaders left to compile 73
[2020.07.28-00.42.03:858][  4]LogShaderCompilers: Display: Worker (3/5): shaders left to compile 72
[2020.07.28-00.42.03:897][  6]LogShaderCompilers: Display: Worker (2/5): shaders left to compile 71
[2020.07.28-00.42.03:971][ 10]LogShaderCompilers: Display: Worker (4/5): shaders left to compile 70
[2020.07.28-00.42.03:990][ 11]LogShaderCompilers: Display: Worker (1/5): shaders left to compile 69
[2020.07.28-00.42.04:031][ 13]LogShaderCompilers: Display: Worker (3/5): shaders left to compile 68
[2020.07.28-00.42.04:204][ 22]LogShaderCompilers: Display: Worker (2/5): shaders left to compile 67
[2020.07.28-00.42.04:538][ 34]LogShaderCompilers: Display: Worker (3/5): shaders left to compile 66
[2020.07.28-00.42.04:645][ 39]LogShaderCompilers: Display: Worker (4/5): shaders left to compile 65
[2020.07.28-00.42.04:729][ 43]LogShaderCompilers: Display: Worker (1/5): shaders left to compile 64
[2020.07.28-00.42.04:840][ 48]LogShaderCompilers: Display: Worker (2/5): shaders left to compile 63
[2020.07.28-00.42.05:023][ 56]LogShaderCompilers: Display: Worker (4/5): shaders left to compile 62
[2020.07.28-00.42.05:166][ 62]LogShaderCompilers: Display: Worker (3/5): shaders left to compile 61
[2020.07.28-00.42.05:324][ 69]LogShaderCompilers: Display: Worker (1/5): shaders left to compile 60
[2020.07.28-00.42.05:416][ 72]LogShaderCompilers: Display: Worker (4/5): shaders left to compile 59
[2020.07.28-00.42.05:417][ 72]LogShaderCompilers: Display: Worker (2/5): shaders left to compile 58
[2020.07.28-00.42.05:738][ 87]LogShaderCompilers: Display: Worker (3/5): shaders left to compile 57
[2020.07.28-00.42.05:784][ 89]LogShaderCompilers: Display: Worker (4/5): shaders left to compile 56
[2020.07.28-00.42.05:966][ 99]LogShaderCompilers: Display: Worker (1/5): shaders left to compile 55
[2020.07.28-00.42.06:008][101]LogShaderCompilers: Display: Worker (2/5): shaders left to compile 54
[2020.07.28-00.42.06:183][110]LogShaderCompilers: Display: Worker (4/5): shaders left to compile 53
[2020.07.28-00.42.06:412][120]LogShaderCompilers: Display: Worker (3/5): shaders left to compile 52
[2020.07.28-00.42.06:526][126]LogShaderCompilers: Display: Worker (4/5): shaders left to compile 51
[2020.07.28-00.42.06:600][130]LogShaderCompilers: Display: Worker (1/5): shaders left to compile 50
[2020.07.28-00.42.06:638][132]LogShaderCompilers: Display: Worker (2/5): shaders left to compile 49
[2020.07.28-00.42.06:953][145]LogShaderCompilers: Display: Worker (3/5): shaders left to compile 48
[2020.07.28-00.42.06:953][145]LogShaderCompilers: Display: Worker (1/5): shaders left to compile 47
[2020.07.28-00.42.07:066][152]LogShaderCompilers: Display: Worker (4/5): shaders left to compile 46
[2020.07.28-00.42.07:150][156]LogShaderCompilers: Display: Worker (3/5): shaders left to compile 45
[2020.07.28-00.42.07:233][160]LogShaderCompilers: Display: Worker (1/5): shaders left to compile 44
[2020.07.28-00.42.07:251][161]LogShaderCompilers: Display: Worker (4/5): shaders left to compile 43
[2020.07.28-00.42.07:258][161]LogMaterial: Display: Missing cached shader map for material WorldGridMaterial, compiling. Is special engine material.
[2020.07.28-00.42.07:318][161]LogShaderCompilers: Display: Worker (2/5): shaders left to compile 20
[2020.07.28-00.42.07:322][161]LogMaterial: Display: Missing cached shader map for material WorldGridMaterial, compiling. Is special engine material.
[2020.07.28-00.42.07:369][161]LogShaderCompilers: Display: Worker (1/5): shaders left to compile 19
[2020.07.28-00.42.07:369][161]LogShaderCompilers: Display: Worker (3/5): shaders left to compile 18
[2020.07.28-00.42.07:373][161]LogMaterial: Display: Missing cached shader map for material WorldGridMaterial, compiling. Is special engine material.
[2020.07.28-00.42.07:605][168]LogShaderCompilers: Display: Worker (4/5): shaders left to compile 114
[2020.07.28-00.42.07:629][168]LogShaderCompilers: Display: Worker (2/5): shaders left to compile 113
[2020.07.28-00.42.07:707][173]LogShaderCompilers: Display: Worker (3/5): shaders left to compile 112
[2020.07.28-00.42.07:773][176]LogShaderCompilers: Display: Worker (1/5): shaders left to compile 111
[2020.07.28-00.42.07:943][184]LogShaderCompilers: Display: Worker (4/5): shaders left to compile 110
[2020.07.28-00.42.08:089][190]LogShaderCompilers: Display: Worker (2/5): shaders left to compile 109
[2020.07.28-00.42.08:131][192]LogShaderCompilers: Display: Worker (3/5): shaders left to compile 108
[2020.07.28-00.42.08:150][193]LogShaderCompilers: Display: Worker (1/5): shaders left to compile 107
[2020.07.28-00.42.08:376][204]LogShaderCompilers: Display: Worker (4/5): shaders left to compile 106
[2020.07.28-00.42.08:530][208]LogShaderCompilers: Display: Worker (1/5): shaders left to compile 105
[2020.07.28-00.42.08:601][212]LogShaderCompilers: Display: Worker (3/5): shaders left to compile 104
[2020.07.28-00.42.08:601][212]LogShaderCompilers: Display: Worker (2/5): shaders left to compile 103
[2020.07.28-00.42.08:707][215]LogShaderCompilers: Display: Worker (4/5): shaders left to compile 102
[2020.07.28-00.42.08:920][223]LogMaterialEditor: Saving and Compiling material WorldGridMaterial
[2020.07.28-00.42.09:464][223]LogShaderCompilers: Display: Worker (2/5): shaders left to compile 101
[2020.07.28-00.42.09:464][223]LogShaderCompilers: Display: Worker (1/5): shaders left to compile 100
[2020.07.28-00.42.09:464][223]LogShaderCompilers: Display: Worker (3/5): shaders left to compile 99
[2020.07.28-00.42.09:464][223]LogShaderCompilers: Display: Worker (4/5): shaders left to compile 98
[2020.07.28-00.42.09:464][223]LogShaderCompilers: Display: Worker (3/5): shaders left to compile 97
[2020.07.28-00.42.09:464][223]LogShaderCompilers: Display: Worker (4/5): shaders left to compile 96
[2020.07.28-00.42.09:464][223]LogShaderCompilers: Display: Worker (2/5): shaders left to compile 95
[2020.07.28-00.42.09:464][223]LogShaderCompilers: Display: Worker (1/5): shaders left to compile 94
[2020.07.28-00.42.09:464][223]LogShaderCompilers: Display: Worker (3/5): shaders left to compile 93
[2020.07.28-00.42.09:464][223]LogShaderCompilers: Display: Worker (4/5): shaders left to compile 92
[2020.07.28-00.42.09:523][223]LogMaterial: Display: Missing cached shader map for material WorldGridMaterial, compiling. Is special engine material.
[2020.07.28-00.42.09:677][223]LogShaderCompilers: Display: Worker (1/5): shaders left to compile 97
[2020.07.28-00.42.09:677][223]LogShaderCompilers: Display: Worker (2/5): shaders left to compile 96
[2020.07.28-00.42.09:677][223]LogShaderCompilers: Display: Worker (3/5): shaders left to compile 95
[2020.07.28-00.42.09:677][223]LogShaderCompilers: Display: Worker (4/5): shaders left to compile 94
[2020.07.28-00.42.09:692][223]LogMaterial: Display: Missing cached shader map for material WorldGridMaterial, compiling. 
[2020.07.28-00.42.17:733][223]LogShaderCompilers: Display: Worker (1/5): shaders left to compile 120
[2020.07.28-00.42.17:733][223]LogShaderCompilers: Display: Worker (2/5): shaders left to compile 119
[2020.07.28-00.42.17:733][223]LogShaderCompilers: Display: Worker (3/5): shaders left to compile 118
[2020.07.28-00.42.17:733][223]LogShaderCompilers: Display: Worker (4/5): shaders left to compile 117
[2020.07.28-00.42.17:733][223]LogShaderCompilers: Display: Worker (1/5): shaders left to compile 116
[2020.07.28-00.42.17:733][223]LogShaderCompilers: Display: Worker (3/5): shaders left to compile 115
[2020.07.28-00.42.17:733][223]LogShaderCompilers: Display: Worker (4/5): shaders left to compile 114
[2020.07.28-00.42.17:733][223]LogShaderCompilers: Display: Worker (2/5): shaders left to compile 113
[2020.07.28-00.42.17:733][223]LogShaderCompilers: Display: Worker (1/5): shaders left to compile 112
[2020.07.28-00.42.17:733][223]LogShaderCompilers: Display: Worker (3/5): shaders left to compile 111
[2020.07.28-00.42.17:733][223]LogShaderCompilers: Display: Worker (1/5): shaders left to compile 110
[2020.07.28-00.42.17:733][223]LogShaderCompilers: Display: Worker (4/5): shaders left to compile 109
[2020.07.28-00.42.17:733][223]LogShaderCompilers: Display: Worker (1/5): shaders left to compile 108
[2020.07.28-00.42.17:733][223]LogShaderCompilers: Display: Worker (2/5): shaders left to compile 107
[2020.07.28-00.42.17:733][223]LogShaderCompilers: Display: Worker (3/5): shaders left to compile 106
[2020.07.28-00.42.17:733][223]LogShaderCompilers: Display: Worker (1/5): shaders left to compile 105
[2020.07.28-00.42.17:733][223]LogShaderCompilers: Display: Worker (4/5): shaders left to compile 104
[2020.07.28-00.42.17:733][223]LogShaderCompilers: Display: Worker (3/5): shaders left to compile 103
[2020.07.28-00.42.17:733][223]LogShaderCompilers: Display: Worker (2/5): shaders left to compile 102
[2020.07.28-00.42.17:733][223]LogShaderCompilers: Display: Worker (1/5): shaders left to compile 101
[2020.07.28-00.42.17:733][223]LogShaderCompilers: Display: Worker (4/5): shaders left to compile 100
[2020.07.28-00.42.17:733][223]LogShaderCompilers: Display: Worker (3/5): shaders left to compile 99
[2020.07.28-00.42.17:733][223]LogShaderCompilers: Display: Worker (2/5): shaders left to compile 98
[2020.07.28-00.42.17:733][223]LogShaderCompilers: Display: Worker (1/5): shaders left to compile 97
[2020.07.28-00.42.17:733][223]LogShaderCompilers: Display: Worker (4/5): shaders left to compile 96
[2020.07.28-00.42.17:733][223]LogShaderCompilers: Display: Worker (3/5): shaders left to compile 95
[2020.07.28-00.42.17:733][223]LogShaderCompilers: Display: Worker (1/5): shaders left to compile 94
[2020.07.28-00.42.17:733][223]LogShaderCompilers: Display: Worker (2/5): shaders left to compile 93
[2020.07.28-00.42.17:733][223]LogShaderCompilers: Display: Worker (4/5): shaders left to compile 92
[2020.07.28-00.42.17:733][223]LogShaderCompilers: Display: Worker (3/5): shaders left to compile 91
[2020.07.28-00.42.17:733][223]LogShaderCompilers: Display: Worker (1/5): shaders left to compile 90
[2020.07.28-00.42.17:733][223]LogShaderCompilers: Display: Worker (2/5): shaders left to compile 89
[2020.07.28-00.42.17:733][223]LogShaderCompilers: Display: Worker (3/5): shaders left to compile 88
[2020.07.28-00.42.17:733][223]LogShaderCompilers: Display: Worker (4/5): shaders left to compile 87
[2020.07.28-00.42.17:733][223]LogShaderCompilers: Display: Worker (2/5): shaders left to compile 86
[2020.07.28-00.42.17:733][223]LogShaderCompilers: Display: Worker (1/5): shaders left to compile 85
[2020.07.28-00.42.17:733][223]LogShaderCompilers: Display: Worker (4/5): shaders left to compile 84
[2020.07.28-00.42.17:733][223]LogShaderCompilers: Display: Worker (3/5): shaders left to compile 83
[2020.07.28-00.42.17:733][223]LogShaderCompilers: Display: Worker (1/5): shaders left to compile 82
[2020.07.28-00.42.17:733][223]LogShaderCompilers: Display: Worker (2/5): shaders left to compile 81
[2020.07.28-00.42.17:733][223]LogShaderCompilers: Display: Worker (3/5): shaders left to compile 80
[2020.07.28-00.42.17:733][223]LogShaderCompilers: Display: Worker (4/5): shaders left to compile 79
[2020.07.28-00.42.17:733][223]LogShaderCompilers: Display: Worker (1/5): shaders left to compile 78
[2020.07.28-00.42.17:733][223]LogShaderCompilers: Display: Worker (2/5): shaders left to compile 77
[2020.07.28-00.42.17:733][223]LogShaderCompilers: Display: Worker (3/5): shaders left to compile 76
[2020.07.28-00.42.17:733][223]LogShaderCompilers: Display: Worker (4/5): shaders left to compile 75
[2020.07.28-00.42.17:733][223]LogShaderCompilers: Display: Worker (1/5): shaders left to compile 74
[2020.07.28-00.42.17:734][223]LogShaderCompilers: Display: Worker (4/5): shaders left to compile 73
[2020.07.28-00.42.17:734][223]LogShaderCompilers: Display: Worker (2/5): shaders left to compile 72
[2020.07.28-00.42.17:734][223]LogShaderCompilers: Display: Worker (3/5): shaders left to compile 71
[2020.07.28-00.42.17:734][223]LogShaderCompilers: Display: Worker (1/5): shaders left to compile 70
[2020.07.28-00.42.17:734][223]LogShaderCompilers: Display: Worker (2/5): shaders left to compile 69
[2020.07.28-00.42.17:734][223]LogShaderCompilers: Display: Worker (4/5): shaders left to compile 68
[2020.07.28-00.42.17:734][223]LogShaderCompilers: Display: Worker (3/5): shaders left to compile 67
[2020.07.28-00.42.17:734][223]LogShaderCompilers: Display: Worker (2/5): shaders left to compile 66
[2020.07.28-00.42.17:734][223]LogShaderCompilers: Display: Worker (1/5): shaders left to compile 65
[2020.07.28-00.42.17:734][223]LogShaderCompilers: Display: Worker (2/5): shaders left to compile 64
[2020.07.28-00.42.17:734][223]LogShaderCompilers: Display: Worker (4/5): shaders left to compile 63
[2020.07.28-00.42.17:734][223]LogShaderCompilers: Display: Worker (3/5): shaders left to compile 62
[2020.07.28-00.42.17:734][223]LogShaderCompilers: Display: Worker (1/5): shaders left to compile 61
[2020.07.28-00.42.17:734][223]LogShaderCompilers: Display: Worker (4/5): shaders left to compile 60
[2020.07.28-00.42.17:734][223]LogShaderCompilers: Display: Worker (2/5): shaders left to compile 59
[2020.07.28-00.42.17:734][223]LogShaderCompilers: Display: Worker (4/5): shaders left to compile 58
[2020.07.28-00.42.17:734][223]LogShaderCompilers: Display: Worker (3/5): shaders left to compile 57
[2020.07.28-00.42.17:734][223]LogShaderCompilers: Display: Worker (1/5): shaders left to compile 56
[2020.07.28-00.42.17:734][223]LogShaderCompilers: Display: Worker (2/5): shaders left to compile 55
[2020.07.28-00.42.17:734][223]LogShaderCompilers: Display: Worker (3/5): shaders left to compile 54
[2020.07.28-00.42.17:734][223]LogShaderCompilers: Display: Worker (4/5): shaders left to compile 53
[2020.07.28-00.42.17:734][223]LogShaderCompilers: Display: Worker (2/5): shaders left to compile 52
[2020.07.28-00.42.17:734][223]LogShaderCompilers: Display: Worker (3/5): shaders left to compile 51
[2020.07.28-00.42.17:734][223]LogShaderCompilers: Display: Worker (4/5): shaders left to compile 50
[2020.07.28-00.42.17:734][223]LogShaderCompilers: Display: Worker (1/5): shaders left to compile 49
[2020.07.28-00.42.17:734][223]LogShaderCompilers: Display: Worker (2/5): shaders left to compile 48
[2020.07.28-00.42.17:734][223]LogShaderCompilers: Display: Worker (3/5): shaders left to compile 47
[2020.07.28-00.42.17:734][223]LogShaderCompilers: Display: Worker (1/5): shaders left to compile 46
[2020.07.28-00.42.17:734][223]LogShaderCompilers: Display: Worker (3/5): shaders left to compile 45
[2020.07.28-00.42.17:734][223]LogShaderCompilers: Display: Worker (4/5): shaders left to compile 44
[2020.07.28-00.42.17:734][223]LogShaderCompilers: Display: Worker (3/5): shaders left to compile 43
[2020.07.28-00.42.17:734][223]LogShaderCompilers: Display: Worker (1/5): shaders left to compile 42
[2020.07.28-00.42.17:734][223]LogShaderCompilers: Display: Worker (2/5): shaders left to compile 41
[2020.07.28-00.42.17:734][223]LogShaderCompilers: Display: Worker (4/5): shaders left to compile 40
[2020.07.28-00.42.17:734][223]LogShaderCompilers: Display: Worker (3/5): shaders left to compile 39
[2020.07.28-00.42.17:734][223]LogShaderCompilers: Display: Worker (2/5): shaders left to compile 38
[2020.07.28-00.42.17:734][223]LogShaderCompilers: Display: Worker (1/5): shaders left to compile 37
[2020.07.28-00.42.17:734][223]LogShaderCompilers: Display: Worker (4/5): shaders left to compile 36
[2020.07.28-00.42.17:734][223]LogShaderCompilers: Display: Worker (3/5): shaders left to compile 35
[2020.07.28-00.42.17:734][223]LogShaderCompilers: Display: Worker (1/5): shaders left to compile 34
[2020.07.28-00.42.17:734][223]LogShaderCompilers: Display: Worker (2/5): shaders left to compile 33
[2020.07.28-00.42.17:734][223]LogShaderCompilers: Display: Worker (3/5): shaders left to compile 32
[2020.07.28-00.42.17:734][223]LogShaderCompilers: Display: Worker (4/5): shaders left to compile 31
[2020.07.28-00.42.17:734][223]LogShaderCompilers: Display: Worker (2/5): shaders left to compile 30
[2020.07.28-00.42.17:734][223]LogShaderCompilers: Display: Worker (4/5): shaders left to compile 29
[2020.07.28-00.42.17:734][223]LogShaderCompilers: Display: Worker (1/5): shaders left to compile 28
[2020.07.28-00.42.17:734][223]LogShaderCompilers: Display: Worker (3/5): shaders left to compile 27
[2020.07.28-00.42.17:734][223]LogShaderCompilers: Display: Worker (2/5): shaders left to compile 26
[2020.07.28-00.42.17:734][223]LogShaderCompilers: Display: Worker (4/5): shaders left to compile 25
[2020.07.28-00.42.17:734][223]LogShaderCompilers: Display: Worker (3/5): shaders left to compile 24
[2020.07.28-00.42.17:734][223]LogShaderCompilers: Display: Worker (1/5): shaders left to compile 23
[2020.07.28-00.42.17:734][223]LogShaderCompilers: Display: Worker (2/5): shaders left to compile 22
[2020.07.28-00.42.17:734][223]LogShaderCompilers: Display: Worker (4/5): shaders left to compile 21
[2020.07.28-00.42.17:734][223]LogShaderCompilers: Display: Worker (3/5): shaders left to compile 20
[2020.07.28-00.42.17:734][223]LogShaderCompilers: Display: Worker (1/5): shaders left to compile 19
[2020.07.28-00.42.17:734][223]LogShaderCompilers: Display: Worker (2/5): shaders left to compile 18
[2020.07.28-00.42.17:734][223]LogShaderCompilers: Display: Worker (4/5): shaders left to compile 17
[2020.07.28-00.42.17:734][223]LogShaderCompilers: Display: Worker (3/5): shaders left to compile 16
[2020.07.28-00.42.17:734][223]LogShaderCompilers: Display: Worker (1/5): shaders left to compile 15
[2020.07.28-00.42.17:734][223]LogShaderCompilers: Display: Worker (2/5): shaders left to compile 14
[2020.07.28-00.42.17:734][223]LogShaderCompilers: Display: Worker (3/5): shaders left to compile 13
[2020.07.28-00.42.17:734][223]LogShaderCompilers: Display: Worker (4/5): shaders left to compile 12
[2020.07.28-00.42.17:735][223]LogShaderCompilers: Display: Worker (1/5): shaders left to compile 11
[2020.07.28-00.42.17:735][223]LogShaderCompilers: Display: Worker (4/5): shaders left to compile 10
[2020.07.28-00.42.17:735][223]LogShaderCompilers: Display: Worker (2/5): shaders left to compile 9
[2020.07.28-00.42.17:735][223]LogShaderCompilers: Display: Worker (3/5): shaders left to compile 8
[2020.07.28-00.42.17:735][223]LogShaderCompilers: Display: Worker (1/5): shaders left to compile 7
[2020.07.28-00.42.17:735][223]LogShaderCompilers: Display: Worker (2/5): shaders left to compile 6
[2020.07.28-00.42.17:735][223]LogShaderCompilers: Display: Worker (4/5): shaders left to compile 5
[2020.07.28-00.42.17:735][223]LogShaderCompilers: Display: Worker (3/5): shaders left to compile 4
[2020.07.28-00.42.17:735][223]LogShaderCompilers: Display: Worker (1/5): shaders left to compile 3
[2020.07.28-00.42.17:735][223]LogShaderCompilers: Display: Worker (2/5): shaders left to compile 2
[2020.07.28-00.42.17:735][223]LogShaderCompilers: Display: Worker (4/5): shaders left to compile 1
[2020.07.28-00.42.17:737][223]LogMaterial: Error: Couldn't find ShaderPipeline DepthPosOnlyNoPixelPipeline for Material Resource WorldGridMaterial!
[2020.07.28-00.42.17:737][223]LogMaterial: Error: Missing Vertex shader TDepthOnlyVS<true>!
[2020.07.28-00.42.17:737][223]LogWindows: Windows GetLastError: The operation completed successfully. (0)
[2020.07.28-00.42.18:766][223]LogOutputDevice: Warning: 

Script Stack (0 frames):

[2020.07.28-00.42.18:766][223]LogWindows: Windows GetLastError: The operation completed successfully. (0)
[2020.07.28-00.42.18:767][223]LogWindows: Error: === Critical error: ===
[2020.07.28-00.42.18:767][223]LogWindows: Error: 
[2020.07.28-00.42.18:767][223]LogWindows: Error: Fatal error: [File:D:/Build/++UE4/Sync/Engine/Source/Runtime/RenderCore/Private/RenderingThread.cpp] [Line: 836] 
[2020.07.28-00.42.18:767][223]LogWindows: Error: Rendering thread exception:
[2020.07.28-00.42.18:768][223]LogWindows: Error: Fatal error: [File:D:/Build/++UE4/Sync/Engine/Source/Runtime/Engine/Private/Materials/MaterialShared.cpp] [Line: 2100] 
[2020.07.28-00.42.18:768][223]LogWindows: Error: 		With VF=FLocalVertexFactory, Platform=PCD3D_SM5
[2020.07.28-00.42.18:768][223]LogWindows: Error: 		MaterialUsageDesc: LightingModel=MSM_DefaultLit, BlendMode=BLEND_Opaque, SpecialEngine=0, TwoSided=1, TSNormal=1, Masked=0, Distorted=0, WritesEveryPixel=1, ModifiesMeshPosition=0, Usage={}
[2020.07.28-00.42.18:768][223]LogWindows: Error: 
[2020.07.28-00.42.18:768][223]LogWindows: Error: 
[2020.07.28-00.42.18:768][223]LogWindows: Error: [Callstack] 0x00007ffd794ba839 KERNELBASE.dll!UnknownFunction []
[2020.07.28-00.42.18:768][223]LogWindows: Error: [Callstack] 0x00007ffd221da367 UE4Editor-Core.dll!UnknownFunction []
[2020.07.28-00.42.18:768][223]LogWindows: Error: [Callstack] 0x00007ffd221dcbc4 UE4Editor-Core.dll!UnknownFunction []
[2020.07.28-00.42.18:768][223]LogWindows: Error: [Callstack] 0x00007ffd21fd1ada UE4Editor-Core.dll!UnknownFunction []
[2020.07.28-00.42.18:768][223]LogWindows: Error: [Callstack] 0x00007ffd21f267a3 UE4Editor-Core.dll!UnknownFunction []
[2020.07.28-00.42.18:768][223]LogWindows: Error: [Callstack] 0x00007ffd21f26688 UE4Editor-Core.dll!UnknownFunction []
[2020.07.28-00.42.18:768][223]LogWindows: Error: [Callstack] 0x00007ffd2325e67d UE4Editor-Engine.dll!UnknownFunction []
[2020.07.28-00.42.18:768][223]LogWindows: Error: [Callstack] 0x00007ffd1acdef72 UE4Editor-Renderer.dll!UnknownFunction []
[2020.07.28-00.42.18:768][223]LogWindows: Error: [Callstack] 0x00007ffd1aceb694 UE4Editor-Renderer.dll!UnknownFunction []
[2020.07.28-00.42.18:768][223]LogWindows: Error: [Callstack] 0x00007ffd1b0cd991 UE4Editor-Renderer.dll!UnknownFunction []
[2020.07.28-00.42.18:768][223]LogWindows: Error: [Callstack] 0x00007ffd1b0c605e UE4Editor-Renderer.dll!UnknownFunction []
[2020.07.28-00.42.18:768][223]LogWindows: Error: [Callstack] 0x00007ffd1b0c6446 UE4Editor-Renderer.dll!UnknownFunction []
[2020.07.28-00.42.18:768][223]LogWindows: Error: [Callstack] 0x00007ffd1b141dbc UE4Editor-Renderer.dll!UnknownFunction []
[2020.07.28-00.42.18:768][223]LogWindows: Error: [Callstack] 0x00007ffd1b1388f0 UE4Editor-Renderer.dll!UnknownFunction []
[2020.07.28-00.42.18:768][223]LogWindows: Error: [Callstack] 0x00007ffd1b1697b1 UE4Editor-Renderer.dll!UnknownFunction []
[2020.07.28-00.42.18:768][223]LogWindows: Error: [Callstack] 0x00007ffd21da4e4a UE4Editor-Core.dll!UnknownFunction []
[2020.07.28-00.42.18:768][223]LogWindows: Error: [Callstack] 0x00007ffd21da51f3 UE4Editor-Core.dll!UnknownFunction []
[2020.07.28-00.42.18:768][223]LogWindows: Error: [Callstack] 0x00007ffd55f40021 UE4Editor-RenderCore.dll!UnknownFunction []
[2020.07.28-00.42.18:768][223]LogWindows: Error: [Callstack] 0x00007ffd55f485b4 UE4Editor-RenderCore.dll!UnknownFunction []
[2020.07.28-00.42.18:768][223]LogWindows: Error: [Callstack] 0x00007ffd221f9f5f UE4Editor-Core.dll!UnknownFunction []
[2020.07.28-00.42.18:768][223]LogWindows: Error: [Callstack] 0x00007ffd221f04b1 UE4Editor-Core.dll!UnknownFunction []
[2020.07.28-00.42.18:768][223]LogWindows: Error: [Callstack] 0x00007ffd7b6e7bd4 KERNEL32.DLL!UnknownFunction []
[2020.07.28-00.42.18:768][223]LogWindows: Error: [Callstack] 0x00007ffd7c08ced1 ntdll.dll!UnknownFunction []
[2020.07.28-00.42.18:768][223]LogWindows: Error: 
[2020.07.28-00.42.18:768][223]LogWindows: Error: 
[2020.07.28-00.42.18:768][223]LogWindows: Error: 
[2020.07.28-00.42.18:768][223]LogWindows: Error: 
[2020.07.28-00.42.18:780][223]LogExit: Executing StaticShutdownAfterError
[2020.07.28-00.42.18:783][223]LogWindows: FPlatformMisc::RequestExit(1)
[2020.07.28-00.42.18:801][223]Log file closed, 07/28/20 10:42:18
