Log file open, 07/27/20 16:17:29
LogWindows: Failed to load 'aqProf.dll' (GetLastError=126)
LogWindows: File 'aqProf.dll' does not exist
LogWindows: Failed to load 'VtuneApi.dll' (GetLastError=126)
LogWindows: File 'VtuneApi.dll' does not exist
LogWindows: Failed to load 'VtuneApi32e.dll' (GetLastError=126)
LogWindows: File 'VtuneApi32e.dll' does not exist
LogConsoleResponse: Display: Failed to find resolution value strings in scalability ini. Falling back to default.
LogInit: Display: Running engine for game: Guudo
LogPlatformFile: Not using cached read wrapper
LogTaskGraph: Started task graph with 5 named threads and 23 total threads with 3 sets of task threads.
LogStats: Stats thread started at 0.068486
LogD3D11RHI: Loaded GFSDK_Aftermath_Lib.x64.dll
LogICUInternationalization: ICU TimeZone Detection - Raw Offset: +10:00, Platform Override: ''
LogPluginManager: Mounting plugin Paper2D
LogPluginManager: Mounting plugin AISupport
LogPluginManager: Mounting plugin LightPropagationVolume
LogPluginManager: Mounting plugin ActorLayerUtilities
LogPluginManager: Mounting plugin AnimationSharing
LogPluginManager: Mounting plugin CLionSourceCodeAccess
LogPluginManager: Mounting plugin CodeLiteSourceCodeAccess
LogPluginManager: Mounting plugin GitSourceControl
LogPluginManager: Mounting plugin KDevelopSourceCodeAccess
LogPluginManager: Mounting plugin NullSourceCodeAccess
LogPluginManager: Mounting plugin PerforceSourceControl
LogPluginManager: Mounting plugin SubversionSourceControl
LogPluginManager: Mounting plugin UObjectPlugin
LogPluginManager: Mounting plugin VisualStudioCodeSourceCodeAccess
LogPluginManager: Mounting plugin VisualStudioSourceCodeAccess
LogPluginManager: Mounting plugin XCodeSourceCodeAccess
LogPluginManager: Mounting plugin AssetManagerEditor
LogPluginManager: Mounting plugin CryptoKeys
LogPluginManager: Mounting plugin CurveEditorTools
LogPluginManager: Mounting plugin DataValidation
LogPluginManager: Mounting plugin FacialAnimation
LogPluginManager: Mounting plugin GameplayTagsEditor
LogPluginManager: Mounting plugin MacGraphicsSwitching
LogPluginManager: Mounting plugin MaterialAnalyzer
LogPluginManager: Mounting plugin MobileLauncherProfileWizard
LogPluginManager: Mounting plugin PluginBrowser
LogPluginManager: Mounting plugin SpeedTreeImporter
LogPluginManager: Mounting plugin DatasmithContent
LogPluginManager: Mounting plugin VariantManagerContent
LogPluginManager: Mounting plugin AlembicImporter
LogPluginManager: Mounting plugin AutomationUtils
LogPluginManager: Mounting plugin BackChannel
LogPluginManager: Mounting plugin CharacterAI
LogPluginManager: Mounting plugin GeometryCache
LogPluginManager: Mounting plugin HTML5Networking
LogPluginManager: Mounting plugin PlatformCrypto
LogPluginManager: Mounting plugin ProxyLODPlugin
LogPluginManager: Mounting plugin SkeletalReduction
LogPluginManager: Mounting plugin MagicLeap
LogPluginManager: Mounting plugin MagicLeapMedia
LogPluginManager: Mounting plugin AndroidMedia
LogPluginManager: Mounting plugin AvfMedia
LogPluginManager: Mounting plugin ImgMedia
LogPluginManager: Mounting plugin MediaCompositing
LogPluginManager: Mounting plugin MediaPlayerEditor
LogPluginManager: Mounting plugin WebMMedia
LogPluginManager: Mounting plugin WmfMedia
LogPluginManager: Mounting plugin TcpMessaging
LogPluginManager: Mounting plugin UdpMessaging
LogPluginManager: Mounting plugin ActorSequence
LogPluginManager: Mounting plugin LevelSequenceEditor
LogPluginManager: Mounting plugin MatineeToLevelSequence
LogPluginManager: Mounting plugin NetcodeUnitTest
LogPluginManager: Mounting plugin NUTUnrealEngine4
LogPluginManager: Mounting plugin OnlineSubsystemGooglePlay
LogPluginManager: Mounting plugin OnlineSubsystemIOS
LogPluginManager: Mounting plugin OnlineSubsystem
LogPluginManager: Mounting plugin OnlineSubsystemNull
LogPluginManager: Mounting plugin OnlineSubsystemUtils
LogPluginManager: Mounting plugin LauncherChunkInstaller
LogPluginManager: Mounting plugin AndroidDeviceProfileSelector
LogPluginManager: Mounting plugin AndroidMoviePlayer
LogPluginManager: Mounting plugin AndroidPermission
LogPluginManager: Mounting plugin AppleImageUtils
LogPluginManager: Mounting plugin AppleMoviePlayer
LogPluginManager: Mounting plugin ArchVisCharacter
LogPluginManager: Mounting plugin AudioCapture
LogPluginManager: Mounting plugin CableComponent
LogPluginManager: Mounting plugin CustomMeshComponent
LogPluginManager: Mounting plugin EditableMesh
LogPluginManager: Mounting plugin ExampleDeviceProfileSelector
LogPluginManager: Mounting plugin GoogleCloudMessaging
LogPluginManager: Mounting plugin IOSDeviceProfileSelector
LogPluginManager: Mounting plugin LinuxDeviceProfileSelector
LogPluginManager: Mounting plugin LocationServicesBPLibrary
LogPluginManager: Mounting plugin MobilePatchingUtils
LogPluginManager: Mounting plugin OculusVR
LogPluginManager: Mounting plugin PhysXVehicles
LogPluginManager: Mounting plugin ProceduralMeshComponent
LogPluginManager: Mounting plugin RuntimePhysXCooking
LogPluginManager: Mounting plugin SignificanceManager
LogPluginManager: Mounting plugin SteamVR
LogPluginManager: Mounting plugin WebMMoviePlayer
LogPluginManager: Mounting plugin WindowsMoviePlayer
LogPluginManager: Mounting plugin ScreenshotTools
LogInit: Using libcurl 7.55.1-DEV
LogInit:  - built for x86_64-pc-win32
LogInit:  - supports SSL with OpenSSL/1.1.1
LogInit:  - supports HTTP deflate (compression) using libz 1.2.8
LogInit:  - other features:
LogInit:      CURL_VERSION_SSL
LogInit:      CURL_VERSION_LIBZ
LogInit:      CURL_VERSION_IPV6
LogInit:      CURL_VERSION_ASYNCHDNS
LogInit:      CURL_VERSION_LARGEFILE
LogInit:      CURL_VERSION_IDN
LogInit:  CurlRequestOptions (configurable via config and command line):
LogInit:  - bVerifyPeer = true  - Libcurl will verify peer certificate
LogInit:  - bUseHttpProxy = false  - Libcurl will NOT use HTTP proxy
LogInit:  - bDontReuseConnections = false  - Libcurl will reuse connections
LogInit:  - MaxHostConnections = 16  - Libcurl will limit the number of connections to a host
LogInit:  - LocalHostAddr = Default
LogInit:  - BufferSize = 65536
LogOnline: OSS: Creating online subsystem instance for: NULL
LogInit: WinSock: version 1.1 (2.2), MaxSocks=32767, MaxUdp=65467
LogInit: Build: ++UE4+Release-4.23-CL-9631420
LogInit: Engine Version: 4.23.1-9631420+++UE4+Release-4.23
LogInit: Compatible Engine Version: 4.23.0-8386587+++UE4+Release-4.23
LogInit: Net CL: 8386587
LogInit: OS: Windows 10 (Release 1909) (), CPU: Intel(R) Core(TM) i7-4770 CPU @ 3.40GHz, GPU: NVIDIA GeForce GTX 770
LogInit: Compiled (64-bit): Oct 18 2019 02:07:44
LogInit: Compiled with Visual C++: 19.16.27030.01
LogInit: Build Configuration: Development
LogInit: Branch Name: ++UE4+Release-4.23
LogInit: Command Line: 
LogInit: Base Directory: C:/Program Files/Epic Games/UE_4.23/Engine/Binaries/Win64/
LogInit: Installed Engine Build: 1
LogDevObjectVersion: Number of dev versions registered: 23
LogDevObjectVersion:   Dev-Blueprints (B0D832E4-1F89-4F0D-ACCF-7EB736FD4AA2): 10
LogDevObjectVersion:   Dev-Build (E1C64328-A22C-4D53-A36C-8E866417BD8C): 0
LogDevObjectVersion:   Dev-Core (375EC13C-06E4-48FB-B500-84F0262A717E): 3
LogDevObjectVersion:   Dev-Editor (E4B068ED-F494-42E9-A231-DA0B2E46BB41): 34
LogDevObjectVersion:   Dev-Framework (CFFC743F-43B0-4480-9391-14DF171D2073): 35
LogDevObjectVersion:   Dev-Mobile (B02B49B5-BB20-44E9-A304-32B752E40360): 2
LogDevObjectVersion:   Dev-Networking (A4E4105C-59A1-49B5-A7C5-40C4547EDFEE): 0
LogDevObjectVersion:   Dev-Online (39C831C9-5AE6-47DC-9A44-9C173E1C8E7C): 0
LogDevObjectVersion:   Dev-Physics (78F01B33-EBEA-4F98-B9B4-84EACCB95AA2): 0
LogDevObjectVersion:   Dev-Platform (6631380F-2D4D-43E0-8009-CF276956A95A): 0
LogDevObjectVersion:   Dev-Rendering (12F88B9F-8875-4AFC-A67C-D90C383ABD29): 31
LogDevObjectVersion:   Dev-Sequencer (7B5AE74C-D270-4C10-A958-57980B212A5A): 11
LogDevObjectVersion:   Dev-VR (D7296918-1DD6-4BDD-9DE2-64A83CC13884): 2
LogDevObjectVersion:   Dev-LoadTimes (C2A15278-BFE7-4AFE-6C17-90FF531DF755): 1
LogDevObjectVersion:   Private-Geometry (6EACA3D4-40EC-4CC1-B786-8BED09428FC5): 3
LogDevObjectVersion:   Dev-AnimPhys (29E575DD-E0A3-4627-9D10-D276232CDCEA): 17
LogDevObjectVersion:   Dev-Anim (AF43A65D-7FD3-4947-9873-3E8ED9C1BB05): 2
LogDevObjectVersion:   Dev-ReflectionCapture (6B266CEC-1EC7-4B8F-A30B-E4D90942FC07): 1
LogDevObjectVersion:   Dev-Automation (0DF73D61-A23F-47EA-B727-89E90C41499A): 1
LogDevObjectVersion:   FortniteMain (601D1886-AC64-4F84-AA16-D3DE0DEAC7D6): 27
LogDevObjectVersion:   Dev-Enterprise (9DFFBCD6-494F-0158-E221-12823C92A888): 6
LogDevObjectVersion:   Dev-Niagara (F2AED0AC-9AFE-416F-8664-AA7FFA26D6FC): 1
LogDevObjectVersion:   Dev-Destruction (174F1F0B-B4C6-45A5-B13F-2EE8D0FB917D): 9
LogInit: Presizing for max 16777216 objects, including 0 objects not considered by GC, pre-allocating 0 bytes for permanent pool.
LogInit: Object subsystem initialized
LogConfig: Setting CVar [[con.DebugEarlyDefault:1]]
LogConfig: Setting CVar [[r.setres:1280x720]]
[2020.07.27-06.17.29:729][  0]LogConfig: Setting CVar [[r.VSync:0]]
[2020.07.27-06.17.29:729][  0]LogConfig: Setting CVar [[r.RHICmdBypass:0]]
[2020.07.27-06.17.29:729][  0]LogConfig: Applying CVar settings from Section [/Script/Engine.RendererSettings] File [C:/Users/s191281/Documents/Omni/Guudo/Saved/Config/Windows/Engine.ini]
[2020.07.27-06.17.29:729][  0]LogConfig: Setting CVar [[r.GPUCrashDebugging:0]]
[2020.07.27-06.17.29:729][  0]LogConfig: Applying CVar settings from Section [/Script/Engine.RendererOverrideSettings] File [C:/Users/s191281/Documents/Omni/Guudo/Saved/Config/Windows/Engine.ini]
[2020.07.27-06.17.29:729][  0]LogConfig: Applying CVar settings from Section [/Script/Engine.StreamingSettings] File [C:/Users/s191281/Documents/Omni/Guudo/Saved/Config/Windows/Engine.ini]
[2020.07.27-06.17.29:729][  0]LogConfig: Setting CVar [[s.MinBulkDataSizeForAsyncLoading:131072]]
[2020.07.27-06.17.29:729][  0]LogConfig: Setting CVar [[s.AsyncLoadingThreadEnabled:0]]
[2020.07.27-06.17.29:729][  0]LogConfig: Setting CVar [[s.EventDrivenLoaderEnabled:1]]
[2020.07.27-06.17.29:729][  0]LogConfig: Setting CVar [[s.WarnIfTimeLimitExceeded:0]]
[2020.07.27-06.17.29:729][  0]LogConfig: Setting CVar [[s.TimeLimitExceededMultiplier:1.5]]
[2020.07.27-06.17.29:729][  0]LogConfig: Setting CVar [[s.TimeLimitExceededMinTime:0.005]]
[2020.07.27-06.17.29:729][  0]LogConfig: Setting CVar [[s.UseBackgroundLevelStreaming:1]]
[2020.07.27-06.17.29:729][  0]LogConfig: Setting CVar [[s.PriorityAsyncLoadingExtraTime:15.0]]
[2020.07.27-06.17.29:729][  0]LogConfig: Setting CVar [[s.LevelStreamingActorsUpdateTimeLimit:5.0]]
[2020.07.27-06.17.29:729][  0]LogConfig: Setting CVar [[s.PriorityLevelStreamingActorsUpdateExtraTime:5.0]]
[2020.07.27-06.17.29:729][  0]LogConfig: Setting CVar [[s.LevelStreamingComponentsRegistrationGranularity:10]]
[2020.07.27-06.17.29:729][  0]LogConfig: Setting CVar [[s.UnregisterComponentsTimeLimit:1.0]]
[2020.07.27-06.17.29:729][  0]LogConfig: Setting CVar [[s.LevelStreamingComponentsUnregistrationGranularity:5]]
[2020.07.27-06.17.29:729][  0]LogConfig: Applying CVar settings from Section [/Script/Engine.GarbageCollectionSettings] File [C:/Users/s191281/Documents/Omni/Guudo/Saved/Config/Windows/Engine.ini]
[2020.07.27-06.17.29:729][  0]LogConfig: Setting CVar [[gc.MaxObjectsNotConsideredByGC:1]]
[2020.07.27-06.17.29:729][  0]LogConfig: Setting CVar [[gc.SizeOfPermanentObjectPool:0]]
[2020.07.27-06.17.29:729][  0]LogConfig: Setting CVar [[gc.FlushStreamingOnGC:0]]
[2020.07.27-06.17.29:729][  0]LogConfig: Setting CVar [[gc.NumRetriesBeforeForcingGC:10]]
[2020.07.27-06.17.29:729][  0]LogConfig: Setting CVar [[gc.AllowParallelGC:1]]
[2020.07.27-06.17.29:729][  0]LogConfig: Setting CVar [[gc.TimeBetweenPurgingPendingKillObjects:61.1]]
[2020.07.27-06.17.29:729][  0]LogConfig: Setting CVar [[gc.MaxObjectsInEditor:16777216]]
[2020.07.27-06.17.29:729][  0]LogConfig: Setting CVar [[gc.IncrementalBeginDestroyEnabled:1]]
[2020.07.27-06.17.29:729][  0]LogConfig: Setting CVar [[gc.CreateGCClusters:1]]
[2020.07.27-06.17.29:729][  0]LogConfig: Setting CVar [[gc.MinGCClusterSize:5]]
[2020.07.27-06.17.29:729][  0]LogConfig: Setting CVar [[gc.ActorClusteringEnabled:0]]
[2020.07.27-06.17.29:729][  0]LogConfig: Setting CVar [[gc.BlueprintClusteringEnabled:0]]
[2020.07.27-06.17.29:729][  0]LogConfig: Setting CVar [[gc.UseDisregardForGCOnDedicatedServers:0]]
[2020.07.27-06.17.29:729][  0]LogConfig: Applying CVar settings from Section [/Script/Engine.NetworkSettings] File [C:/Users/s191281/Documents/Omni/Guudo/Saved/Config/Windows/Engine.ini]
[2020.07.27-06.17.29:729][  0]LogConfig: Applying CVar settings from Section [/Script/UnrealEd.CookerSettings] File [C:/Users/s191281/Documents/Omni/Guudo/Saved/Config/Windows/Engine.ini]
[2020.07.27-06.17.29:736][  0]LogConfig: Applying CVar settings from Section [ViewDistanceQuality@3] File [C:/Users/s191281/Documents/Omni/Guudo/Saved/Config/Windows/Scalability.ini]
[2020.07.27-06.17.29:736][  0]LogConfig: Setting CVar [[r.SkeletalMeshLODBias:0]]
[2020.07.27-06.17.29:736][  0]LogConfig: Setting CVar [[r.ViewDistanceScale:1.0]]
[2020.07.27-06.17.29:736][  0]LogConfig: Applying CVar settings from Section [AntiAliasingQuality@3] File [C:/Users/s191281/Documents/Omni/Guudo/Saved/Config/Windows/Scalability.ini]
[2020.07.27-06.17.29:736][  0]LogConfig: Setting CVar [[r.PostProcessAAQuality:4]]
[2020.07.27-06.17.29:736][  0]LogConfig: Applying CVar settings from Section [ShadowQuality@3] File [C:/Users/s191281/Documents/Omni/Guudo/Saved/Config/Windows/Scalability.ini]
[2020.07.27-06.17.29:736][  0]LogConfig: Setting CVar [[r.LightFunctionQuality:1]]
[2020.07.27-06.17.29:736][  0]LogConfig: Setting CVar [[r.ShadowQuality:5]]
[2020.07.27-06.17.29:736][  0]LogConfig: Setting CVar [[r.Shadow.CSM.MaxCascades:10]]
[2020.07.27-06.17.29:736][  0]LogConfig: Setting CVar [[r.Shadow.MaxResolution:2048]]
[2020.07.27-06.17.29:736][  0]LogConfig: Setting CVar [[r.Shadow.MaxCSMResolution:2048]]
[2020.07.27-06.17.29:736][  0]LogConfig: Setting CVar [[r.Shadow.RadiusThreshold:0.01]]
[2020.07.27-06.17.29:736][  0]LogConfig: Setting CVar [[r.Shadow.DistanceScale:1.0]]
[2020.07.27-06.17.29:736][  0]LogConfig: Setting CVar [[r.Shadow.CSM.TransitionScale:1.0]]
[2020.07.27-06.17.29:736][  0]LogConfig: Setting CVar [[r.Shadow.PreShadowResolutionFactor:1.0]]
[2020.07.27-06.17.29:736][  0]LogConfig: Setting CVar [[r.DistanceFieldShadowing:1]]
[2020.07.27-06.17.29:736][  0]LogConfig: Setting CVar [[r.DistanceFieldAO:1]]
[2020.07.27-06.17.29:736][  0]LogConfig: Setting CVar [[r.AOQuality:2]]
[2020.07.27-06.17.29:736][  0]LogConfig: Setting CVar [[r.VolumetricFog:1]]
[2020.07.27-06.17.29:736][  0]LogConfig: Setting CVar [[r.VolumetricFog.GridPixelSize:8]]
[2020.07.27-06.17.29:736][  0]LogConfig: Setting CVar [[r.VolumetricFog.GridSizeZ:128]]
[2020.07.27-06.17.29:736][  0]LogConfig: Setting CVar [[r.VolumetricFog.HistoryMissSupersampleCount:4]]
[2020.07.27-06.17.29:736][  0]LogConfig: Setting CVar [[r.LightMaxDrawDistanceScale:1]]
[2020.07.27-06.17.29:736][  0]LogConfig: Setting CVar [[r.CapsuleShadows:1]]
[2020.07.27-06.17.29:736][  0]LogConfig: Applying CVar settings from Section [PostProcessQuality@3] File [C:/Users/s191281/Documents/Omni/Guudo/Saved/Config/Windows/Scalability.ini]
[2020.07.27-06.17.29:736][  0]LogConfig: Setting CVar [[r.MotionBlurQuality:4]]
[2020.07.27-06.17.29:736][  0]LogConfig: Setting CVar [[r.AmbientOcclusionMipLevelFactor:0.4]]
[2020.07.27-06.17.29:736][  0]LogConfig: Setting CVar [[r.AmbientOcclusionMaxQuality:100]]
[2020.07.27-06.17.29:736][  0]LogConfig: Setting CVar [[r.AmbientOcclusionLevels:-1]]
[2020.07.27-06.17.29:736][  0]LogConfig: Setting CVar [[r.AmbientOcclusionRadiusScale:1.0]]
[2020.07.27-06.17.29:736][  0]LogConfig: Setting CVar [[r.DepthOfFieldQuality:2]]
[2020.07.27-06.17.29:736][  0]LogConfig: Setting CVar [[r.RenderTargetPoolMin:400]]
[2020.07.27-06.17.29:736][  0]LogConfig: Setting CVar [[r.LensFlareQuality:2]]
[2020.07.27-06.17.29:736][  0]LogConfig: Setting CVar [[r.SceneColorFringeQuality:1]]
[2020.07.27-06.17.29:736][  0]LogConfig: Setting CVar [[r.EyeAdaptationQuality:2]]
[2020.07.27-06.17.29:736][  0]LogConfig: Setting CVar [[r.BloomQuality:5]]
[2020.07.27-06.17.29:736][  0]LogConfig: Setting CVar [[r.FastBlurThreshold:100]]
[2020.07.27-06.17.29:736][  0]LogConfig: Setting CVar [[r.Upscale.Quality:3]]
[2020.07.27-06.17.29:736][  0]LogConfig: Setting CVar [[r.Tonemapper.GrainQuantization:1]]
[2020.07.27-06.17.29:736][  0]LogConfig: Setting CVar [[r.LightShaftQuality:1]]
[2020.07.27-06.17.29:736][  0]LogConfig: Setting CVar [[r.Filter.SizeScale:1]]
[2020.07.27-06.17.29:736][  0]LogConfig: Setting CVar [[r.Tonemapper.Quality:5]]
[2020.07.27-06.17.29:736][  0]LogConfig: Setting CVar [[r.DOF.Gather.AccumulatorQuality:1        ; higher gathering accumulator quality]]
[2020.07.27-06.17.29:736][  0]LogConfig: Setting CVar [[r.DOF.Gather.PostfilterMethod:1          ; Median3x3 postfilering method]]
[2020.07.27-06.17.29:736][  0]LogConfig: Setting CVar [[r.DOF.Gather.EnableBokehSettings:0       ; no bokeh simulation when gathering]]
[2020.07.27-06.17.29:736][  0]LogConfig: Setting CVar [[r.DOF.Gather.RingCount:4                 ; medium number of samples when gathering]]
[2020.07.27-06.17.29:736][  0]LogConfig: Setting CVar [[r.DOF.Scatter.ForegroundCompositing:1    ; additive foreground scattering]]
[2020.07.27-06.17.29:736][  0]LogConfig: Setting CVar [[r.DOF.Scatter.BackgroundCompositing:2    ; additive background scattering]]
[2020.07.27-06.17.29:736][  0]LogConfig: Setting CVar [[r.DOF.Scatter.EnableBokehSettings:1      ; bokeh simulation when scattering]]
[2020.07.27-06.17.29:736][  0]LogConfig: Setting CVar [[r.DOF.Scatter.MaxSpriteRatio:0.1         ; only a maximum of 10% of scattered bokeh]]
[2020.07.27-06.17.29:736][  0]LogConfig: Setting CVar [[r.DOF.Recombine.Quality:1                ; cheap slight out of focus]]
[2020.07.27-06.17.29:736][  0]LogConfig: Setting CVar [[r.DOF.Recombine.EnableBokehSettings:0    ; no bokeh simulation on slight out of focus]]
[2020.07.27-06.17.29:736][  0]LogConfig: Setting CVar [[r.DOF.TemporalAAQuality:1                ; more stable temporal accumulation]]
[2020.07.27-06.17.29:736][  0]LogConfig: Setting CVar [[r.DOF.Kernel.MaxForegroundRadius:0.025]]
[2020.07.27-06.17.29:736][  0]LogConfig: Setting CVar [[r.DOF.Kernel.MaxBackgroundRadius:0.025]]
[2020.07.27-06.17.29:736][  0]LogConfig: Applying CVar settings from Section [TextureQuality@3] File [C:/Users/s191281/Documents/Omni/Guudo/Saved/Config/Windows/Scalability.ini]
[2020.07.27-06.17.29:736][  0]LogConfig: Setting CVar [[r.Streaming.MipBias:0]]
[2020.07.27-06.17.29:736][  0]LogConfig: Setting CVar [[r.Streaming.AmortizeCPUToGPUCopy:0]]
[2020.07.27-06.17.29:736][  0]LogConfig: Setting CVar [[r.Streaming.MaxNumTexturesToStreamPerFrame:0]]
[2020.07.27-06.17.29:736][  0]LogConfig: Setting CVar [[r.Streaming.Boost:1]]
[2020.07.27-06.17.29:736][  0]LogConfig: Setting CVar [[r.MaxAnisotropy:8]]
[2020.07.27-06.17.29:736][  0]LogConfig: Setting CVar [[r.Streaming.LimitPoolSizeToVRAM:0]]
[2020.07.27-06.17.29:736][  0]LogConfig: Setting CVar [[r.Streaming.PoolSize:1000]]
[2020.07.27-06.17.29:736][  0]LogConfig: Setting CVar [[r.Streaming.MaxEffectiveScreenSize:0]]
[2020.07.27-06.17.29:736][  0]LogConfig: Applying CVar settings from Section [EffectsQuality@3] File [C:/Users/s191281/Documents/Omni/Guudo/Saved/Config/Windows/Scalability.ini]
[2020.07.27-06.17.29:736][  0]LogConfig: Setting CVar [[r.TranslucencyLightingVolumeDim:64]]
[2020.07.27-06.17.29:736][  0]LogConfig: Setting CVar [[r.RefractionQuality:2]]
[2020.07.27-06.17.29:736][  0]LogConfig: Setting CVar [[r.SSR.Quality:3]]
[2020.07.27-06.17.29:736][  0]LogConfig: Setting CVar [[r.SceneColorFormat:4]]
[2020.07.27-06.17.29:736][  0]LogConfig: Setting CVar [[r.DetailMode:2]]
[2020.07.27-06.17.29:736][  0]LogConfig: Setting CVar [[r.TranslucencyVolumeBlur:1]]
[2020.07.27-06.17.29:736][  0]LogConfig: Setting CVar [[r.MaterialQualityLevel:1 ; High quality]]
[2020.07.27-06.17.29:737][  0]LogConfig: Setting CVar [[r.SSS.Scale:1]]
[2020.07.27-06.17.29:737][  0]LogConfig: Setting CVar [[r.SSS.SampleSet:2]]
[2020.07.27-06.17.29:737][  0]LogConfig: Setting CVar [[r.SSS.Quality:1]]
[2020.07.27-06.17.29:737][  0]LogConfig: Setting CVar [[r.SSS.HalfRes:1]]
[2020.07.27-06.17.29:737][  0]LogConfig: Setting CVar [[r.EmitterSpawnRateScale:1.0]]
[2020.07.27-06.17.29:737][  0]LogConfig: Setting CVar [[r.ParticleLightQuality:2]]
[2020.07.27-06.17.29:737][  0]LogConfig: Applying CVar settings from Section [FoliageQuality@3] File [C:/Users/s191281/Documents/Omni/Guudo/Saved/Config/Windows/Scalability.ini]
[2020.07.27-06.17.29:737][  0]LogConfig: Setting CVar [[foliage.DensityScale:1.0]]
[2020.07.27-06.17.29:737][  0]LogConfig: Setting CVar [[grass.DensityScale:1.0]]
[2020.07.27-06.17.29:737][  0]LogInit: Selected Device Profile: [Windows]
[2020.07.27-06.17.29:737][  0]LogInit: Applying CVar settings loaded from the selected device profile: [Windows]
[2020.07.27-06.17.29:739][  0]LogHAL: Display: Platform has ~ 32 GB [34241368064 / 34359738368 / 32], which maps to Largest [LargestMinGB=32, LargerMinGB=12, DefaultMinGB=8, SmallerMinGB=6, SmallestMinGB=0)
[2020.07.27-06.17.29:739][  0]LogInit: Going up to parent DeviceProfile []
[2020.07.27-06.17.29:739][  0]LogConfig: Applying CVar settings from Section [ViewDistanceQuality@3] File [C:/Users/s191281/Documents/Omni/Guudo/Saved/Config/Windows/Scalability.ini]
[2020.07.27-06.17.29:739][  0]LogConfig: Setting CVar [[r.SkeletalMeshLODBias:0]]
[2020.07.27-06.17.29:739][  0]LogConfig: Setting CVar [[r.ViewDistanceScale:1.0]]
[2020.07.27-06.17.29:739][  0]LogConfig: Applying CVar settings from Section [AntiAliasingQuality@3] File [C:/Users/s191281/Documents/Omni/Guudo/Saved/Config/Windows/Scalability.ini]
[2020.07.27-06.17.29:739][  0]LogConfig: Setting CVar [[r.PostProcessAAQuality:4]]
[2020.07.27-06.17.29:739][  0]LogConfig: Applying CVar settings from Section [ShadowQuality@3] File [C:/Users/s191281/Documents/Omni/Guudo/Saved/Config/Windows/Scalability.ini]
[2020.07.27-06.17.29:740][  0]LogConfig: Setting CVar [[r.LightFunctionQuality:1]]
[2020.07.27-06.17.29:740][  0]LogConfig: Setting CVar [[r.ShadowQuality:5]]
[2020.07.27-06.17.29:740][  0]LogConfig: Setting CVar [[r.Shadow.CSM.MaxCascades:10]]
[2020.07.27-06.17.29:740][  0]LogConfig: Setting CVar [[r.Shadow.MaxResolution:2048]]
[2020.07.27-06.17.29:740][  0]LogConfig: Setting CVar [[r.Shadow.MaxCSMResolution:2048]]
[2020.07.27-06.17.29:740][  0]LogConfig: Setting CVar [[r.Shadow.RadiusThreshold:0.01]]
[2020.07.27-06.17.29:740][  0]LogConfig: Setting CVar [[r.Shadow.DistanceScale:1.0]]
[2020.07.27-06.17.29:740][  0]LogConfig: Setting CVar [[r.Shadow.CSM.TransitionScale:1.0]]
[2020.07.27-06.17.29:740][  0]LogConfig: Setting CVar [[r.Shadow.PreShadowResolutionFactor:1.0]]
[2020.07.27-06.17.29:740][  0]LogConfig: Setting CVar [[r.DistanceFieldShadowing:1]]
[2020.07.27-06.17.29:740][  0]LogConfig: Setting CVar [[r.DistanceFieldAO:1]]
[2020.07.27-06.17.29:740][  0]LogConfig: Setting CVar [[r.AOQuality:2]]
[2020.07.27-06.17.29:740][  0]LogConfig: Setting CVar [[r.VolumetricFog:1]]
[2020.07.27-06.17.29:740][  0]LogConfig: Setting CVar [[r.VolumetricFog.GridPixelSize:8]]
[2020.07.27-06.17.29:740][  0]LogConfig: Setting CVar [[r.VolumetricFog.GridSizeZ:128]]
[2020.07.27-06.17.29:740][  0]LogConfig: Setting CVar [[r.VolumetricFog.HistoryMissSupersampleCount:4]]
[2020.07.27-06.17.29:740][  0]LogConfig: Setting CVar [[r.LightMaxDrawDistanceScale:1]]
[2020.07.27-06.17.29:740][  0]LogConfig: Setting CVar [[r.CapsuleShadows:1]]
[2020.07.27-06.17.29:740][  0]LogConfig: Applying CVar settings from Section [PostProcessQuality@3] File [C:/Users/s191281/Documents/Omni/Guudo/Saved/Config/Windows/Scalability.ini]
[2020.07.27-06.17.29:740][  0]LogConfig: Setting CVar [[r.MotionBlurQuality:4]]
[2020.07.27-06.17.29:740][  0]LogConfig: Setting CVar [[r.AmbientOcclusionMipLevelFactor:0.4]]
[2020.07.27-06.17.29:740][  0]LogConfig: Setting CVar [[r.AmbientOcclusionMaxQuality:100]]
[2020.07.27-06.17.29:740][  0]LogConfig: Setting CVar [[r.AmbientOcclusionLevels:-1]]
[2020.07.27-06.17.29:740][  0]LogConfig: Setting CVar [[r.AmbientOcclusionRadiusScale:1.0]]
[2020.07.27-06.17.29:740][  0]LogConfig: Setting CVar [[r.DepthOfFieldQuality:2]]
[2020.07.27-06.17.29:740][  0]LogConfig: Setting CVar [[r.RenderTargetPoolMin:400]]
[2020.07.27-06.17.29:740][  0]LogConfig: Setting CVar [[r.LensFlareQuality:2]]
[2020.07.27-06.17.29:740][  0]LogConfig: Setting CVar [[r.SceneColorFringeQuality:1]]
[2020.07.27-06.17.29:740][  0]LogConfig: Setting CVar [[r.EyeAdaptationQuality:2]]
[2020.07.27-06.17.29:740][  0]LogConfig: Setting CVar [[r.BloomQuality:5]]
[2020.07.27-06.17.29:740][  0]LogConfig: Setting CVar [[r.FastBlurThreshold:100]]
[2020.07.27-06.17.29:740][  0]LogConfig: Setting CVar [[r.Upscale.Quality:3]]
[2020.07.27-06.17.29:740][  0]LogConfig: Setting CVar [[r.Tonemapper.GrainQuantization:1]]
[2020.07.27-06.17.29:740][  0]LogConfig: Setting CVar [[r.LightShaftQuality:1]]
[2020.07.27-06.17.29:740][  0]LogConfig: Setting CVar [[r.Filter.SizeScale:1]]
[2020.07.27-06.17.29:740][  0]LogConfig: Setting CVar [[r.Tonemapper.Quality:5]]
[2020.07.27-06.17.29:740][  0]LogConfig: Setting CVar [[r.DOF.Gather.AccumulatorQuality:1        ; higher gathering accumulator quality]]
[2020.07.27-06.17.29:740][  0]LogConfig: Setting CVar [[r.DOF.Gather.PostfilterMethod:1          ; Median3x3 postfilering method]]
[2020.07.27-06.17.29:740][  0]LogConfig: Setting CVar [[r.DOF.Gather.EnableBokehSettings:0       ; no bokeh simulation when gathering]]
[2020.07.27-06.17.29:740][  0]LogConfig: Setting CVar [[r.DOF.Gather.RingCount:4                 ; medium number of samples when gathering]]
[2020.07.27-06.17.29:740][  0]LogConfig: Setting CVar [[r.DOF.Scatter.ForegroundCompositing:1    ; additive foreground scattering]]
[2020.07.27-06.17.29:740][  0]LogConfig: Setting CVar [[r.DOF.Scatter.BackgroundCompositing:2    ; additive background scattering]]
[2020.07.27-06.17.29:740][  0]LogConfig: Setting CVar [[r.DOF.Scatter.EnableBokehSettings:1      ; bokeh simulation when scattering]]
[2020.07.27-06.17.29:740][  0]LogConfig: Setting CVar [[r.DOF.Scatter.MaxSpriteRatio:0.1         ; only a maximum of 10% of scattered bokeh]]
[2020.07.27-06.17.29:740][  0]LogConfig: Setting CVar [[r.DOF.Recombine.Quality:1                ; cheap slight out of focus]]
[2020.07.27-06.17.29:740][  0]LogConfig: Setting CVar [[r.DOF.Recombine.EnableBokehSettings:0    ; no bokeh simulation on slight out of focus]]
[2020.07.27-06.17.29:740][  0]LogConfig: Setting CVar [[r.DOF.TemporalAAQuality:1                ; more stable temporal accumulation]]
[2020.07.27-06.17.29:740][  0]LogConfig: Setting CVar [[r.DOF.Kernel.MaxForegroundRadius:0.025]]
[2020.07.27-06.17.29:740][  0]LogConfig: Setting CVar [[r.DOF.Kernel.MaxBackgroundRadius:0.025]]
[2020.07.27-06.17.29:740][  0]LogConfig: Applying CVar settings from Section [TextureQuality@3] File [C:/Users/s191281/Documents/Omni/Guudo/Saved/Config/Windows/Scalability.ini]
[2020.07.27-06.17.29:740][  0]LogConfig: Setting CVar [[r.Streaming.MipBias:0]]
[2020.07.27-06.17.29:740][  0]LogConfig: Setting CVar [[r.Streaming.AmortizeCPUToGPUCopy:0]]
[2020.07.27-06.17.29:740][  0]LogConfig: Setting CVar [[r.Streaming.MaxNumTexturesToStreamPerFrame:0]]
[2020.07.27-06.17.29:740][  0]LogConfig: Setting CVar [[r.Streaming.Boost:1]]
[2020.07.27-06.17.29:740][  0]LogConfig: Setting CVar [[r.MaxAnisotropy:8]]
[2020.07.27-06.17.29:740][  0]LogConfig: Setting CVar [[r.Streaming.LimitPoolSizeToVRAM:0]]
[2020.07.27-06.17.29:740][  0]LogConfig: Setting CVar [[r.Streaming.PoolSize:1000]]
[2020.07.27-06.17.29:740][  0]LogConfig: Setting CVar [[r.Streaming.MaxEffectiveScreenSize:0]]
[2020.07.27-06.17.29:740][  0]LogConfig: Applying CVar settings from Section [EffectsQuality@3] File [C:/Users/s191281/Documents/Omni/Guudo/Saved/Config/Windows/Scalability.ini]
[2020.07.27-06.17.29:740][  0]LogConfig: Setting CVar [[r.TranslucencyLightingVolumeDim:64]]
[2020.07.27-06.17.29:740][  0]LogConfig: Setting CVar [[r.RefractionQuality:2]]
[2020.07.27-06.17.29:740][  0]LogConfig: Setting CVar [[r.SSR.Quality:3]]
[2020.07.27-06.17.29:740][  0]LogConfig: Setting CVar [[r.SceneColorFormat:4]]
[2020.07.27-06.17.29:740][  0]LogConfig: Setting CVar [[r.DetailMode:2]]
[2020.07.27-06.17.29:740][  0]LogConfig: Setting CVar [[r.TranslucencyVolumeBlur:1]]
[2020.07.27-06.17.29:740][  0]LogConfig: Setting CVar [[r.MaterialQualityLevel:1 ; High quality]]
[2020.07.27-06.17.29:740][  0]LogConfig: Setting CVar [[r.SSS.Scale:1]]
[2020.07.27-06.17.29:740][  0]LogConfig: Setting CVar [[r.SSS.SampleSet:2]]
[2020.07.27-06.17.29:740][  0]LogConfig: Setting CVar [[r.SSS.Quality:1]]
[2020.07.27-06.17.29:740][  0]LogConfig: Setting CVar [[r.SSS.HalfRes:1]]
[2020.07.27-06.17.29:740][  0]LogConfig: Setting CVar [[r.EmitterSpawnRateScale:1.0]]
[2020.07.27-06.17.29:740][  0]LogConfig: Setting CVar [[r.ParticleLightQuality:2]]
[2020.07.27-06.17.29:740][  0]LogConfig: Applying CVar settings from Section [FoliageQuality@3] File [C:/Users/s191281/Documents/Omni/Guudo/Saved/Config/Windows/Scalability.ini]
[2020.07.27-06.17.29:740][  0]LogConfig: Setting CVar [[foliage.DensityScale:1.0]]
[2020.07.27-06.17.29:740][  0]LogConfig: Setting CVar [[grass.DensityScale:1.0]]
[2020.07.27-06.17.29:740][  0]LogConfig: Applying CVar settings from Section [Startup] File [../../../Engine/Config/ConsoleVariables.ini]
[2020.07.27-06.17.29:741][  0]LogConfig: Setting CVar [[net.UseAdaptiveNetUpdateFrequency:0]]
[2020.07.27-06.17.29:741][  0]LogConfig: Setting CVar [[p.chaos.AllowCreatePhysxBodies:1]]
[2020.07.27-06.17.29:741][  0]LogConfig: Applying CVar settings from Section [ConsoleVariables] File [C:/Users/s191281/Documents/Omni/Guudo/Saved/Config/Windows/Engine.ini]
[2020.07.27-06.17.29:741][  0]LogInit: Computer: SYD-19EF76
[2020.07.27-06.17.29:741][  0]LogInit: User: s191281
[2020.07.27-06.17.29:741][  0]LogInit: CPU Page size=4096, Cores=4
[2020.07.27-06.17.29:741][  0]LogInit: High frequency timer resolution =10.000000 MHz
[2020.07.27-06.17.29:741][  0]LogMemory: Memory total: Physical=31.9GB (32GB approx)
[2020.07.27-06.17.29:741][  0]LogMemory: Platform Memory Stats for Windows
[2020.07.27-06.17.29:741][  0]LogMemory: Process Physical Memory: 100.61 MB used, 100.61 MB peak
[2020.07.27-06.17.29:741][  0]LogMemory: Process Virtual Memory: 100.55 MB used, 100.55 MB peak
[2020.07.27-06.17.29:741][  0]LogMemory: Physical Memory: 9998.71 MB used,  22656.40 MB free, 32655.11 MB total
[2020.07.27-06.17.29:741][  0]LogMemory: Virtual Memory: 4668.43 MB used,  134213056.00 MB free, 134217728.00 MB total
[2020.07.27-06.17.29:743][  0]LogWindows: WindowsPlatformFeatures enabled
[2020.07.27-06.17.29:765][  0]LogInit: Using OS detected language (en-US).
[2020.07.27-06.17.29:765][  0]LogInit: Using OS detected locale (en-AU).
[2020.07.27-06.17.29:765][  0]LogTextLocalizationManager: No specific localization for 'en-US' exists, so the 'en' localization will be used.
[2020.07.27-06.17.29:959][  0]LogInit: Setting process to per monitor DPI aware
[2020.07.27-06.17.30:003][  0]LogSlate: New Slate User Created.  User Index 0, Is Virtual User: 0
[2020.07.27-06.17.30:003][  0]LogSlate: Slate User Registered.  User Index 0, Is Virtual User: 0
[2020.07.27-06.17.30:174][  0]LogHMD: Failed to initialize OpenVR with code 110
[2020.07.27-06.17.30:174][  0]LogD3D11RHI: D3D11 adapters:
[2020.07.27-06.17.30:244][  0]LogD3D11RHI:    0. 'NVIDIA GeForce GTX 770' (Feature Level 11_0)
[2020.07.27-06.17.30:244][  0]LogD3D11RHI:       2007/0/16327 MB DedicatedVideo/DedicatedSystem/SharedSystem, Outputs:2, VendorId:0x10de
[2020.07.27-06.17.30:251][  0]LogD3D11RHI:    1. 'Intel(R) HD Graphics 4600' (Feature Level 11_0)
[2020.07.27-06.17.30:251][  0]LogD3D11RHI:       112/0/2048 MB DedicatedVideo/DedicatedSystem/SharedSystem, Outputs:0, VendorId:0x8086
[2020.07.27-06.17.30:254][  0]LogD3D11RHI:    2. 'Microsoft Basic Render Driver' (Feature Level 11_0)
[2020.07.27-06.17.30:254][  0]LogD3D11RHI:       0/0/16327 MB DedicatedVideo/DedicatedSystem/SharedSystem, Outputs:0, VendorId:0x1414
[2020.07.27-06.17.30:254][  0]LogD3D11RHI: Chosen D3D11 Adapter: 0
[2020.07.27-06.17.30:260][  0]LogD3D11RHI: Creating new Direct3DDevice
[2020.07.27-06.17.30:260][  0]LogD3D11RHI:     GPU DeviceId: 0x1184 (for the marketing name, search the web for "GPU Device Id")
[2020.07.27-06.17.30:260][  0]LogWindows: EnumDisplayDevices:
[2020.07.27-06.17.30:260][  0]LogWindows:    0. 'NVIDIA GeForce GTX 770' (P:0 D:1)
[2020.07.27-06.17.30:260][  0]LogWindows:    1. 'NVIDIA GeForce GTX 770' (P:1 D:1)
[2020.07.27-06.17.30:261][  0]LogWindows:    2. 'NVIDIA GeForce GTX 770' (P:0 D:0)
[2020.07.27-06.17.30:261][  0]LogWindows:    3. 'NVIDIA GeForce GTX 770' (P:0 D:0)
[2020.07.27-06.17.30:261][  0]LogWindows:    4. 'Intel(R) HD Graphics 4600' (P:0 D:0)
[2020.07.27-06.17.30:261][  0]LogWindows:    5. 'Intel(R) HD Graphics 4600' (P:0 D:0)
[2020.07.27-06.17.30:261][  0]LogWindows:    6. 'Intel(R) HD Graphics 4600' (P:0 D:0)
[2020.07.27-06.17.30:261][  0]LogWindows: DebugString: PrimaryIsNotTheChoosenAdapter PrimaryIsNotTheChoosenAdapter PrimaryIsNotTheChoosenAdapter FoundDriverCount:4 
[2020.07.27-06.17.30:261][  0]LogD3D11RHI:     Adapter Name: NVIDIA GeForce GTX 770
[2020.07.27-06.17.30:261][  0]LogD3D11RHI:   Driver Version: 432.00 (internal:26.21.14.3200, unified:432.00)
[2020.07.27-06.17.30:261][  0]LogD3D11RHI:      Driver Date: 7-24-2019
[2020.07.27-06.17.30:261][  0]LogRHI: Texture pool is 1404 MB (70% of 2007 MB)
[2020.07.27-06.17.30:303][  0]LogD3D11RHI: Async texture creation enabled
[2020.07.27-06.17.30:316][  0]LogD3D11RHI: GPU Timing Frequency: 1000.000000 (Debug: 2 1)
[2020.07.27-06.17.30:582][  0]LogTemp: Display: Module 'AllDesktopTargetPlatform' loaded TargetPlatform 'AllDesktop'
[2020.07.27-06.17.30:591][  0]LogTemp: Display: Module 'MacClientTargetPlatform' loaded TargetPlatform 'MacClient'
[2020.07.27-06.17.30:599][  0]LogTemp: Display: Module 'MacNoEditorTargetPlatform' loaded TargetPlatform 'MacNoEditor'
[2020.07.27-06.17.30:607][  0]LogTemp: Display: Module 'MacServerTargetPlatform' loaded TargetPlatform 'MacServer'
[2020.07.27-06.17.30:615][  0]LogTemp: Display: Module 'MacTargetPlatform' loaded TargetPlatform 'Mac'
[2020.07.27-06.17.30:623][  0]LogTemp: Display: Module 'WindowsClientTargetPlatform' loaded TargetPlatform 'WindowsClient'
[2020.07.27-06.17.30:631][  0]LogTemp: Display: Module 'WindowsNoEditorTargetPlatform' loaded TargetPlatform 'WindowsNoEditor'
[2020.07.27-06.17.30:639][  0]LogTemp: Display: Module 'WindowsServerTargetPlatform' loaded TargetPlatform 'WindowsServer'
[2020.07.27-06.17.30:644][  0]LogTemp: Display: Module 'WindowsTargetPlatform' loaded TargetPlatform 'Windows'
[2020.07.27-06.17.30:679][  0]LogTemp: Display: Module 'AndroidTargetPlatform' loaded TargetPlatform 'Android'
[2020.07.27-06.17.30:680][  0]LogTemp: Display: Module 'AndroidTargetPlatform' loaded TargetPlatform 'Android_ASTC'
[2020.07.27-06.17.30:680][  0]LogTemp: Display: Module 'AndroidTargetPlatform' loaded TargetPlatform 'Android_ATC'
[2020.07.27-06.17.30:680][  0]LogTemp: Display: Module 'AndroidTargetPlatform' loaded TargetPlatform 'Android_DXT'
[2020.07.27-06.17.30:680][  0]LogTemp: Display: Module 'AndroidTargetPlatform' loaded TargetPlatform 'Android_ETC1'
[2020.07.27-06.17.30:680][  0]LogTemp: Display: Module 'AndroidTargetPlatform' loaded TargetPlatform 'Android_ETC1a'
[2020.07.27-06.17.30:680][  0]LogTemp: Display: Module 'AndroidTargetPlatform' loaded TargetPlatform 'Android_ETC2'
[2020.07.27-06.17.30:680][  0]LogTemp: Display: Module 'AndroidTargetPlatform' loaded TargetPlatform 'Android_PVRTC'
[2020.07.27-06.17.30:680][  0]LogTemp: Display: Module 'AndroidTargetPlatform' loaded TargetPlatform 'AndroidClient'
[2020.07.27-06.17.30:680][  0]LogTemp: Display: Module 'AndroidTargetPlatform' loaded TargetPlatform 'Android_ASTCClient'
[2020.07.27-06.17.30:680][  0]LogTemp: Display: Module 'AndroidTargetPlatform' loaded TargetPlatform 'Android_ATCClient'
[2020.07.27-06.17.30:680][  0]LogTemp: Display: Module 'AndroidTargetPlatform' loaded TargetPlatform 'Android_DXTClient'
[2020.07.27-06.17.30:680][  0]LogTemp: Display: Module 'AndroidTargetPlatform' loaded TargetPlatform 'Android_ETC1Client'
[2020.07.27-06.17.30:680][  0]LogTemp: Display: Module 'AndroidTargetPlatform' loaded TargetPlatform 'Android_ETC1aClient'
[2020.07.27-06.17.30:680][  0]LogTemp: Display: Module 'AndroidTargetPlatform' loaded TargetPlatform 'Android_ETC2Client'
[2020.07.27-06.17.30:680][  0]LogTemp: Display: Module 'AndroidTargetPlatform' loaded TargetPlatform 'Android_PVRTCClient'
[2020.07.27-06.17.30:680][  0]LogTemp: Display: Module 'AndroidTargetPlatform' loaded TargetPlatform 'Android_Multi'
[2020.07.27-06.17.30:680][  0]LogTemp: Display: Module 'AndroidTargetPlatform' loaded TargetPlatform 'Android_MultiClient'
[2020.07.27-06.17.30:682][  0]LogTemp: Display: Module 'HTML5TargetPlatform' loaded TargetPlatform 'HTML5'
[2020.07.27-06.17.30:700][  0]LogTemp: Display: Module 'IOSTargetPlatform' loaded TargetPlatform 'IOSClient'
[2020.07.27-06.17.30:700][  0]LogTemp: Display: Module 'IOSTargetPlatform' loaded TargetPlatform 'IOS'
[2020.07.27-06.17.30:716][  0]LogTemp: Display: Module 'TVOSTargetPlatform' loaded TargetPlatform 'TVOSClient'
[2020.07.27-06.17.30:716][  0]LogTemp: Display: Module 'TVOSTargetPlatform' loaded TargetPlatform 'TVOS'
[2020.07.27-06.17.30:724][  0]LogTemp: Display: Module 'LinuxClientTargetPlatform' loaded TargetPlatform 'LinuxClient'
[2020.07.27-06.17.30:732][  0]LogTemp: Display: Module 'LinuxNoEditorTargetPlatform' loaded TargetPlatform 'LinuxNoEditor'
[2020.07.27-06.17.30:740][  0]LogTemp: Display: Module 'LinuxServerTargetPlatform' loaded TargetPlatform 'LinuxServer'
[2020.07.27-06.17.30:747][  0]LogTemp: Display: Module 'LinuxTargetPlatform' loaded TargetPlatform 'Linux'
[2020.07.27-06.17.30:769][  0]LogTemp: Display: Module 'LuminTargetPlatform' loaded TargetPlatform 'Lumin'
[2020.07.27-06.17.30:769][  0]LogTemp: Display: Module 'LuminTargetPlatform' loaded TargetPlatform 'LuminClient'
[2020.07.27-06.17.30:769][  0]LogTargetPlatformManager: Display: Building Assets For Windows
[2020.07.27-06.17.30:777][  0]LogAudioDebug: Display: Lib vorbis DLL was dynamically loaded.
[2020.07.27-06.17.30:823][  0]LogShaderCompilers: Guid format shader working directory is -5 characters bigger than the processId version (../../../../../../Users/s191281/Documents/Omni/Guudo/Intermediate/Shaders/WorkingDirectory/14880/).
[2020.07.27-06.17.30:823][  0]LogShaderCompilers: Cleaned the shader compiler working directory 'C:/Users/s191281/AppData/Local/Temp/UnrealShaderWorkingDir/AAA01F7443C27DF26B4D9D828C9E83C2/'.
[2020.07.27-06.17.30:825][  0]LogXGEController: Cannot use XGE Controller as Incredibuild is not installed on this machine.
[2020.07.27-06.17.30:826][  0]LogShaderCompilers: Cannot use XGE Shader Compiler as Incredibuild is not installed on this machine.
[2020.07.27-06.17.30:826][  0]LogShaderCompilers: Display: Using Local Shader Compiler.
[2020.07.27-06.17.31:406][  0]LogDerivedDataCache: Display: Max Cache Size: 512 MB
[2020.07.27-06.17.31:463][  0]LogDerivedDataCache: Loaded boot cache 0.06s 73MB C:/Users/s191281/AppData/Local/UnrealEngine/4.23/DerivedDataCache/Boot.ddc.
[2020.07.27-06.17.31:463][  0]LogDerivedDataCache: Display: Loaded Boot cache: C:/Users/s191281/AppData/Local/UnrealEngine/4.23/DerivedDataCache/Boot.ddc
[2020.07.27-06.17.31:464][  0]LogDerivedDataCache: FDerivedDataBackendGraph:  Pak pak cache file ../../../../../../Users/s191281/Documents/Omni/Guudo/DerivedDataCache/DDC.ddp not found, will not use a pak cache.
[2020.07.27-06.17.31:464][  0]LogDerivedDataCache: Unable to find inner node Pak for hierarchical cache Hierarchy.
[2020.07.27-06.17.31:464][  0]LogDerivedDataCache: FDerivedDataBackendGraph:  CompressedPak pak cache file ../../../../../../Users/s191281/Documents/Omni/Guudo/DerivedDataCache/Compressed.ddp not found, will not use a pak cache.
[2020.07.27-06.17.31:464][  0]LogDerivedDataCache: Unable to find inner node CompressedPak for hierarchical cache Hierarchy.
[2020.07.27-06.17.31:474][  0]LogDerivedDataCache: Display: Pak cache opened for reading ../../../Engine/DerivedDataCache/Compressed.ddp.
[2020.07.27-06.17.31:474][  0]LogDerivedDataCache: FDerivedDataBackendGraph:  EnterprisePak pak cache file ../../../Enterprise/DerivedDataCache/Compressed.ddp not found, will not use a pak cache.
[2020.07.27-06.17.31:474][  0]LogDerivedDataCache: Unable to find inner node EnterprisePak for hierarchical cache Hierarchy.
[2020.07.27-06.17.31:475][  0]LogDerivedDataCache: Using Local data cache path C:/Users/s191281/AppData/Local/UnrealEngine/Common/DerivedDataCache: Writable
[2020.07.27-06.17.31:475][  0]LogDerivedDataCache: Shared data cache path not found in *engine.ini, will not use an Shared cache.
[2020.07.27-06.17.31:475][  0]LogDerivedDataCache: Unable to find inner node Shared for hierarchical cache Hierarchy.
[2020.07.27-06.17.31:496][  0]LogMaterial: Verifying Global Shaders for PCD3D_SM5
[2020.07.27-06.17.31:499][  0]LogSlate: Using FreeType 2.6.0
[2020.07.27-06.17.31:499][  0]LogSlate: SlateFontServices - WITH_FREETYPE: 1, WITH_HARFBUZZ: 1
[2020.07.27-06.17.31:557][  0]LogAssetRegistry: FAssetRegistry took 0.0030 seconds to start up
[2020.07.27-06.17.31:853][  0]LogInit: Selected Device Profile: [Windows]
[2020.07.27-06.17.32:000][  0]LogMeshReduction: Using QuadricMeshReduction for automatic static mesh reduction
[2020.07.27-06.17.32:000][  0]LogMeshReduction: Using SimplygonMeshReduction for automatic skeletal mesh reduction
[2020.07.27-06.17.32:000][  0]LogMeshReduction: Using ProxyLODMeshReduction for automatic mesh merging
[2020.07.27-06.17.32:000][  0]LogMeshReduction: No distributed automatic mesh merging module available
[2020.07.27-06.17.32:000][  0]LogMeshMerging: No distributed automatic mesh merging module available
[2020.07.27-06.17.32:010][  0]LogNetVersion: Guudo 1.0.0, NetCL: 8386587, EngineNetVer: 11, GameNetVer: 0 (Checksum: 3768500497)
[2020.07.27-06.17.32:439][  0]LogPackageLocalizationCache: Processed 12 localized package path(s) for 1 prioritized culture(s) in 0.053290 seconds
[2020.07.27-06.17.32:447][  0]LogUObjectArray: 43444 objects as part of root set at end of initial load.
[2020.07.27-06.17.32:447][  0]LogUObjectAllocator: 7548648 out of 0 bytes used by permanent object pool.
[2020.07.27-06.17.32:447][  0]LogUObjectArray: CloseDisregardForGC: 0/0 objects in disregard for GC pool
[2020.07.27-06.17.33:257][  0]LogTcpMessaging: Initializing TcpMessaging bridge
[2020.07.27-06.17.33:259][  0]LogUdpMessaging: Initializing bridge on interface 0.0.0.0:0 to multicast group 230.0.0.1:6666.
[2020.07.27-06.17.33:317][  0]SourceControl: Source control is disabled
[2020.07.27-06.17.33:317][  0]SourceControl: Source control is disabled
[2020.07.27-06.17.33:319][  0]SourceControl: Source control is disabled
[2020.07.27-06.17.33:320][  0]SourceControl: Source control is disabled
[2020.07.27-06.17.33:410][  0]LogAndroidPermission: UAndroidPermissionCallbackProxy::GetInstance
[2020.07.27-06.17.33:536][  0]LogOcInput: OculusInput pre-init called
[2020.07.27-06.17.33:543][  0]LogWindows: Failed to load 'OVRPlugin.dll' (GetLastError=126)
[2020.07.27-06.17.33:543][  0]LogWindows: File 'OVRPlugin.dll' does not exist
[2020.07.27-06.17.33:609][  0]LogEngine: Initializing Engine...
[2020.07.27-06.17.33:610][  0]LogHMD: Failed to initialize OpenVR with code 110
[2020.07.27-06.17.33:611][  0]LogStats: UGameplayTagsManager::InitializeManager -  0.000 s
[2020.07.27-06.17.33:828][  0]LogInit: Initializing FReadOnlyCVARCache
[2020.07.27-06.17.33:841][  0]LogAIModule: Creating AISystem for world Untitled
[2020.07.27-06.17.33:863][  0]LogInit: XAudio2 using 'Speakers (Realtek High Definition Audio)' : 2 channels at 48 kHz using 32 bits per sample (channel mask 0x3)
[2020.07.27-06.17.33:911][  0]LogInit: FAudioDevice initialized.
[2020.07.27-06.17.33:911][  0]LogNetVersion: Set ProjectVersion to 1.0.0.0. Version Checksum will be recalculated on next use.
[2020.07.27-06.17.34:007][  0]LogDerivedDataCache: Saved boot cache 0.10s 73MB C:/Users/s191281/AppData/Local/UnrealEngine/4.23/DerivedDataCache/Boot.ddc.
[2020.07.27-06.17.34:013][  0]LogInit: Texture streaming: Enabled
[2020.07.27-06.17.34:030][  0]LogEngineSessionManager: EngineSessionManager initialized
[2020.07.27-06.17.34:030][  0]LogEditorSessionSummary: Verbose: Initializing EditorSessionSummaryWriter for editor session tracking
[2020.07.27-06.17.34:031][  0]LogEditorSessionSummary: EditorSessionSummaryWriter initialized
[2020.07.27-06.17.34:087][  0]LogInit: Transaction tracking system initialized
[2020.07.27-06.17.34:116][  0]BlueprintLog: New page: Editor Load
[2020.07.27-06.17.34:186][  0]LocalizationService: Localization service is disabled
[2020.07.27-06.17.34:399][  0]LogFileCache: Scanning file cache for directory 'C:/Users/s191281/Documents/Omni/Guudo/Content/' took 0.00s
[2020.07.27-06.17.34:399][  0]LogCook: Display: Max memory allowance for cook 16384mb min free memory 0mb
[2020.07.27-06.17.34:399][  0]LogCook: Display: Mobile HDR setting 1
[2020.07.27-06.17.34:559][  0]SourceControl: Source control is disabled
[2020.07.27-06.17.34:559][  0]Cmd: MAP LOAD FILE="../../../Engine/Content/Maps/Templates/Template_Default.umap" TEMPLATE=1 SHOWPROGRESS=1 FEATURELEVEL=3
[2020.07.27-06.17.34:560][  0]LightingResults: New page: Lighting Build
[2020.07.27-06.17.34:562][  0]LogWorld: UWorld::CleanupWorld for Untitled, bSessionEnded=true, bCleanupResources=true
[2020.07.27-06.17.34:562][  0]MapCheck: New page: Map Check
[2020.07.27-06.17.34:562][  0]LightingResults: New page: Lighting Build
[2020.07.27-06.17.34:587][  0]LogUObjectHash: Compacting FUObjectHashTables data took   1.69ms
[2020.07.27-06.17.34:656][  0]LogAIModule: Creating AISystem for world Untitled_1
[2020.07.27-06.17.34:661][  0]LogEditorServer: Finished looking for orphan Actors (0.000 secs)
[2020.07.27-06.17.34:685][  0]LogUObjectHash: Compacting FUObjectHashTables data took   2.14ms
[2020.07.27-06.17.34:685][  0]Cmd: MAP CHECKDEP NOCLEARLOG
[2020.07.27-06.17.34:685][  0]MapCheck: Map check complete: 0 Error(s), 0 Warning(s), took 0.195ms to complete.
[2020.07.27-06.17.34:685][  0]LogFileHelpers: Loading map 'Template_Default' took 0.126
[2020.07.27-06.17.34:830][  0]LogSlate: Updating window title bar state: overlay mode, drag disabled, window buttons hidden, title bar hidden
[2020.07.27-06.17.34:837][  0]LogSlate: Updating window title bar state: overlay mode, drag disabled, window buttons hidden, title bar hidden
[2020.07.27-06.17.34:843][  0]LogSlate: Updating window title bar state: overlay mode, drag disabled, window buttons hidden, title bar hidden
[2020.07.27-06.17.34:849][  0]LogSlate: Updating window title bar state: overlay mode, drag disabled, window buttons hidden, title bar hidden
[2020.07.27-06.17.34:860][  0]LogCollectionManager: Loaded 0 collections in 0.001667 seconds
[2020.07.27-06.17.34:865][  0]LogFileCache: Scanning file cache for directory 'C:/Users/s191281/Documents/Omni/Guudo/Saved/Collections/' took 0.00s
[2020.07.27-06.17.34:865][  0]LogFileCache: Scanning file cache for directory 'C:/Users/s191281/Documents/Omni/Guudo/Content/Developers/s191281/Collections/' took 0.00s
[2020.07.27-06.17.34:865][  0]LogFileCache: Scanning file cache for directory 'C:/Users/s191281/Documents/Omni/Guudo/Content/Collections/' took 0.00s
[2020.07.27-06.17.34:865][  0]LogCollectionManager: Rebuilt the GUID cache for 0 collections in 0.000001 seconds
[2020.07.27-06.17.34:873][  0]LogContentBrowser: Native class hierarchy populated in 0.0079 seconds. Added 2867 classes and 682 folders.
[2020.07.27-06.17.34:881][  0]LogContentBrowser: Native class hierarchy updated for 'WidgetCarousel' in 0.0004 seconds. Added 0 classes and 0 folders.
[2020.07.27-06.17.35:158][  0]LogContentBrowser: Native class hierarchy updated for 'AddContentDialog' in 0.0003 seconds. Added 0 classes and 0 folders.
[2020.07.27-06.17.35:165][  0]LogContentBrowser: Native class hierarchy updated for 'SceneOutliner' in 0.0003 seconds. Added 1 classes and 2 folders.
[2020.07.27-06.17.35:188][  0]LogSlate: Took 0.000226 seconds to synchronously load lazily loaded font '../../../Engine/Content/Slate/Fonts/Roboto-Regular.ttf' (155K)
[2020.07.27-06.17.35:190][  0]LogSlate: Took 0.000189 seconds to synchronously load lazily loaded font '../../../Engine/Content/Slate/Fonts/Roboto-Bold.ttf' (160K)
[2020.07.27-06.17.35:202][  0]LogSlate: Took 0.007018 seconds to synchronously load lazily loaded font '../../../Engine/Content/Editor/Slate/Fonts/FontAwesome.ttf' (139K)
[2020.07.27-06.17.35:352][  0]LogRenderer: Reallocating scene render targets to support 1140x588 Format 10 NumSamples 1 (Frame:1).
[2020.07.27-06.17.35:559][  0]LogContentBrowser: Native class hierarchy updated for 'HierarchicalLODOutliner' in 0.0003 seconds. Added 0 classes and 0 folders.
[2020.07.27-06.17.35:559][  0]LogLoad: (Engine Initialization) Total time: 6.82 seconds
[2020.07.27-06.17.35:559][  0]LogLoad: (Engine Initialization) Total Blueprint compile time: 0.00 seconds
[2020.07.27-06.17.35:602][  0]LogAssetRegistry: Asset discovery search completed in 4.0466 seconds
[2020.07.27-06.17.35:605][  0]LogCollectionManager: Rebuilt the object cache for 0 collections in 0.000003 seconds (found 0 objects)
[2020.07.27-06.17.35:605][  0]LogCollectionManager: Fixed up redirectors for 0 collections in 0.000048 seconds (updated 0 objects)
[2020.07.27-06.17.35:606][  0]LogContentStreaming: Texture pool size now 1000 MB
[2020.07.27-06.17.35:648][  0]LogSlate: Took 0.004535 seconds to synchronously load lazily loaded font '../../../Engine/Content/Slate/Fonts/Roboto-Light.ttf' (167K)
[2020.07.27-06.17.36:593][ 96]LogSlate: Took 0.000227 seconds to synchronously load lazily loaded font '../../../Engine/Content/Slate/Fonts/Roboto-Light.ttf' (167K)
[2020.07.27-06.17.38:097][273]LogSlate: FSceneViewport::OnFocusLost() reason 0
[2020.07.27-06.17.41:309][644]LogAIModule: Creating AISystem for world RichardTemplate
[2020.07.27-06.17.41:322][644]LogAssetEditorManager: Opening Asset editor for World /Game/Levels/RichardTemplate.RichardTemplate
[2020.07.27-06.17.41:344][644]LogUObjectHash: Compacting FUObjectHashTables data took   1.49ms
[2020.07.27-06.17.41:345][644]Cmd: MAP LOAD FILE="../../../../../../Users/s191281/Documents/Omni/Guudo/Content/Levels/RichardTemplate.umap" TEMPLATE=0 SHOWPROGRESS=1 FEATURELEVEL=3
[2020.07.27-06.17.41:345][644]LightingResults: New page: Lighting Build
[2020.07.27-06.17.41:346][644]LoadErrors: New page: Loading map: RichardTemplate.umap
[2020.07.27-06.17.41:346][644]LogWorld: UWorld::CleanupWorld for Untitled_1, bSessionEnded=true, bCleanupResources=true
[2020.07.27-06.17.41:346][644]MapCheck: New page: Map Check
[2020.07.27-06.17.41:346][644]LightingResults: New page: Lighting Build
[2020.07.27-06.17.41:369][644]LogUObjectHash: Compacting FUObjectHashTables data took   1.68ms
[2020.07.27-06.17.41:371][644]LogEditorServer: Finished looking for orphan Actors (0.000 secs)
[2020.07.27-06.17.41:396][644]LogUObjectHash: Compacting FUObjectHashTables data took   1.62ms
[2020.07.27-06.17.41:421][644]Cmd: MAP CHECKDEP NOCLEARLOG
[2020.07.27-06.17.41:422][644]MapCheck: Map check complete: 0 Error(s), 0 Warning(s), took 0.152ms to complete.
[2020.07.27-06.17.41:422][644]LogFileHelpers: Loading map 'RichardTemplate' took 0.077
[2020.07.27-06.17.42:145][716]LogTemp: Repeating last play command: Selected Viewport
[2020.07.27-06.17.42:158][716]LogBlueprintUserMessages: Early PlayInEditor Detection: Level '/Game/Levels/RichardTemplate.RichardTemplate:PersistentLevel' has LevelScriptBlueprint '/Game/Levels/RichardTemplate.RichardTemplate:PersistentLevel.RichardTemplate' with GeneratedClass '/Game/Levels/RichardTemplate.RichardTemplate_C' with ClassGeneratedBy '/Game/Levels/RichardTemplate.RichardTemplate:PersistentLevel.RichardTemplate'
[2020.07.27-06.17.42:158][716]LogPlayLevel: PlayLevel: No blueprints needed recompiling
[2020.07.27-06.17.42:159][716]PIE: New page: PIE session: RichardTemplate (28 Jul 2020 2:17:42 am)
[2020.07.27-06.17.42:160][716]LogOnline: OSS: Creating online subsystem instance for: NULL
[2020.07.27-06.17.42:161][716]LogPlayLevel: Creating play world package: /Game/Levels/UEDPIE_0_RichardTemplate
[2020.07.27-06.17.42:163][716]LogPlayLevel: PIE: StaticDuplicateObject took: (0.002374s)
[2020.07.27-06.17.42:164][716]LogAIModule: Creating AISystem for world RichardTemplate
[2020.07.27-06.17.42:165][716]LogPlayLevel: PIE: World Init took: (0.001727s)
[2020.07.27-06.17.42:165][716]LogPlayLevel: PIE: Created PIE world by copying editor world from /Game/Levels/RichardTemplate.RichardTemplate to /Game/Levels/UEDPIE_0_RichardTemplate.RichardTemplate (0.004372s)
[2020.07.27-06.17.42:189][716]LogUObjectHash: Compacting FUObjectHashTables data took   1.37ms
[2020.07.27-06.17.42:200][716]LogInit: XAudio2 using 'Speakers (Realtek High Definition Audio)' : 2 channels at 48 kHz using 32 bits per sample (channel mask 0x3)
[2020.07.27-06.17.42:220][716]LogInit: FAudioDevice initialized.
[2020.07.27-06.17.42:275][716]LogLoad: Game class is 'GameMode_BP_C'
[2020.07.27-06.17.42:277][716]LogWorld: Bringing World /Game/Levels/UEDPIE_0_RichardTemplate.RichardTemplate up for play (max tick rate 0) at 2020.07.27-16.17.42
[2020.07.27-06.17.42:277][716]LogWorld: Bringing up level for play took: 0.000776
[2020.07.27-06.17.42:277][716]LogOnline: OSS: Creating online subsystem instance for: :Context_1
[2020.07.27-06.17.42:283][716]LogContentBrowser: Native class hierarchy updated for 'MovieSceneCapture' in 0.0003 seconds. Added 20 classes and 0 folders.
[2020.07.27-06.17.42:283][716]LogGameMode: Display: Match State Changed from EnteringMap to WaitingToStart
[2020.07.27-06.17.42:283][716]LogGameState: Match State Changed from EnteringMap to WaitingToStart
[2020.07.27-06.17.42:283][716]LogGameMode: Display: Match State Changed from WaitingToStart to InProgress
[2020.07.27-06.17.42:285][716]LogGameState: Match State Changed from WaitingToStart to InProgress
[2020.07.27-06.17.42:286][716]PIE: Play in editor start time for /Game/Levels/UEDPIE_0_RichardTemplate 0.394
[2020.07.27-06.17.42:286][716]LogBlueprintUserMessages: Late PlayInEditor Detection: Level '/Game/Levels/RichardTemplate.RichardTemplate:PersistentLevel' has LevelScriptBlueprint '/Game/Levels/RichardTemplate.RichardTemplate:PersistentLevel.RichardTemplate' with GeneratedClass '/Game/Levels/RichardTemplate.RichardTemplate_C' with ClassGeneratedBy '/Game/Levels/RichardTemplate.RichardTemplate:PersistentLevel.RichardTemplate'
[2020.07.27-06.17.46:001][155]LogTemp: Warning: Message Output
[2020.07.27-06.17.46:002][155]LogSlate: FSceneViewport::OnFocusLost() reason 2
[2020.07.27-06.17.47:168][295]LogBlueprintUserMessages: [PickupWidget_C_0] Hold
[2020.07.27-06.17.49:452][569]LogBlueprintUserMessages: Early EndPlayMap Detection: Level '/Game/Levels/RichardTemplate.RichardTemplate:PersistentLevel' has LevelScriptBlueprint '/Game/Levels/RichardTemplate.RichardTemplate:PersistentLevel.RichardTemplate' with GeneratedClass '/Game/Levels/RichardTemplate.RichardTemplate_C' with ClassGeneratedBy '/Game/Levels/RichardTemplate.RichardTemplate:PersistentLevel.RichardTemplate'
[2020.07.27-06.17.49:453][569]LogSlate: Updating window title bar state: overlay mode, drag disabled, window buttons hidden, title bar hidden
[2020.07.27-06.17.49:453][569]LogWorld: BeginTearingDown for /Game/Levels/UEDPIE_0_RichardTemplate
[2020.07.27-06.17.49:453][569]LogWorld: UWorld::CleanupWorld for RichardTemplate, bSessionEnded=true, bCleanupResources=true
[2020.07.27-06.17.49:462][569]LogPlayLevel: Display: Shutting down PIE online subsystems
[2020.07.27-06.17.49:462][569]LogBlueprintUserMessages: Late EndPlayMap Detection: Level '/Game/Levels/RichardTemplate.RichardTemplate:PersistentLevel' has LevelScriptBlueprint '/Game/Levels/RichardTemplate.RichardTemplate:PersistentLevel.RichardTemplate' with GeneratedClass '/Game/Levels/RichardTemplate.RichardTemplate_C' with ClassGeneratedBy '/Game/Levels/RichardTemplate.RichardTemplate:PersistentLevel.RichardTemplate'
[2020.07.27-06.17.49:486][569]LogSlate: Updating window title bar state: overlay mode, drag disabled, window buttons hidden, title bar hidden
[2020.07.27-06.17.49:490][569]LogUObjectHash: Compacting FUObjectHashTables data took   2.18ms
[2020.07.27-06.17.49:556][574]LogPlayLevel: Display: Destroying online subsystem :Context_1
[2020.07.27-06.18.10:497][ 86]LogTemp: Repeating last play command: Selected Viewport
[2020.07.27-06.18.10:511][ 86]LogBlueprintUserMessages: Early PlayInEditor Detection: Level '/Game/Levels/RichardTemplate.RichardTemplate:PersistentLevel' has LevelScriptBlueprint '/Game/Levels/RichardTemplate.RichardTemplate:PersistentLevel.RichardTemplate' with GeneratedClass '/Game/Levels/RichardTemplate.RichardTemplate_C' with ClassGeneratedBy '/Game/Levels/RichardTemplate.RichardTemplate:PersistentLevel.RichardTemplate'
[2020.07.27-06.18.10:511][ 86]LogPlayLevel: PlayLevel: No blueprints needed recompiling
[2020.07.27-06.18.10:511][ 86]PIE: New page: PIE session: RichardTemplate (28 Jul 2020 2:18:10 am)
[2020.07.27-06.18.10:511][ 86]LogPlayLevel: Creating play world package: /Game/Levels/UEDPIE_0_RichardTemplate
[2020.07.27-06.18.10:514][ 86]LogPlayLevel: PIE: StaticDuplicateObject took: (0.002399s)
[2020.07.27-06.18.10:515][ 86]LogAIModule: Creating AISystem for world RichardTemplate
[2020.07.27-06.18.10:515][ 86]LogPlayLevel: PIE: World Init took: (0.001299s)
[2020.07.27-06.18.10:515][ 86]LogPlayLevel: PIE: Created PIE world by copying editor world from /Game/Levels/RichardTemplate.RichardTemplate to /Game/Levels/UEDPIE_0_RichardTemplate.RichardTemplate (0.003842s)
[2020.07.27-06.18.10:540][ 86]LogUObjectHash: Compacting FUObjectHashTables data took   1.67ms
[2020.07.27-06.18.10:552][ 86]LogInit: XAudio2 using 'Speakers (Realtek High Definition Audio)' : 2 channels at 48 kHz using 32 bits per sample (channel mask 0x3)
[2020.07.27-06.18.10:575][ 86]LogInit: FAudioDevice initialized.
[2020.07.27-06.18.10:582][ 86]LogLoad: Game class is 'GameMode_BP_C'
[2020.07.27-06.18.10:583][ 86]LogWorld: Bringing World /Game/Levels/UEDPIE_0_RichardTemplate.RichardTemplate up for play (max tick rate 0) at 2020.07.27-16.18.10
[2020.07.27-06.18.10:584][ 86]LogWorld: Bringing up level for play took: 0.000827
[2020.07.27-06.18.10:584][ 86]LogOnline: OSS: Creating online subsystem instance for: :Context_2
[2020.07.27-06.18.10:586][ 86]LogGameMode: Display: Match State Changed from EnteringMap to WaitingToStart
[2020.07.27-06.18.10:586][ 86]LogGameState: Match State Changed from EnteringMap to WaitingToStart
[2020.07.27-06.18.10:586][ 86]LogGameMode: Display: Match State Changed from WaitingToStart to InProgress
[2020.07.27-06.18.10:587][ 86]LogGameState: Match State Changed from WaitingToStart to InProgress
[2020.07.27-06.18.10:587][ 86]PIE: Play in editor start time for /Game/Levels/UEDPIE_0_RichardTemplate 0.696
[2020.07.27-06.18.10:587][ 86]LogBlueprintUserMessages: Late PlayInEditor Detection: Level '/Game/Levels/RichardTemplate.RichardTemplate:PersistentLevel' has LevelScriptBlueprint '/Game/Levels/RichardTemplate.RichardTemplate:PersistentLevel.RichardTemplate' with GeneratedClass '/Game/Levels/RichardTemplate.RichardTemplate_C' with ClassGeneratedBy '/Game/Levels/RichardTemplate.RichardTemplate:PersistentLevel.RichardTemplate'
[2020.07.27-06.18.12:073][261]LogTemp: Warning: Message Output
[2020.07.27-06.18.12:074][261]LogSlate: FSceneViewport::OnFocusLost() reason 2
[2020.07.27-06.18.14:565][560]LogBlueprintUserMessages: [PickupWidget_C_0] Consumed
[2020.07.27-06.20.35:554][473]LogEditorSessionSummary: EditorSessionSummary sent report. Type=Shutdown, SessionId={115CFC94-4E98-75F7-8389-5DB02252CD86}
[2020.07.27-06.21.01:120][537]LogBlueprintUserMessages: Early EndPlayMap Detection: Level '/Game/Levels/RichardTemplate.RichardTemplate:PersistentLevel' has LevelScriptBlueprint '/Game/Levels/RichardTemplate.RichardTemplate:PersistentLevel.RichardTemplate' with GeneratedClass '/Game/Levels/RichardTemplate.RichardTemplate_C' with ClassGeneratedBy '/Game/Levels/RichardTemplate.RichardTemplate:PersistentLevel.RichardTemplate'
[2020.07.27-06.21.01:121][537]LogSlate: Updating window title bar state: overlay mode, drag disabled, window buttons hidden, title bar hidden
[2020.07.27-06.21.01:121][537]LogWorld: BeginTearingDown for /Game/Levels/UEDPIE_0_RichardTemplate
[2020.07.27-06.21.01:121][537]LogWorld: UWorld::CleanupWorld for RichardTemplate, bSessionEnded=true, bCleanupResources=true
[2020.07.27-06.21.01:133][537]LogPlayLevel: Display: Shutting down PIE online subsystems
[2020.07.27-06.21.01:133][537]LogBlueprintUserMessages: Late EndPlayMap Detection: Level '/Game/Levels/RichardTemplate.RichardTemplate:PersistentLevel' has LevelScriptBlueprint '/Game/Levels/RichardTemplate.RichardTemplate:PersistentLevel.RichardTemplate' with GeneratedClass '/Game/Levels/RichardTemplate.RichardTemplate_C' with ClassGeneratedBy '/Game/Levels/RichardTemplate.RichardTemplate:PersistentLevel.RichardTemplate'
[2020.07.27-06.21.01:161][537]LogSlate: Updating window title bar state: overlay mode, drag disabled, window buttons hidden, title bar hidden
[2020.07.27-06.21.01:163][537]LogUObjectHash: Compacting FUObjectHashTables data took   1.44ms
[2020.07.27-06.21.01:225][542]LogPlayLevel: Display: Destroying online subsystem :Context_2
[2020.07.27-06.22.32:358][479]LogSlate: FSceneViewport::OnFocusLost() reason 0
[2020.07.27-06.22.33:786][647]LogUObjectHash: Compacting FUObjectHashTables data took   1.80ms
[2020.07.27-06.22.33:865][647]LogAIModule: Creating AISystem for world RichardTemplate_2
[2020.07.27-06.22.39:871][348]LogUObjectHash: Compacting FUObjectHashTables data took   1.65ms
[2020.07.27-06.22.39:871][348]LogMetaData: Removing '/Game/Levels/Customisation.SKEL_Customisation_C' ref from Metadata '/Game/Levels/RichardTemplate_2.PackageMetaData'
[2020.07.27-06.22.39:872][348]LogMetaData: Removing '/Game/Levels/Customisation.Customisation_C' ref from Metadata '/Game/Levels/RichardTemplate_2.PackageMetaData'
[2020.07.27-06.22.39:895][348]Cmd: OBJ SAVEPACKAGE PACKAGE="/Game/Levels/Customisation" FILE="../../../../../../Users/s191281/Documents/Omni/Guudo/Content/Levels/Customisation.umap" SILENT=true AUTOSAVING=false KEEPDIRTY=false
[2020.07.27-06.22.39:924][348]LogUObjectHash: Compacting FUObjectHashTables data took   1.88ms
[2020.07.27-06.22.40:025][348]LogSavePackage: Moving '../../../../../../Users/s191281/Documents/Omni/Guudo/Saved/CustomisationF8A68AC444E4774ABB7AA094B6DD0281.tmp' to '../../../../../../Users/s191281/Documents/Omni/Guudo/Content/Levels/Customisation.umap'
[2020.07.27-06.22.40:033][348]LogFileHelpers: Saving map 'Customisation' took 0.139
[2020.07.27-06.22.40:140][348]LogUObjectHash: Compacting FUObjectHashTables data took   2.05ms
[2020.07.27-06.22.40:166][348]LogUObjectHash: Compacting FUObjectHashTables data took   1.84ms
[2020.07.27-06.22.40:186][348]LogUObjectHash: Compacting FUObjectHashTables data took   0.65ms
[2020.07.27-06.22.41:890][548]LogAssetEditorManager: Opening Asset editor for World /Game/Levels/Customisation.Customisation
[2020.07.27-06.22.41:912][548]LogUObjectHash: Compacting FUObjectHashTables data took   1.23ms
[2020.07.27-06.22.41:913][548]Cmd: MAP LOAD FILE="../../../../../../Users/s191281/Documents/Omni/Guudo/Content/Levels/Customisation.umap" TEMPLATE=0 SHOWPROGRESS=1 FEATURELEVEL=3
[2020.07.27-06.22.41:913][548]LightingResults: New page: Lighting Build
[2020.07.27-06.22.41:914][548]LoadErrors: New page: Loading map: Customisation.umap
[2020.07.27-06.22.41:914][548]LogWorld: UWorld::CleanupWorld for RichardTemplate, bSessionEnded=true, bCleanupResources=true
[2020.07.27-06.22.41:915][548]MapCheck: New page: Map Check
[2020.07.27-06.22.41:915][548]LightingResults: New page: Lighting Build
[2020.07.27-06.22.41:938][548]LogUObjectHash: Compacting FUObjectHashTables data took   1.80ms
[2020.07.27-06.22.41:940][548]LogEditorServer: Finished looking for orphan Actors (0.000 secs)
[2020.07.27-06.22.41:963][548]LogUObjectHash: Compacting FUObjectHashTables data took   1.64ms
[2020.07.27-06.22.41:991][548]Cmd: MAP CHECKDEP NOCLEARLOG
[2020.07.27-06.22.41:991][548]MapCheck: Map check complete: 0 Error(s), 0 Warning(s), took 0.112ms to complete.
[2020.07.27-06.22.41:992][548]LogFileHelpers: Loading map 'Customisation' took 0.080
[2020.07.27-06.22.43:980][775]LogEditorViewport: Clicking on Actor (LMB): StaticMeshActor (Floor)
[2020.07.27-06.22.44:293][801]Cmd: DELETE
[2020.07.27-06.22.44:293][801]Cmd: ACTOR DELETE
[2020.07.27-06.22.44:294][801]LogEditorActor: Deleted Actor: StaticMeshActor
[2020.07.27-06.22.44:313][801]LogUObjectHash: Compacting FUObjectHashTables data took   0.67ms
[2020.07.27-06.22.44:313][801]LogEditorActor: Deleted 1 Actors (0.020 secs)
[2020.07.27-06.22.45:302][919]LogEditorViewport: Clicking on Actor (LMB): NewBlueprint_C (NewBlueprint)
[2020.07.27-06.22.45:566][943]Cmd: DELETE
[2020.07.27-06.22.45:566][943]Cmd: ACTOR DELETE
[2020.07.27-06.22.45:567][943]LogEditorActor: Deleted Actor: NewBlueprint_C
[2020.07.27-06.22.45:587][943]LogUObjectHash: Compacting FUObjectHashTables data took   0.61ms
[2020.07.27-06.22.45:587][943]LogEditorActor: Deleted 1 Actors (0.021 secs)
[2020.07.27-06.22.46:304][ 28]LogEditorViewport: Clicking on Actor (LMB): PlayerStart (PlayerStart)
[2020.07.27-06.22.47:079][118]Cmd: DELETE
[2020.07.27-06.22.47:079][118]Cmd: ACTOR DELETE
[2020.07.27-06.22.47:080][118]LogEditorActor: Deleted Actor: PlayerStart
[2020.07.27-06.22.47:102][118]LogUObjectHash: Compacting FUObjectHashTables data took   0.66ms
[2020.07.27-06.22.47:102][118]LogEditorActor: Deleted 1 Actors (0.022 secs)
[2020.07.27-06.22.51:224][596]LogEditorViewport: Clicking on Actor (LMB): SphereReflectionCapture (SphereReflectionCapture)
[2020.07.27-06.22.52:475][739]Cmd: DELETE
[2020.07.27-06.22.52:475][739]Cmd: ACTOR DELETE
[2020.07.27-06.22.52:476][739]LogEditorActor: Deleted Actor: SphereReflectionCapture
[2020.07.27-06.22.52:497][739]LogUObjectHash: Compacting FUObjectHashTables data took   0.67ms
[2020.07.27-06.22.52:497][739]LogEditorActor: Deleted 1 Actors (0.023 secs)
[2020.07.27-06.22.52:985][797]LogEditorViewport: Clicking on Actor (LMB): SkyLight (SkyLight)
[2020.07.27-06.22.53:524][857]Cmd: DELETE
[2020.07.27-06.22.53:524][857]Cmd: ACTOR DELETE
[2020.07.27-06.22.53:525][857]LogEditorActor: Deleted Actor: SkyLight
[2020.07.27-06.22.53:545][857]LogUObjectHash: Compacting FUObjectHashTables data took   0.62ms
[2020.07.27-06.22.53:545][857]LogEditorActor: Deleted 1 Actors (0.022 secs)
[2020.07.27-06.22.54:020][914]LogEditorViewport: Clicking on Actor (LMB): SphereReflectionCapture (SphereReflectionCapture10)
[2020.07.27-06.22.54:390][955]Cmd: DELETE
[2020.07.27-06.22.54:390][955]Cmd: ACTOR DELETE
[2020.07.27-06.22.54:391][955]LogEditorActor: Deleted Actor: SphereReflectionCapture
[2020.07.27-06.22.54:412][955]LogUObjectHash: Compacting FUObjectHashTables data took   0.64ms
[2020.07.27-06.22.54:412][955]LogEditorActor: Deleted 1 Actors (0.022 secs)
[2020.07.27-06.22.55:816][123]LogEditorViewport: Clicking on Actor (LMB): AmbientSound (Starter_Background_Cue)
[2020.07.27-06.22.58:740][466]Cmd: DELETE
[2020.07.27-06.22.58:740][466]Cmd: ACTOR DELETE
[2020.07.27-06.22.58:741][466]LogEditorActor: Deleted Actor: AmbientSound
[2020.07.27-06.22.58:760][466]LogUObjectHash: Compacting FUObjectHashTables data took   0.61ms
[2020.07.27-06.22.58:761][466]LogEditorActor: Deleted 1 Actors (0.021 secs)
[2020.07.27-06.23.01:366][778]LogSlate: FSceneViewport::OnFocusLost() reason 0
[2020.07.27-06.23.01:484][790]Cmd: OBJ SAVEPACKAGE PACKAGE="/Game/Levels/Customisation" FILE="../../../../../../Users/s191281/Documents/Omni/Guudo/Content/Levels/Customisation.umap" SILENT=true AUTOSAVING=false KEEPDIRTY=false
[2020.07.27-06.23.01:506][790]LogUObjectHash: Compacting FUObjectHashTables data took   0.77ms
[2020.07.27-06.23.01:624][790]LogSavePackage: Moving '../../../../../../Users/s191281/Documents/Omni/Guudo/Saved/Customisation4AD0B1EE41A77F26B5225CAFD99E8BE1.tmp' to '../../../../../../Users/s191281/Documents/Omni/Guudo/Content/Levels/Customisation.umap'
[2020.07.27-06.23.17:846][294]LogSlate: Window 'Pick Parent Class' being destroyed
[2020.07.27-06.25.39:926][691]LogSlate: Window 'Pick Parent Class' being destroyed
[2020.07.27-06.25.50:275][921]LogAssetEditorManager: Opening Asset editor for WidgetBlueprint /Game/HUD/Customiser.Customiser
[2020.07.27-06.25.50:566][921]LogContentBrowser: Native class hierarchy updated for 'BlueprintGraph' in 0.0006 seconds. Added 121 classes and 0 folders.
[2020.07.27-06.25.51:646][921]LogSlate: Took 0.004518 seconds to synchronously load lazily loaded font '../../../Engine/Content/Slate/Fonts/Roboto-BoldCondensed.ttf' (158K)
[2020.07.27-06.26.01:149][977]BlueprintLog: New page: Compile Customiser
[2020.07.27-06.26.01:357][977]LogUObjectHash: Compacting FUObjectHashTables data took   5.34ms
[2020.07.27-06.26.01:736][  0]Cmd: OBJ SAVEPACKAGE PACKAGE="/Game/HUD/Customiser" FILE="../../../../../../Users/s191281/Documents/Omni/Guudo/Content/HUD/Customiser.uasset" SILENT=true
[2020.07.27-06.26.01:749][  0]LogSavePackage: Moving '../../../../../../Users/s191281/Documents/Omni/Guudo/Saved/CustomiserE0E838864D6DE91D9803F6ADB51819D6.tmp' to '../../../../../../Users/s191281/Documents/Omni/Guudo/Content/HUD/Customiser.uasset'
[2020.07.27-06.26.08:454][789]LogSlate: Took 0.004466 seconds to synchronously load lazily loaded font '../../../Engine/Content/Slate/Fonts/Roboto-Italic.ttf' (157K)
[2020.07.27-06.26.30:080][380]LogSlate: Prevented a slow task dialog from being summoned while a context menu was open
[2020.07.27-06.26.32:703][689]LogSlate: Window 'Customiser' being destroyed
[2020.07.27-06.26.32:712][689]LogWorld: UWorld::CleanupWorld for World_3, bSessionEnded=true, bCleanupResources=true
[2020.07.27-06.26.32:738][689]LogWorld: UWorld::CleanupWorld for World_2, bSessionEnded=true, bCleanupResources=true
[2020.07.27-06.26.36:342][110]LogUObjectHash: Compacting FUObjectHashTables data took   3.60ms
[2020.07.27-06.26.37:271][110]LogSlate: Window 'Delete Assets' being destroyed
[2020.07.27-06.26.37:392][110]LogUObjectHash: Compacting FUObjectHashTables data took   2.86ms
[2020.07.27-06.26.37:423][110]LogUObjectHash: Compacting FUObjectHashTables data took   2.34ms
[2020.07.27-06.26.37:449][110]LogUObjectHash: Compacting FUObjectHashTables data took   0.78ms
[2020.07.27-06.26.38:998][294]Cmd: OBJ SAVEPACKAGE PACKAGE="/Game/Levels/Customisation" FILE="../../../../../../Users/s191281/Documents/Omni/Guudo/Content/Levels/Customisation.umap" SILENT=true AUTOSAVING=false KEEPDIRTY=false
[2020.07.27-06.26.39:027][294]LogUObjectHash: Compacting FUObjectHashTables data took   0.78ms
[2020.07.27-06.26.39:161][294]LogSavePackage: Moving '../../../../../../Users/s191281/Documents/Omni/Guudo/Saved/CustomisationDC8E2F494CCACBEE0EAD0BB499DF39D5.tmp' to '../../../../../../Users/s191281/Documents/Omni/Guudo/Content/Levels/Customisation.umap'
[2020.07.27-06.27.40:073][440]LogEditorSessionSummary: EditorSessionSummary sent report. Type=Shutdown, SessionId={472814BB-41EE-7991-6306-D4848F110E2E}
[2020.07.27-06.28.09:146][682]LogAssetEditorManager: Opening Asset editor for Class /Script/Guudo.GuudoCharater
