Log file open, 07/22/20 16:30:18
LogWindows: Failed to load 'aqProf.dll' (GetLastError=126)
LogWindows: File 'aqProf.dll' does not exist
LogWindows: Failed to load 'VtuneApi.dll' (GetLastError=126)
LogWindows: File 'VtuneApi.dll' does not exist
LogWindows: Failed to load 'VtuneApi32e.dll' (GetLastError=126)
LogWindows: File 'VtuneApi32e.dll' does not exist
LogConsoleResponse: Display: Failed to find resolution value strings in scalability ini. Falling back to default.
LogInit: Display: Running engine for game: Guudo
LogPlatformFile: Not using cached read wrapper
LogTaskGraph: Started task graph with 5 named threads and 23 total threads with 3 sets of task threads.
LogStats: Stats thread started at 0.071703
LogD3D11RHI: Loaded GFSDK_Aftermath_Lib.x64.dll
LogICUInternationalization: ICU TimeZone Detection - Raw Offset: +10:00, Platform Override: ''
LogPluginManager: Mounting plugin Paper2D
LogPluginManager: Mounting plugin AISupport
LogPluginManager: Mounting plugin LightPropagationVolume
LogPluginManager: Mounting plugin ActorLayerUtilities
LogPluginManager: Mounting plugin AnimationSharing
LogPluginManager: Mounting plugin CLionSourceCodeAccess
LogPluginManager: Mounting plugin CodeLiteSourceCodeAccess
LogPluginManager: Mounting plugin GitSourceControl
LogPluginManager: Mounting plugin KDevelopSourceCodeAccess
LogPluginManager: Mounting plugin NullSourceCodeAccess
LogPluginManager: Mounting plugin PerforceSourceControl
LogPluginManager: Mounting plugin SubversionSourceControl
LogPluginManager: Mounting plugin UObjectPlugin
LogPluginManager: Mounting plugin VisualStudioCodeSourceCodeAccess
LogPluginManager: Mounting plugin VisualStudioSourceCodeAccess
LogPluginManager: Mounting plugin XCodeSourceCodeAccess
LogPluginManager: Mounting plugin AssetManagerEditor
LogPluginManager: Mounting plugin CryptoKeys
LogPluginManager: Mounting plugin CurveEditorTools
LogPluginManager: Mounting plugin DataValidation
LogPluginManager: Mounting plugin FacialAnimation
LogPluginManager: Mounting plugin GameplayTagsEditor
LogPluginManager: Mounting plugin MacGraphicsSwitching
LogPluginManager: Mounting plugin MaterialAnalyzer
LogPluginManager: Mounting plugin MobileLauncherProfileWizard
LogPluginManager: Mounting plugin PluginBrowser
LogPluginManager: Mounting plugin SpeedTreeImporter
LogPluginManager: Mounting plugin DatasmithContent
LogPluginManager: Mounting plugin VariantManagerContent
LogPluginManager: Mounting plugin AlembicImporter
LogPluginManager: Mounting plugin AutomationUtils
LogPluginManager: Mounting plugin BackChannel
LogPluginManager: Mounting plugin CharacterAI
LogPluginManager: Mounting plugin GeometryCache
LogPluginManager: Mounting plugin HTML5Networking
LogPluginManager: Mounting plugin PlatformCrypto
LogPluginManager: Mounting plugin ProxyLODPlugin
LogPluginManager: Mounting plugin SkeletalReduction
LogPluginManager: Mounting plugin MagicLeap
LogPluginManager: Mounting plugin MagicLeapMedia
LogPluginManager: Mounting plugin AndroidMedia
LogPluginManager: Mounting plugin AvfMedia
LogPluginManager: Mounting plugin ImgMedia
LogPluginManager: Mounting plugin MediaCompositing
LogPluginManager: Mounting plugin MediaPlayerEditor
LogPluginManager: Mounting plugin WebMMedia
LogPluginManager: Mounting plugin WmfMedia
LogPluginManager: Mounting plugin TcpMessaging
LogPluginManager: Mounting plugin UdpMessaging
LogPluginManager: Mounting plugin ActorSequence
LogPluginManager: Mounting plugin LevelSequenceEditor
LogPluginManager: Mounting plugin MatineeToLevelSequence
LogPluginManager: Mounting plugin NetcodeUnitTest
LogPluginManager: Mounting plugin NUTUnrealEngine4
LogPluginManager: Mounting plugin OnlineSubsystemGooglePlay
LogPluginManager: Mounting plugin OnlineSubsystemIOS
LogPluginManager: Mounting plugin OnlineSubsystem
LogPluginManager: Mounting plugin OnlineSubsystemNull
LogPluginManager: Mounting plugin OnlineSubsystemUtils
LogPluginManager: Mounting plugin LauncherChunkInstaller
LogPluginManager: Mounting plugin AndroidDeviceProfileSelector
LogPluginManager: Mounting plugin AndroidMoviePlayer
LogPluginManager: Mounting plugin AndroidPermission
LogPluginManager: Mounting plugin AppleImageUtils
LogPluginManager: Mounting plugin AppleMoviePlayer
LogPluginManager: Mounting plugin ArchVisCharacter
LogPluginManager: Mounting plugin AudioCapture
LogPluginManager: Mounting plugin CableComponent
LogPluginManager: Mounting plugin CustomMeshComponent
LogPluginManager: Mounting plugin EditableMesh
LogPluginManager: Mounting plugin ExampleDeviceProfileSelector
LogPluginManager: Mounting plugin GoogleCloudMessaging
LogPluginManager: Mounting plugin IOSDeviceProfileSelector
LogPluginManager: Mounting plugin LinuxDeviceProfileSelector
LogPluginManager: Mounting plugin LocationServicesBPLibrary
LogPluginManager: Mounting plugin MobilePatchingUtils
LogPluginManager: Mounting plugin OculusVR
LogPluginManager: Mounting plugin PhysXVehicles
LogPluginManager: Mounting plugin ProceduralMeshComponent
LogPluginManager: Mounting plugin RuntimePhysXCooking
LogPluginManager: Mounting plugin SignificanceManager
LogPluginManager: Mounting plugin SteamVR
LogPluginManager: Mounting plugin WebMMoviePlayer
LogPluginManager: Mounting plugin WindowsMoviePlayer
LogPluginManager: Mounting plugin ScreenshotTools
LogInit: Using libcurl 7.55.1-DEV
LogInit:  - built for x86_64-pc-win32
LogInit:  - supports SSL with OpenSSL/1.1.1
LogInit:  - supports HTTP deflate (compression) using libz 1.2.8
LogInit:  - other features:
LogInit:      CURL_VERSION_SSL
LogInit:      CURL_VERSION_LIBZ
LogInit:      CURL_VERSION_IPV6
LogInit:      CURL_VERSION_ASYNCHDNS
LogInit:      CURL_VERSION_LARGEFILE
LogInit:      CURL_VERSION_IDN
LogInit:  CurlRequestOptions (configurable via config and command line):
LogInit:  - bVerifyPeer = true  - Libcurl will verify peer certificate
LogInit:  - bUseHttpProxy = false  - Libcurl will NOT use HTTP proxy
LogInit:  - bDontReuseConnections = false  - Libcurl will reuse connections
LogInit:  - MaxHostConnections = 16  - Libcurl will limit the number of connections to a host
LogInit:  - LocalHostAddr = Default
LogInit:  - BufferSize = 65536
LogOnline: OSS: Creating online subsystem instance for: NULL
LogInit: WinSock: version 1.1 (2.2), MaxSocks=32767, MaxUdp=65467
LogInit: Build: ++UE4+Release-4.23-CL-9631420
LogInit: Engine Version: 4.23.1-9631420+++UE4+Release-4.23
LogInit: Compatible Engine Version: 4.23.0-8386587+++UE4+Release-4.23
LogInit: Net CL: 8386587
LogInit: OS: Windows 10 (Release 1909) (), CPU: Intel(R) Core(TM) i7-4770 CPU @ 3.40GHz, GPU: NVIDIA GeForce GTX 770
LogInit: Compiled (64-bit): Oct 18 2019 02:07:44
LogInit: Compiled with Visual C++: 19.16.27030.01
LogInit: Build Configuration: Development
LogInit: Branch Name: ++UE4+Release-4.23
LogInit: Command Line: 
LogInit: Base Directory: C:/Program Files/Epic Games/UE_4.23/Engine/Binaries/Win64/
LogInit: Installed Engine Build: 1
LogDevObjectVersion: Number of dev versions registered: 23
LogDevObjectVersion:   Dev-Blueprints (B0D832E4-1F89-4F0D-ACCF-7EB736FD4AA2): 10
LogDevObjectVersion:   Dev-Build (E1C64328-A22C-4D53-A36C-8E866417BD8C): 0
LogDevObjectVersion:   Dev-Core (375EC13C-06E4-48FB-B500-84F0262A717E): 3
LogDevObjectVersion:   Dev-Editor (E4B068ED-F494-42E9-A231-DA0B2E46BB41): 34
LogDevObjectVersion:   Dev-Framework (CFFC743F-43B0-4480-9391-14DF171D2073): 35
LogDevObjectVersion:   Dev-Mobile (B02B49B5-BB20-44E9-A304-32B752E40360): 2
LogDevObjectVersion:   Dev-Networking (A4E4105C-59A1-49B5-A7C5-40C4547EDFEE): 0
LogDevObjectVersion:   Dev-Online (39C831C9-5AE6-47DC-9A44-9C173E1C8E7C): 0
LogDevObjectVersion:   Dev-Physics (78F01B33-EBEA-4F98-B9B4-84EACCB95AA2): 0
LogDevObjectVersion:   Dev-Platform (6631380F-2D4D-43E0-8009-CF276956A95A): 0
LogDevObjectVersion:   Dev-Rendering (12F88B9F-8875-4AFC-A67C-D90C383ABD29): 31
LogDevObjectVersion:   Dev-Sequencer (7B5AE74C-D270-4C10-A958-57980B212A5A): 11
LogDevObjectVersion:   Dev-VR (D7296918-1DD6-4BDD-9DE2-64A83CC13884): 2
LogDevObjectVersion:   Dev-LoadTimes (C2A15278-BFE7-4AFE-6C17-90FF531DF755): 1
LogDevObjectVersion:   Private-Geometry (6EACA3D4-40EC-4CC1-B786-8BED09428FC5): 3
LogDevObjectVersion:   Dev-AnimPhys (29E575DD-E0A3-4627-9D10-D276232CDCEA): 17
LogDevObjectVersion:   Dev-Anim (AF43A65D-7FD3-4947-9873-3E8ED9C1BB05): 2
LogDevObjectVersion:   Dev-ReflectionCapture (6B266CEC-1EC7-4B8F-A30B-E4D90942FC07): 1
LogDevObjectVersion:   Dev-Automation (0DF73D61-A23F-47EA-B727-89E90C41499A): 1
LogDevObjectVersion:   FortniteMain (601D1886-AC64-4F84-AA16-D3DE0DEAC7D6): 27
LogDevObjectVersion:   Dev-Enterprise (9DFFBCD6-494F-0158-E221-12823C92A888): 6
LogDevObjectVersion:   Dev-Niagara (F2AED0AC-9AFE-416F-8664-AA7FFA26D6FC): 1
LogDevObjectVersion:   Dev-Destruction (174F1F0B-B4C6-45A5-B13F-2EE8D0FB917D): 9
LogInit: Presizing for max 16777216 objects, including 0 objects not considered by GC, pre-allocating 0 bytes for permanent pool.
LogInit: Object subsystem initialized
LogConfig: Setting CVar [[con.DebugEarlyDefault:1]]
LogConfig: Setting CVar [[r.setres:1280x720]]
[2020.07.22-06.30.18:787][  0]LogConfig: Setting CVar [[r.VSync:0]]
[2020.07.22-06.30.18:787][  0]LogConfig: Setting CVar [[r.RHICmdBypass:0]]
[2020.07.22-06.30.18:787][  0]LogConfig: Applying CVar settings from Section [/Script/Engine.RendererSettings] File [C:/Users/s191281/Documents/Omni/Guudo/Saved/Config/Windows/Engine.ini]
[2020.07.22-06.30.18:787][  0]LogConfig: Setting CVar [[r.GPUCrashDebugging:0]]
[2020.07.22-06.30.18:787][  0]LogConfig: Setting CVar [[r.DefaultFeature.AutoExposure.ExtendDefaultLuminanceRange:1]]
[2020.07.22-06.30.18:787][  0]LogConfig: Applying CVar settings from Section [/Script/Engine.RendererOverrideSettings] File [C:/Users/s191281/Documents/Omni/Guudo/Saved/Config/Windows/Engine.ini]
[2020.07.22-06.30.18:787][  0]LogConfig: Applying CVar settings from Section [/Script/Engine.StreamingSettings] File [C:/Users/s191281/Documents/Omni/Guudo/Saved/Config/Windows/Engine.ini]
[2020.07.22-06.30.18:787][  0]LogConfig: Setting CVar [[s.MinBulkDataSizeForAsyncLoading:131072]]
[2020.07.22-06.30.18:787][  0]LogConfig: Setting CVar [[s.AsyncLoadingThreadEnabled:0]]
[2020.07.22-06.30.18:787][  0]LogConfig: Setting CVar [[s.EventDrivenLoaderEnabled:1]]
[2020.07.22-06.30.18:787][  0]LogConfig: Setting CVar [[s.WarnIfTimeLimitExceeded:0]]
[2020.07.22-06.30.18:787][  0]LogConfig: Setting CVar [[s.TimeLimitExceededMultiplier:1.5]]
[2020.07.22-06.30.18:787][  0]LogConfig: Setting CVar [[s.TimeLimitExceededMinTime:0.005]]
[2020.07.22-06.30.18:787][  0]LogConfig: Setting CVar [[s.UseBackgroundLevelStreaming:1]]
[2020.07.22-06.30.18:787][  0]LogConfig: Setting CVar [[s.PriorityAsyncLoadingExtraTime:15.0]]
[2020.07.22-06.30.18:787][  0]LogConfig: Setting CVar [[s.LevelStreamingActorsUpdateTimeLimit:5.0]]
[2020.07.22-06.30.18:787][  0]LogConfig: Setting CVar [[s.PriorityLevelStreamingActorsUpdateExtraTime:5.0]]
[2020.07.22-06.30.18:787][  0]LogConfig: Setting CVar [[s.LevelStreamingComponentsRegistrationGranularity:10]]
[2020.07.22-06.30.18:787][  0]LogConfig: Setting CVar [[s.UnregisterComponentsTimeLimit:1.0]]
[2020.07.22-06.30.18:787][  0]LogConfig: Setting CVar [[s.LevelStreamingComponentsUnregistrationGranularity:5]]
[2020.07.22-06.30.18:787][  0]LogConfig: Applying CVar settings from Section [/Script/Engine.GarbageCollectionSettings] File [C:/Users/s191281/Documents/Omni/Guudo/Saved/Config/Windows/Engine.ini]
[2020.07.22-06.30.18:787][  0]LogConfig: Setting CVar [[gc.MaxObjectsNotConsideredByGC:1]]
[2020.07.22-06.30.18:787][  0]LogConfig: Setting CVar [[gc.SizeOfPermanentObjectPool:0]]
[2020.07.22-06.30.18:787][  0]LogConfig: Setting CVar [[gc.FlushStreamingOnGC:0]]
[2020.07.22-06.30.18:787][  0]LogConfig: Setting CVar [[gc.NumRetriesBeforeForcingGC:10]]
[2020.07.22-06.30.18:787][  0]LogConfig: Setting CVar [[gc.AllowParallelGC:1]]
[2020.07.22-06.30.18:787][  0]LogConfig: Setting CVar [[gc.TimeBetweenPurgingPendingKillObjects:61.1]]
[2020.07.22-06.30.18:787][  0]LogConfig: Setting CVar [[gc.MaxObjectsInEditor:16777216]]
[2020.07.22-06.30.18:787][  0]LogConfig: Setting CVar [[gc.IncrementalBeginDestroyEnabled:1]]
[2020.07.22-06.30.18:787][  0]LogConfig: Setting CVar [[gc.CreateGCClusters:1]]
[2020.07.22-06.30.18:787][  0]LogConfig: Setting CVar [[gc.MinGCClusterSize:5]]
[2020.07.22-06.30.18:787][  0]LogConfig: Setting CVar [[gc.ActorClusteringEnabled:0]]
[2020.07.22-06.30.18:787][  0]LogConfig: Setting CVar [[gc.BlueprintClusteringEnabled:0]]
[2020.07.22-06.30.18:787][  0]LogConfig: Setting CVar [[gc.UseDisregardForGCOnDedicatedServers:0]]
[2020.07.22-06.30.18:787][  0]LogConfig: Applying CVar settings from Section [/Script/Engine.NetworkSettings] File [C:/Users/s191281/Documents/Omni/Guudo/Saved/Config/Windows/Engine.ini]
[2020.07.22-06.30.18:787][  0]LogConfig: Applying CVar settings from Section [/Script/UnrealEd.CookerSettings] File [C:/Users/s191281/Documents/Omni/Guudo/Saved/Config/Windows/Engine.ini]
[2020.07.22-06.30.18:794][  0]LogConfig: Applying CVar settings from Section [ViewDistanceQuality@3] File [C:/Users/s191281/Documents/Omni/Guudo/Saved/Config/Windows/Scalability.ini]
[2020.07.22-06.30.18:794][  0]LogConfig: Setting CVar [[r.SkeletalMeshLODBias:0]]
[2020.07.22-06.30.18:794][  0]LogConfig: Setting CVar [[r.ViewDistanceScale:1.0]]
[2020.07.22-06.30.18:794][  0]LogConfig: Applying CVar settings from Section [AntiAliasingQuality@3] File [C:/Users/s191281/Documents/Omni/Guudo/Saved/Config/Windows/Scalability.ini]
[2020.07.22-06.30.18:795][  0]LogConfig: Setting CVar [[r.PostProcessAAQuality:4]]
[2020.07.22-06.30.18:795][  0]LogConfig: Applying CVar settings from Section [ShadowQuality@3] File [C:/Users/s191281/Documents/Omni/Guudo/Saved/Config/Windows/Scalability.ini]
[2020.07.22-06.30.18:795][  0]LogConfig: Setting CVar [[r.LightFunctionQuality:1]]
[2020.07.22-06.30.18:795][  0]LogConfig: Setting CVar [[r.ShadowQuality:5]]
[2020.07.22-06.30.18:795][  0]LogConfig: Setting CVar [[r.Shadow.CSM.MaxCascades:10]]
[2020.07.22-06.30.18:795][  0]LogConfig: Setting CVar [[r.Shadow.MaxResolution:2048]]
[2020.07.22-06.30.18:795][  0]LogConfig: Setting CVar [[r.Shadow.MaxCSMResolution:2048]]
[2020.07.22-06.30.18:795][  0]LogConfig: Setting CVar [[r.Shadow.RadiusThreshold:0.01]]
[2020.07.22-06.30.18:795][  0]LogConfig: Setting CVar [[r.Shadow.DistanceScale:1.0]]
[2020.07.22-06.30.18:795][  0]LogConfig: Setting CVar [[r.Shadow.CSM.TransitionScale:1.0]]
[2020.07.22-06.30.18:795][  0]LogConfig: Setting CVar [[r.Shadow.PreShadowResolutionFactor:1.0]]
[2020.07.22-06.30.18:795][  0]LogConfig: Setting CVar [[r.DistanceFieldShadowing:1]]
[2020.07.22-06.30.18:795][  0]LogConfig: Setting CVar [[r.DistanceFieldAO:1]]
[2020.07.22-06.30.18:795][  0]LogConfig: Setting CVar [[r.AOQuality:2]]
[2020.07.22-06.30.18:795][  0]LogConfig: Setting CVar [[r.VolumetricFog:1]]
[2020.07.22-06.30.18:795][  0]LogConfig: Setting CVar [[r.VolumetricFog.GridPixelSize:8]]
[2020.07.22-06.30.18:795][  0]LogConfig: Setting CVar [[r.VolumetricFog.GridSizeZ:128]]
[2020.07.22-06.30.18:795][  0]LogConfig: Setting CVar [[r.VolumetricFog.HistoryMissSupersampleCount:4]]
[2020.07.22-06.30.18:795][  0]LogConfig: Setting CVar [[r.LightMaxDrawDistanceScale:1]]
[2020.07.22-06.30.18:795][  0]LogConfig: Setting CVar [[r.CapsuleShadows:1]]
[2020.07.22-06.30.18:795][  0]LogConfig: Applying CVar settings from Section [PostProcessQuality@3] File [C:/Users/s191281/Documents/Omni/Guudo/Saved/Config/Windows/Scalability.ini]
[2020.07.22-06.30.18:795][  0]LogConfig: Setting CVar [[r.MotionBlurQuality:4]]
[2020.07.22-06.30.18:795][  0]LogConfig: Setting CVar [[r.AmbientOcclusionMipLevelFactor:0.4]]
[2020.07.22-06.30.18:795][  0]LogConfig: Setting CVar [[r.AmbientOcclusionMaxQuality:100]]
[2020.07.22-06.30.18:795][  0]LogConfig: Setting CVar [[r.AmbientOcclusionLevels:-1]]
[2020.07.22-06.30.18:795][  0]LogConfig: Setting CVar [[r.AmbientOcclusionRadiusScale:1.0]]
[2020.07.22-06.30.18:795][  0]LogConfig: Setting CVar [[r.DepthOfFieldQuality:2]]
[2020.07.22-06.30.18:795][  0]LogConfig: Setting CVar [[r.RenderTargetPoolMin:400]]
[2020.07.22-06.30.18:795][  0]LogConfig: Setting CVar [[r.LensFlareQuality:2]]
[2020.07.22-06.30.18:795][  0]LogConfig: Setting CVar [[r.SceneColorFringeQuality:1]]
[2020.07.22-06.30.18:795][  0]LogConfig: Setting CVar [[r.EyeAdaptationQuality:2]]
[2020.07.22-06.30.18:795][  0]LogConfig: Setting CVar [[r.BloomQuality:5]]
[2020.07.22-06.30.18:795][  0]LogConfig: Setting CVar [[r.FastBlurThreshold:100]]
[2020.07.22-06.30.18:795][  0]LogConfig: Setting CVar [[r.Upscale.Quality:3]]
[2020.07.22-06.30.18:795][  0]LogConfig: Setting CVar [[r.Tonemapper.GrainQuantization:1]]
[2020.07.22-06.30.18:795][  0]LogConfig: Setting CVar [[r.LightShaftQuality:1]]
[2020.07.22-06.30.18:795][  0]LogConfig: Setting CVar [[r.Filter.SizeScale:1]]
[2020.07.22-06.30.18:795][  0]LogConfig: Setting CVar [[r.Tonemapper.Quality:5]]
[2020.07.22-06.30.18:795][  0]LogConfig: Setting CVar [[r.DOF.Gather.AccumulatorQuality:1        ; higher gathering accumulator quality]]
[2020.07.22-06.30.18:795][  0]LogConfig: Setting CVar [[r.DOF.Gather.PostfilterMethod:1          ; Median3x3 postfilering method]]
[2020.07.22-06.30.18:795][  0]LogConfig: Setting CVar [[r.DOF.Gather.EnableBokehSettings:0       ; no bokeh simulation when gathering]]
[2020.07.22-06.30.18:795][  0]LogConfig: Setting CVar [[r.DOF.Gather.RingCount:4                 ; medium number of samples when gathering]]
[2020.07.22-06.30.18:795][  0]LogConfig: Setting CVar [[r.DOF.Scatter.ForegroundCompositing:1    ; additive foreground scattering]]
[2020.07.22-06.30.18:795][  0]LogConfig: Setting CVar [[r.DOF.Scatter.BackgroundCompositing:2    ; additive background scattering]]
[2020.07.22-06.30.18:795][  0]LogConfig: Setting CVar [[r.DOF.Scatter.EnableBokehSettings:1      ; bokeh simulation when scattering]]
[2020.07.22-06.30.18:795][  0]LogConfig: Setting CVar [[r.DOF.Scatter.MaxSpriteRatio:0.1         ; only a maximum of 10% of scattered bokeh]]
[2020.07.22-06.30.18:795][  0]LogConfig: Setting CVar [[r.DOF.Recombine.Quality:1                ; cheap slight out of focus]]
[2020.07.22-06.30.18:795][  0]LogConfig: Setting CVar [[r.DOF.Recombine.EnableBokehSettings:0    ; no bokeh simulation on slight out of focus]]
[2020.07.22-06.30.18:795][  0]LogConfig: Setting CVar [[r.DOF.TemporalAAQuality:1                ; more stable temporal accumulation]]
[2020.07.22-06.30.18:795][  0]LogConfig: Setting CVar [[r.DOF.Kernel.MaxForegroundRadius:0.025]]
[2020.07.22-06.30.18:795][  0]LogConfig: Setting CVar [[r.DOF.Kernel.MaxBackgroundRadius:0.025]]
[2020.07.22-06.30.18:795][  0]LogConfig: Applying CVar settings from Section [TextureQuality@3] File [C:/Users/s191281/Documents/Omni/Guudo/Saved/Config/Windows/Scalability.ini]
[2020.07.22-06.30.18:795][  0]LogConfig: Setting CVar [[r.Streaming.MipBias:0]]
[2020.07.22-06.30.18:795][  0]LogConfig: Setting CVar [[r.Streaming.AmortizeCPUToGPUCopy:0]]
[2020.07.22-06.30.18:795][  0]LogConfig: Setting CVar [[r.Streaming.MaxNumTexturesToStreamPerFrame:0]]
[2020.07.22-06.30.18:795][  0]LogConfig: Setting CVar [[r.Streaming.Boost:1]]
[2020.07.22-06.30.18:795][  0]LogConfig: Setting CVar [[r.MaxAnisotropy:8]]
[2020.07.22-06.30.18:795][  0]LogConfig: Setting CVar [[r.Streaming.LimitPoolSizeToVRAM:0]]
[2020.07.22-06.30.18:795][  0]LogConfig: Setting CVar [[r.Streaming.PoolSize:1000]]
[2020.07.22-06.30.18:795][  0]LogConfig: Setting CVar [[r.Streaming.MaxEffectiveScreenSize:0]]
[2020.07.22-06.30.18:795][  0]LogConfig: Applying CVar settings from Section [EffectsQuality@3] File [C:/Users/s191281/Documents/Omni/Guudo/Saved/Config/Windows/Scalability.ini]
[2020.07.22-06.30.18:795][  0]LogConfig: Setting CVar [[r.TranslucencyLightingVolumeDim:64]]
[2020.07.22-06.30.18:795][  0]LogConfig: Setting CVar [[r.RefractionQuality:2]]
[2020.07.22-06.30.18:795][  0]LogConfig: Setting CVar [[r.SSR.Quality:3]]
[2020.07.22-06.30.18:795][  0]LogConfig: Setting CVar [[r.SceneColorFormat:4]]
[2020.07.22-06.30.18:795][  0]LogConfig: Setting CVar [[r.DetailMode:2]]
[2020.07.22-06.30.18:795][  0]LogConfig: Setting CVar [[r.TranslucencyVolumeBlur:1]]
[2020.07.22-06.30.18:795][  0]LogConfig: Setting CVar [[r.MaterialQualityLevel:1 ; High quality]]
[2020.07.22-06.30.18:795][  0]LogConfig: Setting CVar [[r.SSS.Scale:1]]
[2020.07.22-06.30.18:795][  0]LogConfig: Setting CVar [[r.SSS.SampleSet:2]]
[2020.07.22-06.30.18:795][  0]LogConfig: Setting CVar [[r.SSS.Quality:1]]
[2020.07.22-06.30.18:795][  0]LogConfig: Setting CVar [[r.SSS.HalfRes:1]]
[2020.07.22-06.30.18:795][  0]LogConfig: Setting CVar [[r.EmitterSpawnRateScale:1.0]]
[2020.07.22-06.30.18:795][  0]LogConfig: Setting CVar [[r.ParticleLightQuality:2]]
[2020.07.22-06.30.18:795][  0]LogConfig: Applying CVar settings from Section [FoliageQuality@3] File [C:/Users/s191281/Documents/Omni/Guudo/Saved/Config/Windows/Scalability.ini]
[2020.07.22-06.30.18:795][  0]LogConfig: Setting CVar [[foliage.DensityScale:1.0]]
[2020.07.22-06.30.18:795][  0]LogConfig: Setting CVar [[grass.DensityScale:1.0]]
[2020.07.22-06.30.18:795][  0]LogInit: Selected Device Profile: [Windows]
[2020.07.22-06.30.18:795][  0]LogInit: Applying CVar settings loaded from the selected device profile: [Windows]
[2020.07.22-06.30.18:798][  0]LogHAL: Display: Platform has ~ 32 GB [34241368064 / 34359738368 / 32], which maps to Largest [LargestMinGB=32, LargerMinGB=12, DefaultMinGB=8, SmallerMinGB=6, SmallestMinGB=0)
[2020.07.22-06.30.18:798][  0]LogInit: Going up to parent DeviceProfile []
[2020.07.22-06.30.18:798][  0]LogConfig: Applying CVar settings from Section [ViewDistanceQuality@3] File [C:/Users/s191281/Documents/Omni/Guudo/Saved/Config/Windows/Scalability.ini]
[2020.07.22-06.30.18:798][  0]LogConfig: Setting CVar [[r.SkeletalMeshLODBias:0]]
[2020.07.22-06.30.18:798][  0]LogConfig: Setting CVar [[r.ViewDistanceScale:1.0]]
[2020.07.22-06.30.18:798][  0]LogConfig: Applying CVar settings from Section [AntiAliasingQuality@3] File [C:/Users/s191281/Documents/Omni/Guudo/Saved/Config/Windows/Scalability.ini]
[2020.07.22-06.30.18:798][  0]LogConfig: Setting CVar [[r.PostProcessAAQuality:4]]
[2020.07.22-06.30.18:798][  0]LogConfig: Applying CVar settings from Section [ShadowQuality@3] File [C:/Users/s191281/Documents/Omni/Guudo/Saved/Config/Windows/Scalability.ini]
[2020.07.22-06.30.18:798][  0]LogConfig: Setting CVar [[r.LightFunctionQuality:1]]
[2020.07.22-06.30.18:798][  0]LogConfig: Setting CVar [[r.ShadowQuality:5]]
[2020.07.22-06.30.18:798][  0]LogConfig: Setting CVar [[r.Shadow.CSM.MaxCascades:10]]
[2020.07.22-06.30.18:798][  0]LogConfig: Setting CVar [[r.Shadow.MaxResolution:2048]]
[2020.07.22-06.30.18:798][  0]LogConfig: Setting CVar [[r.Shadow.MaxCSMResolution:2048]]
[2020.07.22-06.30.18:798][  0]LogConfig: Setting CVar [[r.Shadow.RadiusThreshold:0.01]]
[2020.07.22-06.30.18:798][  0]LogConfig: Setting CVar [[r.Shadow.DistanceScale:1.0]]
[2020.07.22-06.30.18:798][  0]LogConfig: Setting CVar [[r.Shadow.CSM.TransitionScale:1.0]]
[2020.07.22-06.30.18:798][  0]LogConfig: Setting CVar [[r.Shadow.PreShadowResolutionFactor:1.0]]
[2020.07.22-06.30.18:798][  0]LogConfig: Setting CVar [[r.DistanceFieldShadowing:1]]
[2020.07.22-06.30.18:798][  0]LogConfig: Setting CVar [[r.DistanceFieldAO:1]]
[2020.07.22-06.30.18:798][  0]LogConfig: Setting CVar [[r.AOQuality:2]]
[2020.07.22-06.30.18:798][  0]LogConfig: Setting CVar [[r.VolumetricFog:1]]
[2020.07.22-06.30.18:799][  0]LogConfig: Setting CVar [[r.VolumetricFog.GridPixelSize:8]]
[2020.07.22-06.30.18:799][  0]LogConfig: Setting CVar [[r.VolumetricFog.GridSizeZ:128]]
[2020.07.22-06.30.18:799][  0]LogConfig: Setting CVar [[r.VolumetricFog.HistoryMissSupersampleCount:4]]
[2020.07.22-06.30.18:799][  0]LogConfig: Setting CVar [[r.LightMaxDrawDistanceScale:1]]
[2020.07.22-06.30.18:799][  0]LogConfig: Setting CVar [[r.CapsuleShadows:1]]
[2020.07.22-06.30.18:799][  0]LogConfig: Applying CVar settings from Section [PostProcessQuality@3] File [C:/Users/s191281/Documents/Omni/Guudo/Saved/Config/Windows/Scalability.ini]
[2020.07.22-06.30.18:799][  0]LogConfig: Setting CVar [[r.MotionBlurQuality:4]]
[2020.07.22-06.30.18:799][  0]LogConfig: Setting CVar [[r.AmbientOcclusionMipLevelFactor:0.4]]
[2020.07.22-06.30.18:799][  0]LogConfig: Setting CVar [[r.AmbientOcclusionMaxQuality:100]]
[2020.07.22-06.30.18:799][  0]LogConfig: Setting CVar [[r.AmbientOcclusionLevels:-1]]
[2020.07.22-06.30.18:799][  0]LogConfig: Setting CVar [[r.AmbientOcclusionRadiusScale:1.0]]
[2020.07.22-06.30.18:799][  0]LogConfig: Setting CVar [[r.DepthOfFieldQuality:2]]
[2020.07.22-06.30.18:799][  0]LogConfig: Setting CVar [[r.RenderTargetPoolMin:400]]
[2020.07.22-06.30.18:799][  0]LogConfig: Setting CVar [[r.LensFlareQuality:2]]
[2020.07.22-06.30.18:799][  0]LogConfig: Setting CVar [[r.SceneColorFringeQuality:1]]
[2020.07.22-06.30.18:799][  0]LogConfig: Setting CVar [[r.EyeAdaptationQuality:2]]
[2020.07.22-06.30.18:799][  0]LogConfig: Setting CVar [[r.BloomQuality:5]]
[2020.07.22-06.30.18:799][  0]LogConfig: Setting CVar [[r.FastBlurThreshold:100]]
[2020.07.22-06.30.18:799][  0]LogConfig: Setting CVar [[r.Upscale.Quality:3]]
[2020.07.22-06.30.18:799][  0]LogConfig: Setting CVar [[r.Tonemapper.GrainQuantization:1]]
[2020.07.22-06.30.18:799][  0]LogConfig: Setting CVar [[r.LightShaftQuality:1]]
[2020.07.22-06.30.18:799][  0]LogConfig: Setting CVar [[r.Filter.SizeScale:1]]
[2020.07.22-06.30.18:799][  0]LogConfig: Setting CVar [[r.Tonemapper.Quality:5]]
[2020.07.22-06.30.18:799][  0]LogConfig: Setting CVar [[r.DOF.Gather.AccumulatorQuality:1        ; higher gathering accumulator quality]]
[2020.07.22-06.30.18:799][  0]LogConfig: Setting CVar [[r.DOF.Gather.PostfilterMethod:1          ; Median3x3 postfilering method]]
[2020.07.22-06.30.18:799][  0]LogConfig: Setting CVar [[r.DOF.Gather.EnableBokehSettings:0       ; no bokeh simulation when gathering]]
[2020.07.22-06.30.18:799][  0]LogConfig: Setting CVar [[r.DOF.Gather.RingCount:4                 ; medium number of samples when gathering]]
[2020.07.22-06.30.18:799][  0]LogConfig: Setting CVar [[r.DOF.Scatter.ForegroundCompositing:1    ; additive foreground scattering]]
[2020.07.22-06.30.18:799][  0]LogConfig: Setting CVar [[r.DOF.Scatter.BackgroundCompositing:2    ; additive background scattering]]
[2020.07.22-06.30.18:799][  0]LogConfig: Setting CVar [[r.DOF.Scatter.EnableBokehSettings:1      ; bokeh simulation when scattering]]
[2020.07.22-06.30.18:799][  0]LogConfig: Setting CVar [[r.DOF.Scatter.MaxSpriteRatio:0.1         ; only a maximum of 10% of scattered bokeh]]
[2020.07.22-06.30.18:799][  0]LogConfig: Setting CVar [[r.DOF.Recombine.Quality:1                ; cheap slight out of focus]]
[2020.07.22-06.30.18:799][  0]LogConfig: Setting CVar [[r.DOF.Recombine.EnableBokehSettings:0    ; no bokeh simulation on slight out of focus]]
[2020.07.22-06.30.18:799][  0]LogConfig: Setting CVar [[r.DOF.TemporalAAQuality:1                ; more stable temporal accumulation]]
[2020.07.22-06.30.18:799][  0]LogConfig: Setting CVar [[r.DOF.Kernel.MaxForegroundRadius:0.025]]
[2020.07.22-06.30.18:799][  0]LogConfig: Setting CVar [[r.DOF.Kernel.MaxBackgroundRadius:0.025]]
[2020.07.22-06.30.18:799][  0]LogConfig: Applying CVar settings from Section [TextureQuality@3] File [C:/Users/s191281/Documents/Omni/Guudo/Saved/Config/Windows/Scalability.ini]
[2020.07.22-06.30.18:799][  0]LogConfig: Setting CVar [[r.Streaming.MipBias:0]]
[2020.07.22-06.30.18:799][  0]LogConfig: Setting CVar [[r.Streaming.AmortizeCPUToGPUCopy:0]]
[2020.07.22-06.30.18:799][  0]LogConfig: Setting CVar [[r.Streaming.MaxNumTexturesToStreamPerFrame:0]]
[2020.07.22-06.30.18:799][  0]LogConfig: Setting CVar [[r.Streaming.Boost:1]]
[2020.07.22-06.30.18:799][  0]LogConfig: Setting CVar [[r.MaxAnisotropy:8]]
[2020.07.22-06.30.18:799][  0]LogConfig: Setting CVar [[r.Streaming.LimitPoolSizeToVRAM:0]]
[2020.07.22-06.30.18:799][  0]LogConfig: Setting CVar [[r.Streaming.PoolSize:1000]]
[2020.07.22-06.30.18:799][  0]LogConfig: Setting CVar [[r.Streaming.MaxEffectiveScreenSize:0]]
[2020.07.22-06.30.18:799][  0]LogConfig: Applying CVar settings from Section [EffectsQuality@3] File [C:/Users/s191281/Documents/Omni/Guudo/Saved/Config/Windows/Scalability.ini]
[2020.07.22-06.30.18:799][  0]LogConfig: Setting CVar [[r.TranslucencyLightingVolumeDim:64]]
[2020.07.22-06.30.18:799][  0]LogConfig: Setting CVar [[r.RefractionQuality:2]]
[2020.07.22-06.30.18:799][  0]LogConfig: Setting CVar [[r.SSR.Quality:3]]
[2020.07.22-06.30.18:799][  0]LogConfig: Setting CVar [[r.SceneColorFormat:4]]
[2020.07.22-06.30.18:799][  0]LogConfig: Setting CVar [[r.DetailMode:2]]
[2020.07.22-06.30.18:799][  0]LogConfig: Setting CVar [[r.TranslucencyVolumeBlur:1]]
[2020.07.22-06.30.18:799][  0]LogConfig: Setting CVar [[r.MaterialQualityLevel:1 ; High quality]]
[2020.07.22-06.30.18:799][  0]LogConfig: Setting CVar [[r.SSS.Scale:1]]
[2020.07.22-06.30.18:799][  0]LogConfig: Setting CVar [[r.SSS.SampleSet:2]]
[2020.07.22-06.30.18:799][  0]LogConfig: Setting CVar [[r.SSS.Quality:1]]
[2020.07.22-06.30.18:799][  0]LogConfig: Setting CVar [[r.SSS.HalfRes:1]]
[2020.07.22-06.30.18:799][  0]LogConfig: Setting CVar [[r.EmitterSpawnRateScale:1.0]]
[2020.07.22-06.30.18:799][  0]LogConfig: Setting CVar [[r.ParticleLightQuality:2]]
[2020.07.22-06.30.18:799][  0]LogConfig: Applying CVar settings from Section [FoliageQuality@3] File [C:/Users/s191281/Documents/Omni/Guudo/Saved/Config/Windows/Scalability.ini]
[2020.07.22-06.30.18:799][  0]LogConfig: Setting CVar [[foliage.DensityScale:1.0]]
[2020.07.22-06.30.18:799][  0]LogConfig: Setting CVar [[grass.DensityScale:1.0]]
[2020.07.22-06.30.18:799][  0]LogConfig: Applying CVar settings from Section [Startup] File [../../../Engine/Config/ConsoleVariables.ini]
[2020.07.22-06.30.18:799][  0]LogConfig: Setting CVar [[net.UseAdaptiveNetUpdateFrequency:0]]
[2020.07.22-06.30.18:799][  0]LogConfig: Setting CVar [[p.chaos.AllowCreatePhysxBodies:1]]
[2020.07.22-06.30.18:799][  0]LogConfig: Applying CVar settings from Section [ConsoleVariables] File [C:/Users/s191281/Documents/Omni/Guudo/Saved/Config/Windows/Engine.ini]
[2020.07.22-06.30.18:800][  0]LogInit: Computer: SYD-19EF76
[2020.07.22-06.30.18:800][  0]LogInit: User: s191281
[2020.07.22-06.30.18:800][  0]LogInit: CPU Page size=4096, Cores=4
[2020.07.22-06.30.18:800][  0]LogInit: High frequency timer resolution =10.000000 MHz
[2020.07.22-06.30.18:800][  0]LogMemory: Memory total: Physical=31.9GB (32GB approx)
[2020.07.22-06.30.18:800][  0]LogMemory: Platform Memory Stats for Windows
[2020.07.22-06.30.18:800][  0]LogMemory: Process Physical Memory: 100.95 MB used, 100.95 MB peak
[2020.07.22-06.30.18:800][  0]LogMemory: Process Virtual Memory: 100.35 MB used, 100.35 MB peak
[2020.07.22-06.30.18:800][  0]LogMemory: Physical Memory: 11092.33 MB used,  21562.78 MB free, 32655.11 MB total
[2020.07.22-06.30.18:800][  0]LogMemory: Virtual Memory: 4668.43 MB used,  134213056.00 MB free, 134217728.00 MB total
[2020.07.22-06.30.18:803][  0]LogWindows: WindowsPlatformFeatures enabled
[2020.07.22-06.30.18:824][  0]LogInit: Using OS detected language (en-US).
[2020.07.22-06.30.18:824][  0]LogInit: Using OS detected locale (en-AU).
[2020.07.22-06.30.18:824][  0]LogTextLocalizationManager: No specific localization for 'en-US' exists, so the 'en' localization will be used.
[2020.07.22-06.30.18:996][  0]LogInit: Setting process to per monitor DPI aware
[2020.07.22-06.30.19:047][  0]LogSlate: New Slate User Created.  User Index 0, Is Virtual User: 0
[2020.07.22-06.30.19:047][  0]LogSlate: Slate User Registered.  User Index 0, Is Virtual User: 0
[2020.07.22-06.30.19:221][  0]LogHMD: Failed to initialize OpenVR with code 110
[2020.07.22-06.30.19:221][  0]LogD3D11RHI: D3D11 adapters:
[2020.07.22-06.30.19:289][  0]LogD3D11RHI:    0. 'NVIDIA GeForce GTX 770' (Feature Level 11_0)
[2020.07.22-06.30.19:289][  0]LogD3D11RHI:       2007/0/16327 MB DedicatedVideo/DedicatedSystem/SharedSystem, Outputs:2, VendorId:0x10de
[2020.07.22-06.30.19:295][  0]LogD3D11RHI:    1. 'Intel(R) HD Graphics 4600' (Feature Level 11_0)
[2020.07.22-06.30.19:295][  0]LogD3D11RHI:       112/0/2048 MB DedicatedVideo/DedicatedSystem/SharedSystem, Outputs:0, VendorId:0x8086
[2020.07.22-06.30.19:298][  0]LogD3D11RHI:    2. 'Microsoft Basic Render Driver' (Feature Level 11_0)
[2020.07.22-06.30.19:298][  0]LogD3D11RHI:       0/0/16327 MB DedicatedVideo/DedicatedSystem/SharedSystem, Outputs:0, VendorId:0x1414
[2020.07.22-06.30.19:298][  0]LogD3D11RHI: Chosen D3D11 Adapter: 0
[2020.07.22-06.30.19:304][  0]LogD3D11RHI: Creating new Direct3DDevice
[2020.07.22-06.30.19:305][  0]LogD3D11RHI:     GPU DeviceId: 0x1184 (for the marketing name, search the web for "GPU Device Id")
[2020.07.22-06.30.19:305][  0]LogWindows: EnumDisplayDevices:
[2020.07.22-06.30.19:305][  0]LogWindows:    0. 'NVIDIA GeForce GTX 770' (P:1 D:1)
[2020.07.22-06.30.19:305][  0]LogWindows:    1. 'NVIDIA GeForce GTX 770' (P:0 D:1)
[2020.07.22-06.30.19:305][  0]LogWindows:    2. 'NVIDIA GeForce GTX 770' (P:0 D:0)
[2020.07.22-06.30.19:305][  0]LogWindows:    3. 'NVIDIA GeForce GTX 770' (P:0 D:0)
[2020.07.22-06.30.19:305][  0]LogWindows:    4. 'Intel(R) HD Graphics 4600' (P:0 D:0)
[2020.07.22-06.30.19:306][  0]LogWindows:    5. 'Intel(R) HD Graphics 4600' (P:0 D:0)
[2020.07.22-06.30.19:306][  0]LogWindows:    6. 'Intel(R) HD Graphics 4600' (P:0 D:0)
[2020.07.22-06.30.19:306][  0]LogWindows: DebugString: PrimaryIsNotTheChoosenAdapter PrimaryIsNotTheChoosenAdapter PrimaryIsNotTheChoosenAdapter FoundDriverCount:4 
[2020.07.22-06.30.19:306][  0]LogD3D11RHI:     Adapter Name: NVIDIA GeForce GTX 770
[2020.07.22-06.30.19:306][  0]LogD3D11RHI:   Driver Version: 432.00 (internal:26.21.14.3200, unified:432.00)
[2020.07.22-06.30.19:306][  0]LogD3D11RHI:      Driver Date: 7-24-2019
[2020.07.22-06.30.19:306][  0]LogRHI: Texture pool is 1404 MB (70% of 2007 MB)
[2020.07.22-06.30.19:346][  0]LogD3D11RHI: Async texture creation enabled
[2020.07.22-06.30.19:360][  0]LogD3D11RHI: GPU Timing Frequency: 1000.000000 (Debug: 2 1)
[2020.07.22-06.30.19:638][  0]LogTemp: Display: Module 'AllDesktopTargetPlatform' loaded TargetPlatform 'AllDesktop'
[2020.07.22-06.30.19:648][  0]LogTemp: Display: Module 'MacClientTargetPlatform' loaded TargetPlatform 'MacClient'
[2020.07.22-06.30.19:659][  0]LogTemp: Display: Module 'MacNoEditorTargetPlatform' loaded TargetPlatform 'MacNoEditor'
[2020.07.22-06.30.19:670][  0]LogTemp: Display: Module 'MacServerTargetPlatform' loaded TargetPlatform 'MacServer'
[2020.07.22-06.30.19:679][  0]LogTemp: Display: Module 'MacTargetPlatform' loaded TargetPlatform 'Mac'
[2020.07.22-06.30.19:688][  0]LogTemp: Display: Module 'WindowsClientTargetPlatform' loaded TargetPlatform 'WindowsClient'
[2020.07.22-06.30.19:697][  0]LogTemp: Display: Module 'WindowsNoEditorTargetPlatform' loaded TargetPlatform 'WindowsNoEditor'
[2020.07.22-06.30.19:706][  0]LogTemp: Display: Module 'WindowsServerTargetPlatform' loaded TargetPlatform 'WindowsServer'
[2020.07.22-06.30.19:713][  0]LogTemp: Display: Module 'WindowsTargetPlatform' loaded TargetPlatform 'Windows'
[2020.07.22-06.30.19:746][  0]LogTemp: Display: Module 'AndroidTargetPlatform' loaded TargetPlatform 'Android'
[2020.07.22-06.30.19:746][  0]LogTemp: Display: Module 'AndroidTargetPlatform' loaded TargetPlatform 'Android_ASTC'
[2020.07.22-06.30.19:746][  0]LogTemp: Display: Module 'AndroidTargetPlatform' loaded TargetPlatform 'Android_ATC'
[2020.07.22-06.30.19:746][  0]LogTemp: Display: Module 'AndroidTargetPlatform' loaded TargetPlatform 'Android_DXT'
[2020.07.22-06.30.19:746][  0]LogTemp: Display: Module 'AndroidTargetPlatform' loaded TargetPlatform 'Android_ETC1'
[2020.07.22-06.30.19:746][  0]LogTemp: Display: Module 'AndroidTargetPlatform' loaded TargetPlatform 'Android_ETC1a'
[2020.07.22-06.30.19:746][  0]LogTemp: Display: Module 'AndroidTargetPlatform' loaded TargetPlatform 'Android_ETC2'
[2020.07.22-06.30.19:746][  0]LogTemp: Display: Module 'AndroidTargetPlatform' loaded TargetPlatform 'Android_PVRTC'
[2020.07.22-06.30.19:746][  0]LogTemp: Display: Module 'AndroidTargetPlatform' loaded TargetPlatform 'AndroidClient'
[2020.07.22-06.30.19:746][  0]LogTemp: Display: Module 'AndroidTargetPlatform' loaded TargetPlatform 'Android_ASTCClient'
[2020.07.22-06.30.19:746][  0]LogTemp: Display: Module 'AndroidTargetPlatform' loaded TargetPlatform 'Android_ATCClient'
[2020.07.22-06.30.19:746][  0]LogTemp: Display: Module 'AndroidTargetPlatform' loaded TargetPlatform 'Android_DXTClient'
[2020.07.22-06.30.19:746][  0]LogTemp: Display: Module 'AndroidTargetPlatform' loaded TargetPlatform 'Android_ETC1Client'
[2020.07.22-06.30.19:746][  0]LogTemp: Display: Module 'AndroidTargetPlatform' loaded TargetPlatform 'Android_ETC1aClient'
[2020.07.22-06.30.19:746][  0]LogTemp: Display: Module 'AndroidTargetPlatform' loaded TargetPlatform 'Android_ETC2Client'
[2020.07.22-06.30.19:746][  0]LogTemp: Display: Module 'AndroidTargetPlatform' loaded TargetPlatform 'Android_PVRTCClient'
[2020.07.22-06.30.19:746][  0]LogTemp: Display: Module 'AndroidTargetPlatform' loaded TargetPlatform 'Android_Multi'
[2020.07.22-06.30.19:746][  0]LogTemp: Display: Module 'AndroidTargetPlatform' loaded TargetPlatform 'Android_MultiClient'
[2020.07.22-06.30.19:748][  0]LogTemp: Display: Module 'HTML5TargetPlatform' loaded TargetPlatform 'HTML5'
[2020.07.22-06.30.19:765][  0]LogTemp: Display: Module 'IOSTargetPlatform' loaded TargetPlatform 'IOSClient'
[2020.07.22-06.30.19:765][  0]LogTemp: Display: Module 'IOSTargetPlatform' loaded TargetPlatform 'IOS'
[2020.07.22-06.30.19:778][  0]LogTemp: Display: Module 'TVOSTargetPlatform' loaded TargetPlatform 'TVOSClient'
[2020.07.22-06.30.19:778][  0]LogTemp: Display: Module 'TVOSTargetPlatform' loaded TargetPlatform 'TVOS'
[2020.07.22-06.30.19:785][  0]LogTemp: Display: Module 'LinuxClientTargetPlatform' loaded TargetPlatform 'LinuxClient'
[2020.07.22-06.30.19:792][  0]LogTemp: Display: Module 'LinuxNoEditorTargetPlatform' loaded TargetPlatform 'LinuxNoEditor'
[2020.07.22-06.30.19:799][  0]LogTemp: Display: Module 'LinuxServerTargetPlatform' loaded TargetPlatform 'LinuxServer'
[2020.07.22-06.30.19:806][  0]LogTemp: Display: Module 'LinuxTargetPlatform' loaded TargetPlatform 'Linux'
[2020.07.22-06.30.19:829][  0]LogTemp: Display: Module 'LuminTargetPlatform' loaded TargetPlatform 'Lumin'
[2020.07.22-06.30.19:830][  0]LogTemp: Display: Module 'LuminTargetPlatform' loaded TargetPlatform 'LuminClient'
[2020.07.22-06.30.19:830][  0]LogTargetPlatformManager: Display: Building Assets For Windows
[2020.07.22-06.30.19:839][  0]LogAudioDebug: Display: Lib vorbis DLL was dynamically loaded.
[2020.07.22-06.30.19:886][  0]LogShaderCompilers: Guid format shader working directory is -5 characters bigger than the processId version (../../../../../../Users/s191281/Documents/Omni/Guudo/Intermediate/Shaders/WorkingDirectory/16820/).
[2020.07.22-06.30.19:886][  0]LogShaderCompilers: Cleaned the shader compiler working directory 'C:/Users/s191281/AppData/Local/Temp/UnrealShaderWorkingDir/98D80D4649BA97D44E6052B6B55BE139/'.
[2020.07.22-06.30.19:888][  0]LogXGEController: Cannot use XGE Controller as Incredibuild is not installed on this machine.
[2020.07.22-06.30.19:889][  0]LogShaderCompilers: Cannot use XGE Shader Compiler as Incredibuild is not installed on this machine.
[2020.07.22-06.30.19:889][  0]LogShaderCompilers: Display: Using Local Shader Compiler.
[2020.07.22-06.30.20:490][  0]LogDerivedDataCache: Display: Max Cache Size: 512 MB
[2020.07.22-06.30.20:545][  0]LogDerivedDataCache: Loaded boot cache 0.05s 73MB C:/Users/s191281/AppData/Local/UnrealEngine/4.23/DerivedDataCache/Boot.ddc.
[2020.07.22-06.30.20:545][  0]LogDerivedDataCache: Display: Loaded Boot cache: C:/Users/s191281/AppData/Local/UnrealEngine/4.23/DerivedDataCache/Boot.ddc
[2020.07.22-06.30.20:545][  0]LogDerivedDataCache: FDerivedDataBackendGraph:  Pak pak cache file ../../../../../../Users/s191281/Documents/Omni/Guudo/DerivedDataCache/DDC.ddp not found, will not use a pak cache.
[2020.07.22-06.30.20:545][  0]LogDerivedDataCache: Unable to find inner node Pak for hierarchical cache Hierarchy.
[2020.07.22-06.30.20:545][  0]LogDerivedDataCache: FDerivedDataBackendGraph:  CompressedPak pak cache file ../../../../../../Users/s191281/Documents/Omni/Guudo/DerivedDataCache/Compressed.ddp not found, will not use a pak cache.
[2020.07.22-06.30.20:545][  0]LogDerivedDataCache: Unable to find inner node CompressedPak for hierarchical cache Hierarchy.
[2020.07.22-06.30.20:556][  0]LogDerivedDataCache: Display: Pak cache opened for reading ../../../Engine/DerivedDataCache/Compressed.ddp.
[2020.07.22-06.30.20:556][  0]LogDerivedDataCache: FDerivedDataBackendGraph:  EnterprisePak pak cache file ../../../Enterprise/DerivedDataCache/Compressed.ddp not found, will not use a pak cache.
[2020.07.22-06.30.20:556][  0]LogDerivedDataCache: Unable to find inner node EnterprisePak for hierarchical cache Hierarchy.
[2020.07.22-06.30.20:557][  0]LogDerivedDataCache: Using Local data cache path C:/Users/s191281/AppData/Local/UnrealEngine/Common/DerivedDataCache: Writable
[2020.07.22-06.30.20:557][  0]LogDerivedDataCache: Shared data cache path not found in *engine.ini, will not use an Shared cache.
[2020.07.22-06.30.20:557][  0]LogDerivedDataCache: Unable to find inner node Shared for hierarchical cache Hierarchy.
[2020.07.22-06.30.20:578][  0]LogMaterial: Verifying Global Shaders for PCD3D_SM5
[2020.07.22-06.30.20:581][  0]LogSlate: Using FreeType 2.6.0
[2020.07.22-06.30.20:581][  0]LogSlate: SlateFontServices - WITH_FREETYPE: 1, WITH_HARFBUZZ: 1
[2020.07.22-06.30.20:635][  0]LogAssetRegistry: FAssetRegistry took 0.0023 seconds to start up
[2020.07.22-06.30.20:899][  0]LogInit: Selected Device Profile: [Windows]
[2020.07.22-06.30.21:037][  0]LogMeshReduction: Using QuadricMeshReduction for automatic static mesh reduction
[2020.07.22-06.30.21:037][  0]LogMeshReduction: Using SimplygonMeshReduction for automatic skeletal mesh reduction
[2020.07.22-06.30.21:037][  0]LogMeshReduction: Using ProxyLODMeshReduction for automatic mesh merging
[2020.07.22-06.30.21:037][  0]LogMeshReduction: No distributed automatic mesh merging module available
[2020.07.22-06.30.21:037][  0]LogMeshMerging: No distributed automatic mesh merging module available
[2020.07.22-06.30.21:047][  0]LogNetVersion: Guudo 1.0.0, NetCL: 8386587, EngineNetVer: 11, GameNetVer: 0 (Checksum: 3768500497)
[2020.07.22-06.30.21:433][  0]LogPackageLocalizationCache: Processed 12 localized package path(s) for 1 prioritized culture(s) in 0.047416 seconds
[2020.07.22-06.30.21:439][  0]LogUObjectArray: 43444 objects as part of root set at end of initial load.
[2020.07.22-06.30.21:439][  0]LogUObjectAllocator: 7548648 out of 0 bytes used by permanent object pool.
[2020.07.22-06.30.21:439][  0]LogUObjectArray: CloseDisregardForGC: 0/0 objects in disregard for GC pool
[2020.07.22-06.30.22:222][  0]LogTcpMessaging: Initializing TcpMessaging bridge
[2020.07.22-06.30.22:225][  0]LogUdpMessaging: Initializing bridge on interface 0.0.0.0:0 to multicast group 230.0.0.1:6666.
[2020.07.22-06.30.22:281][  0]SourceControl: Source control is disabled
[2020.07.22-06.30.22:281][  0]SourceControl: Source control is disabled
[2020.07.22-06.30.22:282][  0]SourceControl: Source control is disabled
[2020.07.22-06.30.22:283][  0]SourceControl: Source control is disabled
[2020.07.22-06.30.22:365][  0]LogAndroidPermission: UAndroidPermissionCallbackProxy::GetInstance
[2020.07.22-06.30.22:475][  0]LogOcInput: OculusInput pre-init called
[2020.07.22-06.30.22:480][  0]LogWindows: Failed to load 'OVRPlugin.dll' (GetLastError=126)
[2020.07.22-06.30.22:481][  0]LogWindows: File 'OVRPlugin.dll' does not exist
[2020.07.22-06.30.22:543][  0]LogEngine: Initializing Engine...
[2020.07.22-06.30.22:544][  0]LogHMD: Failed to initialize OpenVR with code 110
[2020.07.22-06.30.22:544][  0]LogStats: UGameplayTagsManager::InitializeManager -  0.000 s
[2020.07.22-06.30.22:781][  0]LogInit: Initializing FReadOnlyCVARCache
[2020.07.22-06.30.22:795][  0]LogAIModule: Creating AISystem for world Untitled
[2020.07.22-06.30.22:816][  0]LogInit: XAudio2 using 'Speakers (Realtek High Definition Audio)' : 2 channels at 48 kHz using 32 bits per sample (channel mask 0x3)
[2020.07.22-06.30.22:840][  0]LogInit: FAudioDevice initialized.
[2020.07.22-06.30.22:840][  0]LogNetVersion: Set ProjectVersion to 1.0.0.0. Version Checksum will be recalculated on next use.
[2020.07.22-06.30.22:922][  0]LogDerivedDataCache: Saved boot cache 0.08s 73MB C:/Users/s191281/AppData/Local/UnrealEngine/4.23/DerivedDataCache/Boot.ddc.
[2020.07.22-06.30.22:931][  0]LogInit: Texture streaming: Enabled
[2020.07.22-06.30.22:947][  0]LogEngineSessionManager: EngineSessionManager initialized
[2020.07.22-06.30.22:947][  0]LogEditorSessionSummary: Verbose: Initializing EditorSessionSummaryWriter for editor session tracking
[2020.07.22-06.30.22:948][  0]LogEditorSessionSummary: EditorSessionSummaryWriter initialized
[2020.07.22-06.30.23:009][  0]LogInit: Transaction tracking system initialized
[2020.07.22-06.30.23:037][  0]BlueprintLog: New page: Editor Load
[2020.07.22-06.30.23:106][  0]LocalizationService: Localization service is disabled
[2020.07.22-06.30.23:328][  0]LogFileCache: Scanning file cache for directory 'C:/Users/s191281/Documents/Omni/Guudo/Content/' took 0.00s
[2020.07.22-06.30.23:328][  0]LogCook: Display: Max memory allowance for cook 16384mb min free memory 0mb
[2020.07.22-06.30.23:328][  0]LogCook: Display: Mobile HDR setting 1
[2020.07.22-06.30.23:489][  0]SourceControl: Source control is disabled
[2020.07.22-06.30.23:489][  0]Cmd: MAP LOAD FILE="../../../../../../Users/s191281/Documents/Omni/Guudo/Content/Levels/RichardTemplate.umap" TEMPLATE=0 SHOWPROGRESS=1 FEATURELEVEL=3
[2020.07.22-06.30.23:490][  0]LightingResults: New page: Lighting Build
[2020.07.22-06.30.23:492][  0]LogWorld: UWorld::CleanupWorld for Untitled, bSessionEnded=true, bCleanupResources=true
[2020.07.22-06.30.23:493][  0]MapCheck: New page: Map Check
[2020.07.22-06.30.23:493][  0]LightingResults: New page: Lighting Build
[2020.07.22-06.30.23:520][  0]LogUObjectHash: Compacting FUObjectHashTables data took   1.75ms
[2020.07.22-06.30.23:627][  0]LogAIModule: Creating AISystem for world RichardTemplate
[2020.07.22-06.30.23:632][  0]LogEditorServer: Finished looking for orphan Actors (0.000 secs)
[2020.07.22-06.30.23:656][  0]LogUObjectHash: Compacting FUObjectHashTables data took   2.01ms
[2020.07.22-06.30.23:656][  0]Cmd: MAP CHECKDEP NOCLEARLOG
[2020.07.22-06.30.23:657][  0]MapCheck: Map check complete: 0 Error(s), 0 Warning(s), took 0.195ms to complete.
[2020.07.22-06.30.23:657][  0]LogFileHelpers: Loading map 'RichardTemplate' took 0.167
[2020.07.22-06.30.23:779][  0]LogSlate: Updating window title bar state: overlay mode, drag disabled, window buttons hidden, title bar hidden
[2020.07.22-06.30.23:785][  0]LogSlate: Updating window title bar state: overlay mode, drag disabled, window buttons hidden, title bar hidden
[2020.07.22-06.30.23:792][  0]LogSlate: Updating window title bar state: overlay mode, drag disabled, window buttons hidden, title bar hidden
[2020.07.22-06.30.23:799][  0]LogSlate: Updating window title bar state: overlay mode, drag disabled, window buttons hidden, title bar hidden
[2020.07.22-06.30.23:805][  0]LogCollectionManager: Loaded 0 collections in 0.001569 seconds
[2020.07.22-06.30.23:810][  0]LogFileCache: Scanning file cache for directory 'C:/Users/s191281/Documents/Omni/Guudo/Saved/Collections/' took 0.00s
[2020.07.22-06.30.23:810][  0]LogFileCache: Scanning file cache for directory 'C:/Users/s191281/Documents/Omni/Guudo/Content/Developers/s191281/Collections/' took 0.00s
[2020.07.22-06.30.23:810][  0]LogFileCache: Scanning file cache for directory 'C:/Users/s191281/Documents/Omni/Guudo/Content/Collections/' took 0.00s
[2020.07.22-06.30.23:810][  0]LogCollectionManager: Rebuilt the GUID cache for 0 collections in 0.000002 seconds
[2020.07.22-06.30.23:818][  0]LogContentBrowser: Native class hierarchy populated in 0.0079 seconds. Added 2867 classes and 682 folders.
[2020.07.22-06.30.23:825][  0]LogContentBrowser: Native class hierarchy updated for 'WidgetCarousel' in 0.0003 seconds. Added 0 classes and 0 folders.
[2020.07.22-06.30.23:861][  0]LogContentBrowser: Native class hierarchy updated for 'AddContentDialog' in 0.0003 seconds. Added 0 classes and 0 folders.
[2020.07.22-06.30.23:868][  0]LogContentBrowser: Native class hierarchy updated for 'SceneOutliner' in 0.0003 seconds. Added 1 classes and 2 folders.
[2020.07.22-06.30.23:889][  0]LogSlate: Took 0.000199 seconds to synchronously load lazily loaded font '../../../Engine/Content/Slate/Fonts/Roboto-Regular.ttf' (155K)
[2020.07.22-06.30.23:891][  0]LogSlate: Took 0.000175 seconds to synchronously load lazily loaded font '../../../Engine/Content/Slate/Fonts/Roboto-Bold.ttf' (160K)
[2020.07.22-06.30.23:897][  0]LogSlate: Took 0.000184 seconds to synchronously load lazily loaded font '../../../Engine/Content/Editor/Slate/Fonts/FontAwesome.ttf' (139K)
[2020.07.22-06.30.23:967][  0]LogRenderer: Reallocating scene render targets to support 1056x556 Format 10 NumSamples 1 (Frame:1).
[2020.07.22-06.30.24:145][  0]LogContentBrowser: Native class hierarchy updated for 'HierarchicalLODOutliner' in 0.0003 seconds. Added 0 classes and 0 folders.
[2020.07.22-06.30.24:146][  0]LogLoad: (Engine Initialization) Total time: 6.38 seconds
[2020.07.22-06.30.24:146][  0]LogLoad: (Engine Initialization) Total Blueprint compile time: 0.00 seconds
[2020.07.22-06.30.24:195][  0]LogAssetRegistry: Asset discovery search completed in 3.5612 seconds
[2020.07.22-06.30.24:198][  0]LogCollectionManager: Rebuilt the object cache for 0 collections in 0.000004 seconds (found 0 objects)
[2020.07.22-06.30.24:198][  0]LogCollectionManager: Fixed up redirectors for 0 collections in 0.000046 seconds (updated 0 objects)
[2020.07.22-06.30.24:199][  0]LogContentStreaming: Texture pool size now 1000 MB
[2020.07.22-06.30.24:228][  0]LogSlate: Took 0.000204 seconds to synchronously load lazily loaded font '../../../Engine/Content/Slate/Fonts/Roboto-Light.ttf' (167K)
[2020.07.22-06.30.25:118][ 71]LogSlate: FSceneViewport::OnFocusLost() reason 0
[2020.07.22-06.30.25:174][ 76]LogSlate: Took 0.000160 seconds to synchronously load lazily loaded font '../../../Engine/Content/Slate/Fonts/Roboto-Light.ttf' (167K)
[2020.07.22-06.30.25:214][ 81]LogTemp: Repeating last play command: Selected Viewport
[2020.07.22-06.30.25:228][ 81]LogBlueprintUserMessages: Early PlayInEditor Detection: Level '/Game/Levels/RichardTemplate.RichardTemplate:PersistentLevel' has LevelScriptBlueprint '/Game/Levels/RichardTemplate.RichardTemplate:PersistentLevel.RichardTemplate' with GeneratedClass '/Game/Levels/RichardTemplate.RichardTemplate_C' with ClassGeneratedBy '/Game/Levels/RichardTemplate.RichardTemplate:PersistentLevel.RichardTemplate'
[2020.07.22-06.30.25:229][ 81]LogPlayLevel: PlayLevel: No blueprints needed recompiling
[2020.07.22-06.30.25:229][ 81]PIE: New page: PIE session: RichardTemplate (23 Jul 2020 2:30:25 am)
[2020.07.22-06.30.25:230][ 81]LogOnline: OSS: Creating online subsystem instance for: NULL
[2020.07.22-06.30.25:231][ 81]LogPlayLevel: Creating play world package: /Game/Levels/UEDPIE_0_RichardTemplate
[2020.07.22-06.30.25:233][ 81]LogPlayLevel: PIE: StaticDuplicateObject took: (0.002526s)
[2020.07.22-06.30.25:234][ 81]LogAIModule: Creating AISystem for world RichardTemplate
[2020.07.22-06.30.25:235][ 81]LogPlayLevel: PIE: World Init took: (0.001214s)
[2020.07.22-06.30.25:235][ 81]LogPlayLevel: PIE: Created PIE world by copying editor world from /Game/Levels/RichardTemplate.RichardTemplate to /Game/Levels/UEDPIE_0_RichardTemplate.RichardTemplate (0.003987s)
[2020.07.22-06.30.25:255][ 81]LogUObjectHash: Compacting FUObjectHashTables data took   1.33ms
[2020.07.22-06.30.25:266][ 81]LogInit: XAudio2 using 'Speakers (Realtek High Definition Audio)' : 2 channels at 48 kHz using 32 bits per sample (channel mask 0x3)
[2020.07.22-06.30.25:286][ 81]LogInit: FAudioDevice initialized.
[2020.07.22-06.30.25:313][ 81]LogLoad: Game class is 'GameMode_BP_C'
[2020.07.22-06.30.25:314][ 81]LogWorld: Bringing World /Game/Levels/UEDPIE_0_RichardTemplate.RichardTemplate up for play (max tick rate 0) at 2020.07.22-16.30.25
[2020.07.22-06.30.25:315][ 81]LogWorld: Bringing up level for play took: 0.000566
[2020.07.22-06.30.25:315][ 81]LogOnline: OSS: Creating online subsystem instance for: :Context_1
[2020.07.22-06.30.25:321][ 81]LogContentBrowser: Native class hierarchy updated for 'MovieSceneCapture' in 0.0003 seconds. Added 20 classes and 0 folders.
[2020.07.22-06.30.25:321][ 81]LogGameMode: Display: Match State Changed from EnteringMap to WaitingToStart
[2020.07.22-06.30.25:321][ 81]LogGameState: Match State Changed from EnteringMap to WaitingToStart
[2020.07.22-06.30.25:321][ 81]LogGameMode: Display: Match State Changed from WaitingToStart to InProgress
[2020.07.22-06.30.25:322][ 81]LogGameState: Match State Changed from WaitingToStart to InProgress
[2020.07.22-06.30.25:323][ 81]PIE: Play in editor start time for /Game/Levels/UEDPIE_0_RichardTemplate 0.72
[2020.07.22-06.30.25:323][ 81]LogBlueprintUserMessages: Late PlayInEditor Detection: Level '/Game/Levels/RichardTemplate.RichardTemplate:PersistentLevel' has LevelScriptBlueprint '/Game/Levels/RichardTemplate.RichardTemplate:PersistentLevel.RichardTemplate' with GeneratedClass '/Game/Levels/RichardTemplate.RichardTemplate_C' with ClassGeneratedBy '/Game/Levels/RichardTemplate.RichardTemplate:PersistentLevel.RichardTemplate'
[2020.07.22-06.31.24:145][123]LogEditorSessionSummary: EditorSessionSummary sent report. Type=Shutdown, SessionId={D117DFA6-420A-DC82-11F9-FA82195EFFF9}
[2020.07.22-06.31.24:146][123]LogEditorSessionSummary: EditorSessionSummary sent report. Type=Shutdown, SessionId={4374C8B9-41C9-E721-E901-848FF9A8B535}
[2020.07.22-06.31.57:472][120]LogBlueprintUserMessages: Early EndPlayMap Detection: Level '/Game/Levels/RichardTemplate.RichardTemplate:PersistentLevel' has LevelScriptBlueprint '/Game/Levels/RichardTemplate.RichardTemplate:PersistentLevel.RichardTemplate' with GeneratedClass '/Game/Levels/RichardTemplate.RichardTemplate_C' with ClassGeneratedBy '/Game/Levels/RichardTemplate.RichardTemplate:PersistentLevel.RichardTemplate'
[2020.07.22-06.31.57:472][120]LogSlate: Updating window title bar state: overlay mode, drag disabled, window buttons hidden, title bar hidden
[2020.07.22-06.31.57:472][120]LogWorld: BeginTearingDown for /Game/Levels/UEDPIE_0_RichardTemplate
[2020.07.22-06.31.57:472][120]LogWorld: UWorld::CleanupWorld for RichardTemplate, bSessionEnded=true, bCleanupResources=true
[2020.07.22-06.31.57:483][120]LogPlayLevel: Display: Shutting down PIE online subsystems
[2020.07.22-06.31.57:483][120]LogBlueprintUserMessages: Late EndPlayMap Detection: Level '/Game/Levels/RichardTemplate.RichardTemplate:PersistentLevel' has LevelScriptBlueprint '/Game/Levels/RichardTemplate.RichardTemplate:PersistentLevel.RichardTemplate' with GeneratedClass '/Game/Levels/RichardTemplate.RichardTemplate_C' with ClassGeneratedBy '/Game/Levels/RichardTemplate.RichardTemplate:PersistentLevel.RichardTemplate'
[2020.07.22-06.31.57:508][120]LogSlate: Updating window title bar state: overlay mode, drag disabled, window buttons hidden, title bar hidden
[2020.07.22-06.31.57:510][120]LogUObjectHash: Compacting FUObjectHashTables data took   1.68ms
[2020.07.22-06.31.57:574][124]LogPlayLevel: Display: Destroying online subsystem :Context_1
[2020.07.22-06.31.59:032][297]LogSlate: FSceneViewport::OnFocusLost() reason 2
[2020.07.22-06.31.59:970][393]LogSlate: FSceneViewport::OnFocusLost() reason 5
[2020.07.22-06.32.00:805][393]LogSlate: Only BGRA pngs, bmps or icos are supported in by External Image Picker
[2020.07.22-06.32.24:147][928]LogEditorSessionSummary: EditorSessionSummary sent report. Type=Shutdown, SessionId={ED7BAE31-48BE-6B3E-F99E-5E9426EE5B23}
[2020.07.22-06.32.37:662][336]LogSlate: Window 'Project Settings' being destroyed
[2020.07.22-06.32.37:668][336]LogSlate: Window 'Project Settings' being destroyed
[2020.07.22-06.32.39:431][498]LogSlate: FSceneViewport::OnFocusLost() reason 0
[2020.07.22-06.32.43:195][942]LogAssetEditorManager: Opening Asset editor for Class /Script/Guudo.PickupBase
[2020.07.22-06.34.14:555][208]LogSlate: FSceneViewport::OnFocusLost() reason 0
[2020.07.22-06.34.14:695][208]Candidate modules for hot reload:
[2020.07.22-06.34.14:695][208]  Guudo
[2020.07.22-06.34.14:696][208]Launching UnrealBuildTool... [C:/Program Files/Epic Games/UE_4.23/Engine/Binaries/DotNET/UnrealBuildTool.exe  -ModuleWithSuffix=Guudo,8014 Win64 Development -TargetType=Editor -Project="C:/Users/s191281/Documents/Omni/Guudo/Guudo.uproject" "C:/Users/s191281/Documents/Omni/Guudo/Guudo.uproject"  -IgnoreJunk]
[2020.07.22-06.34.14:697][208]Warning: Starting HotReload took  0.0s.
[2020.07.22-06.34.23:405][340]CompilerResultsLog: New page: Compilation - 23 Jul 2020 2:34:23 am
[2020.07.22-06.34.23:405][340]CompilerResultsLog: Using 'git status' to determine working set for adaptive non-unity build (C:\Users\s191281\Documents\Omni).
[2020.07.22-06.34.23:405][340]CompilerResultsLog: Parsing headers for GuudoEditor
[2020.07.22-06.34.23:405][340]CompilerResultsLog:   Running UnrealHeaderTool "C:\Users\s191281\Documents\Omni\Guudo\Guudo.uproject" "C:\Users\s191281\Documents\Omni\Guudo\Intermediate\Build\Win64\GuudoEditor\Development\GuudoEditor.uhtmanifest" -LogCmds="loginit warning, logexit warning, logdatabase error" -Unattended -WarningsAsErrors -installed
[2020.07.22-06.34.23:405][340]CompilerResultsLog: Reflection code generated for GuudoEditor in 6.0976918 seconds
[2020.07.22-06.34.23:405][340]CompilerResultsLog: Using Visual Studio 2019 14.24.28314 toolchain (C:\Program Files (x86)\Microsoft Visual Studio\2019\Enterprise\VC\Tools\MSVC\14.24.28314) and Windows 10.0.18362.0 SDK (C:\Program Files (x86)\Windows Kits\10).
[2020.07.22-06.34.23:405][340]CompilerResultsLog: Building 4 actions with 8 processes...
[2020.07.22-06.34.23:405][340]CompilerResultsLog:   [1/4] PickupBase.cpp
[2020.07.22-06.34.23:405][340]CompilerResultsLog:   [2/4] UE4Editor-Guudo-8014.lib
[2020.07.22-06.34.23:405][340]CompilerResultsLog:      Creating library C:\Users\s191281\Documents\Omni\Guudo\Intermediate\Build\Win64\UE4Editor\Development\Guudo\UE4Editor-Guudo-8014.lib and object C:\Users\s191281\Documents\Omni\Guudo\Intermediate\Build\Win64\UE4Editor\Development\Guudo\UE4Editor-Guudo-8014.exp
[2020.07.22-06.34.23:405][340]CompilerResultsLog:   [3/4] UE4Editor-Guudo-8014.dll
[2020.07.22-06.34.23:405][340]CompilerResultsLog:      Creating library C:\Users\s191281\Documents\Omni\Guudo\Intermediate\Build\Win64\UE4Editor\Development\Guudo\UE4Editor-Guudo-8014.suppressed.lib and object C:\Users\s191281\Documents\Omni\Guudo\Intermediate\Build\Win64\UE4Editor\Development\Guudo\UE4Editor-Guudo-8014.suppressed.exp
[2020.07.22-06.34.23:405][340]CompilerResultsLog:   [4/4] GuudoEditor.target
[2020.07.22-06.34.23:405][340]CompilerResultsLog: Total time in Parallel executor: 1.27 seconds
[2020.07.22-06.34.23:405][340]CompilerResultsLog: Total execution time: 8.44 seconds
[2020.07.22-06.34.23:405][340]LogMainFrame: MainFrame: Module compiling took 8.715 seconds
[2020.07.22-06.34.23:426][340]LogUObjectHash: Compacting FUObjectHashTables data took   0.65ms
[2020.07.22-06.34.24:877][340]LogWindows: Error: === Critical error: ===
[2020.07.22-06.34.24:877][340]LogWindows: Error: 
[2020.07.22-06.34.24:877][340]LogWindows: Error: Fatal error!
[2020.07.22-06.34.24:877][340]LogWindows: Error: 
[2020.07.22-06.34.24:877][340]LogWindows: Error: Unhandled Exception: EXCEPTION_ACCESS_VIOLATION reading address 0x00000098
[2020.07.22-06.34.24:877][340]LogWindows: Error: 
[2020.07.22-06.34.24:877][340]LogWindows: Error: [Callstack] 0x00007fff03844b97 UE4Editor-Guudo-8014.dll!APickupBase::APickupBase() [C:\Users\s191281\Documents\Omni\Guudo\Source\Guudo\PickupBase.cpp:13]
[2020.07.22-06.34.24:877][340]LogWindows: Error: [Callstack] 0x00007fff0cf64061 UE4Editor-HotReload.dll!UnknownFunction []
[2020.07.22-06.34.24:877][340]LogWindows: Error: [Callstack] 0x00007fff0cf5541a UE4Editor-HotReload.dll!UnknownFunction []
[2020.07.22-06.34.24:877][340]LogWindows: Error: [Callstack] 0x00007fff0cf5c48d UE4Editor-HotReload.dll!UnknownFunction []
[2020.07.22-06.34.24:877][340]LogWindows: Error: [Callstack] 0x00007fff0cf667d9 UE4Editor-HotReload.dll!UnknownFunction []
[2020.07.22-06.34.24:877][340]LogWindows: Error: [Callstack] 0x00007fff0cf66b64 UE4Editor-HotReload.dll!UnknownFunction []
[2020.07.22-06.34.24:877][340]LogWindows: Error: [Callstack] 0x00007fff0cf5f3d6 UE4Editor-HotReload.dll!UnknownFunction []
[2020.07.22-06.34.24:877][340]LogWindows: Error: [Callstack] 0x00007fff268cac0b UE4Editor-CoreUObject.dll!UnknownFunction []
[2020.07.22-06.34.24:877][340]LogWindows: Error: [Callstack] 0x00007fff26bd1be7 UE4Editor-CoreUObject.dll!UnknownFunction []
[2020.07.22-06.34.24:877][340]LogWindows: Error: [Callstack] 0x00007fff26bb2361 UE4Editor-CoreUObject.dll!UnknownFunction []
[2020.07.22-06.34.24:877][340]LogWindows: Error: [Callstack] 0x00007fff26ae4fd5 UE4Editor-CoreUObject.dll!UnknownFunction []
[2020.07.22-06.34.24:878][340]LogWindows: Error: [Callstack] 0x00007fff234083d7 UE4Editor-Core.dll!UnknownFunction []
[2020.07.22-06.34.24:878][340]LogWindows: Error: [Callstack] 0x00007fff23420ccb UE4Editor-Core.dll!UnknownFunction []
[2020.07.22-06.34.24:878][340]LogWindows: Error: [Callstack] 0x00007fff2341fe63 UE4Editor-Core.dll!UnknownFunction []
[2020.07.22-06.34.24:878][340]LogWindows: Error: [Callstack] 0x00007fff0cf5d5c3 UE4Editor-HotReload.dll!UnknownFunction []
[2020.07.22-06.34.24:878][340]LogWindows: Error: [Callstack] 0x00007fff0cf5b267 UE4Editor-HotReload.dll!UnknownFunction []
[2020.07.22-06.34.24:878][340]LogWindows: Error: [Callstack] 0x00007fff0cf5bc86 UE4Editor-HotReload.dll!UnknownFunction []
[2020.07.22-06.34.24:878][340]LogWindows: Error: [Callstack] 0x00007fff0cf6c48f UE4Editor-HotReload.dll!UnknownFunction []
[2020.07.22-06.34.24:878][340]LogWindows: Error: [Callstack] 0x00007fff231b382d UE4Editor-Core.dll!UnknownFunction []
[2020.07.22-06.34.24:878][340]LogWindows: Error: [Callstack] 0x00007ff64c74a93e UE4Editor.exe!UnknownFunction []
[2020.07.22-06.34.24:878][340]LogWindows: Error: [Callstack] 0x00007ff64c75a91c UE4Editor.exe!UnknownFunction []
[2020.07.22-06.34.24:878][340]LogWindows: Error: [Callstack] 0x00007ff64c75a9fa UE4Editor.exe!UnknownFunction []
[2020.07.22-06.34.24:878][340]LogWindows: Error: [Callstack] 0x00007ff64c76b92c UE4Editor.exe!UnknownFunction []
[2020.07.22-06.34.24:878][340]LogWindows: Error: [Callstack] 0x00007ff64c76e60e UE4Editor.exe!UnknownFunction []
[2020.07.22-06.34.24:878][340]LogWindows: Error: [Callstack] 0x00007fff79a87bd4 KERNEL32.DLL!UnknownFunction []
[2020.07.22-06.34.24:878][340]LogWindows: Error: [Callstack] 0x00007fff7b16ced1 ntdll.dll!UnknownFunction []
[2020.07.22-06.34.24:878][340]LogWindows: Error: 
[2020.07.22-06.34.24:901][340]LogExit: Executing StaticShutdownAfterError
[2020.07.22-06.34.24:905][340]LogWindows: FPlatformMisc::RequestExit(1)
[2020.07.22-06.34.24:914][340]Log file closed, 07/22/20 16:34:24
